#
# A fatal error has been detected by the Java Runtime Environment:
#
#  EXCEPTION_ACCESS_VIOLATION (0xc0000005) at pc=0x00007ff81d2e03d4, pid=14260, tid=13888
#
# JRE version: OpenJDK Runtime Environment Temurin-21.0.9+10 (21.0.9+10) (build 21.0.9+10-LTS)
# Java VM: OpenJDK 64-Bit Server VM Temurin-21.0.9+10 (21.0.9+10-LTS, mixed mode, sharing, tiered, compressed oops, compressed class ptrs, parallel gc, windows-amd64)
# Problematic frame:
# V  [jvm.dll+0x2f03d4]
#
# No core dump will be written. Minidumps are not enabled by default on client versions of Windows
#
# If you would like to submit a bug report, please visit:
#   https://github.com/adoptium/adoptium-support/issues
#

---------------  S U M M A R Y ------------

Command Line: --add-modules=ALL-SYSTEM --add-opens=java.base/java.util=ALL-UNNAMED --add-opens=java.base/java.lang=ALL-UNNAMED --add-opens=java.base/sun.nio.fs=ALL-UNNAMED -Declipse.application=org.eclipse.jdt.ls.core.id1 -Dosgi.bundles.defaultStartLevel=4 -Declipse.product=org.eclipse.jdt.ls.core.product -Djava.import.generatesMetadataFilesAtProjectRoot=true -DDetectVMInstallationsJob.disabled=true -Dfile.encoding=utf8 -XX:+UseParallelGC -XX:GCTimeRatio=4 -XX:AdaptiveSizePolicyWeight=90 -Dsun.zip.disableMemoryMapping=true -Xmx4G -Xms100m -Xlog:disable -javaagent:c:\Users\user\.antigravity\extensions\redhat.java-1.50.0-win32-x64\lombok\lombok-1.18.39-4050.jar -XX:+HeapDumpOnOutOfMemoryError -XX:HeapDumpPath=c:\Users\user\AppData\Roaming\Antigravity\User\workspaceStorage\f601d289a7636e24eb0dfe17bcea24fd\redhat.java -Daether.dependencyCollector.impl=bf c:\Users\user\.antigravity\extensions\redhat.java-1.50.0-win32-x64\server\plugins\org.eclipse.equinox.launcher_1.7.100.v20251111-0406.jar -configuration c:\Users\user\AppData\Roaming\Antigravity\User\globalStorage\redhat.java\1.50.0\config_win -data c:\Users\user\AppData\Roaming\Antigravity\User\workspaceStorage\f601d289a7636e24eb0dfe17bcea24fd\redhat.java\jdt_ws --pipe=\\.\pipe\lsp-53f6bc99ef72d60387b06809f5897865-sock

Host: AMD Ryzen 5 3550H with Radeon Vega Mobile Gfx  , 8 cores, 29G,  Windows 10 , 64 bit Build 17763 (10.0.17763.7009)
Time: Thu Dec  4 19:46:23 2025 RTZ 3 (зима) elapsed time: 84942.810804 seconds (0d 23h 35m 42s)

---------------  T H R E A D  ---------------

Current thread (0x00000234144cce80):  JavaThread "C2 CompilerThread0" daemon [_thread_in_vm, id=13888, stack(0x0000008d26800000,0x0000008d26900000) (1024K)]


Current CompileTask:
C2:84942811 32980   !   4       java.nio.file.spi.FileSystemProvider::exists (42 bytes)

Stack: [0x0000008d26800000,0x0000008d26900000],  sp=0x0000008d268fd3c0,  free space=1012k
Native frames: (J=compiled Java code, j=interpreted, Vv=VM code, C=native code)
V  [jvm.dll+0x2f03d4]
V  [jvm.dll+0x2f0282]
V  [jvm.dll+0x82aabc]
V  [jvm.dll+0x1ec0fd]
V  [jvm.dll+0x205cf9]
V  [jvm.dll+0x1f50c0]
V  [jvm.dll+0x1fe6d6]
V  [jvm.dll+0x1fee3f]
V  [jvm.dll+0x1ec78e]
V  [jvm.dll+0x1ec370]
V  [jvm.dll+0x207452]
V  [jvm.dll+0x20bf97]
V  [jvm.dll+0x209e83]
V  [jvm.dll+0x20c37a]
V  [jvm.dll+0x20bbf0]
V  [jvm.dll+0x20ca32]
V  [jvm.dll+0x20be6e]
V  [jvm.dll+0x1f6910]
V  [jvm.dll+0x1499d5]
V  [jvm.dll+0x1ccc96]
V  [jvm.dll+0x24afb1]
V  [jvm.dll+0x1cb13e]
V  [jvm.dll+0x25b29d]
V  [jvm.dll+0x25982a]
V  [jvm.dll+0x3f7ea6]
V  [jvm.dll+0x85e9ad]
V  [jvm.dll+0x6d565d]
C  [ucrtbase.dll+0x2268a]
C  [KERNEL32.DLL+0x17ac4]
C  [ntdll.dll+0x5a8c1]


siginfo: EXCEPTION_ACCESS_VIOLATION (0xc0000005), reading address 0xffffffffffffffff


Registers:
RAX=0x000002341a48fca0, RBX=0x00000233d3562088, RCX=0x200002341a48fc80, RDX=0x00000233d30c8620
RSP=0x0000008d268fd3c0, RBP=0x00000233b53c09c0, RSI=0x0000000000000000, RDI=0x00000234144cce80
R8 =0x00000233b6e07ae8, R9 =0x0000000000000000, R10=0x000000000000001b, R11=0x0000008d268fd440
R12=0x00007ff81dcd1740, R13=0x0000008d268ff3e0, R14=0x0000000000000000, R15=0x0000000000000001
RIP=0x00007ff81d2e03d4, EFLAGS=0x0000000000010206

XMM[0]=0x3b3b3b3b3b3b3b3b 0x3b3b3b3b3b3b3b3b
XMM[1]=0x0000000000000000 0x0000000000ff0000
XMM[2]=0x00000234144d1650 0x000002341d3f3648
XMM[3]=0x0000000000000000 0x0000000000000000
XMM[4]=0x0000000000000000 0x0000000000000000
XMM[5]=0x000002341d3f3648 0x000002341d3f34a8
XMM[6]=0x0000000000000000 0x0000000045ccc000
XMM[7]=0x0000000000000000 0x0000000000000000
XMM[8]=0x0000000000000000 0x0000000000000000
XMM[9]=0x0000000000000000 0x0000000000000000
XMM[10]=0x0000000000000000 0x0000000000000000
XMM[11]=0x0000000000000000 0x0000000000000000
XMM[12]=0x0000000000000000 0x0000000000000000
XMM[13]=0x0000000000000000 0x0000000000000000
XMM[14]=0x0000000000000000 0x0000000000000000
XMM[15]=0x0000000000000000 0x0000000000000000
  MXCSR=0x00001fb2


Register to memory mapping:

RAX=0x000002341a48fca0 points into unknown readable memory: 0x000002341472caa0 | a0 ca 72 14 34 02 00 00
RBX=0x00000233d3562088 is pointing into metadata
RCX=0x200002341a48fc80 is an unknown value
RDX=0x00000233d30c8620 is a pointer to class: 
java.nio.charset.CoderResult {0x00000233d30c8628}
 - instance size:     3
 - klass size:        72
 - access:            public synchronized 
 - flags:             rewritten has_nonstatic_fields is_shared_boot_class 
 - state:             fully_initialized
 - name:              'java/nio/charset/CoderResult'
 - super:             'java/lang/Object'
 - sub:               
 - arrays:            'java/nio/charset/CoderResult'[]
 - methods:           Array<T>(0x00000233d371fdc8)
 - method ordering:   Array<T>(0x00000233d3720118)
 - local interfaces:  Array<T>(0x00000233d3611600)
 - trans. interfaces: Array<T>(0x00000233d3611600)
 - secondary supers: Array<T>(0x00000233d3611150)
 - hash_slot:         18
 - bitmap:            0x0000000000000000
 - constants:         constant pool [198]/operands[14] {0x00000233d371f438} for 'java/nio/charset/CoderResult' cache=0x00000233d30c8988
 - class loader data:  loader data: 0x00000233b6e00370 of 'bootstrap'
 - inner classes:     Array<T>(0x00000233d371fda8)
 - nest members:     Array<T>(0x00000233d37201b0)
 - permitted subclasses:     Array<T>(0x00000233d3611588)
 - java mirror:       a 'java/lang/Class'{0x000000070036e9f0} = 'java/nio/charset/CoderResult'
 - vtable length      12  (start addr: 0x00000233d30c87f0)
 - itable length      2 (start addr: 0x00000233d30c8850)
 - ---- static fields (6 words):
 - private static final 'CR_UNDERFLOW' 'I' @132 
 - private static final 'CR_OVERFLOW' 'I' @136 
 - private static final 'CR_ERROR_MIN' 'I' @140 
 - private static final 'CR_MALFORMED' 'I' @144 
 - private static final 'CR_UNMAPPABLE' 'I' @148 
 - private static final 'names' '[Ljava/lang/String;' @112 
 - public static final 'UNDERFLOW' 'Ljava/nio/charset/CoderResult;' @116 
 - public static final 'OVERFLOW' 'Ljava/nio/charset/CoderResult;' @120 
 - private static final 'malformed4' '[Ljava/nio/charset/CoderResult;' @124 
 - private static final 'unmappable4' '[Ljava/nio/charset/CoderResult;' @128 
 - static final synthetic '$assertionsDisabled' 'Z' @152 
 - ---- non-static fields (2 words):
 - private final 'type' 'I' @12 
 - private final 'length' 'I' @16 
 - non-static oop maps: 
RSP=0x0000008d268fd3c0 is pointing into the stack for thread: 0x00000234144cce80
RBP=0x00000233b53c09c0 points into unknown readable memory: 0x0000000000000000 | 00 00 00 00 00 00 00 00
RSI=0x0 is null
RDI=0x00000234144cce80 is a thread
R8 =0x00000233b6e07ae8 points into unknown readable memory: 0x000002341aa14dd0 | d0 4d a1 1a 34 02 00 00
R9 =0x0 is null
R10=0x000000000000001b is an unknown value
R11=0x0000008d268fd440 is pointing into the stack for thread: 0x00000234144cce80
R12=0x00007ff81dcd1740 jvm.dll
R13=0x0000008d268ff3e0 is pointing into the stack for thread: 0x00000234144cce80
R14=0x0 is null
R15=0x0000000000000001 is an unknown value

Top of Stack: (sp=0x0000008d268fd3c0)
0x0000008d268fd3c0:   00000000c8b52252 00000233d3564c90
0x0000008d268fd3d0:   0000000000000018 00000233d3269138
0x0000008d268fd3e0:   00000234144cce80 00007ff81d2e0282
0x0000008d268fd3f0:   0000000000000000 00000233d3564c88
0x0000008d268fd400:   0000000000000000 0000000000000000
0x0000008d268fd410:   0000000000000000 00007ff81d81aabc
0x0000008d268fd420:   0000000000000000 0000000000000000
0x0000008d268fd430:   0000000000000000 00000233d3564c88
0x0000008d268fd440:   00000233d3564c88 0000001b00000001
0x0000008d268fd450:   000000010000001b 000000000000000c
0x0000008d268fd460:   00000233d3562088 0000000000000000
0x0000008d268fd470:   0000008d268fd5f0 000002341d3f3280
0x0000008d268fd480:   0000000000000000 00007ff81d1dc0fd
0x0000008d268fd490:   00000234144cce80 0000000000000000
0x0000008d268fd4a0:   0000000000000000 00000233d3564c88
0x0000008d268fd4b0:   0000008d268fd550 00007ff81d1f7d2a
0x0000008d268fd4c0:   000000003a44c9f8 00000233d35620c3
0x0000008d268fd4d0:   000000000000001b 000000000000000c
0x0000008d268fd4e0:   0000008d268ff3e0 00007ff81d1ef031
0x0000008d268fd4f0:   0000000000000001 00000233b6fdbd00
0x0000008d268fd500:   000002341b204c40 000002341b200f80
0x0000008d268fd510:   000002341d3f61c0 00007ff81d1f5cf9
0x0000008d268fd520:   0000008d268fd5f0 000002341b208f68
0x0000008d268fd530:   0000008d268ff3e0 000002341d3f6258
0x0000008d268fd540:   0000000000000000 000002341d3f3280
0x0000008d268fd550:   00000233d35620a8 0000003000000015
0x0000008d268fd560:   0000000100000032 000000010000000d
0x0000008d268fd570:   00000233d3564c88 0000000000000000
0x0000008d268fd580:   0000008d268fd650 00000234144cd920
0x0000008d268fd590:   0000008d268ff3e0 0000000000000020
0x0000008d268fd5a0:   000002341d3f61a0 000002341d3f60e0
0x0000008d268fd5b0:   0000008d268fd650 0000000000000000 

Instructions: (pc=0x00007ff81d2e03d4)
0x00007ff81d2e02d4:   e8 17 00 00 00 48 85 c0 74 08 48 8b 00 48 83 c4
0x00007ff81d2e02e4:   28 c3 48 83 c4 28 c3 cc cc cc cc cc 48 89 5c 24
0x00007ff81d2e02f4:   08 48 89 6c 24 10 48 89 74 24 18 48 89 7c 24 20
0x00007ff81d2e0304:   41 56 48 83 ec 20 48 8b b2 a8 01 00 00 45 33 f6
0x00007ff81d2e0314:   48 8b 69 08 49 8b d8 48 8b fa 48 8b c6 40 f6 c6
0x00007ff81d2e0324:   01 75 0b 48 8b 05 c2 46 9b 00 48 83 c8 01 48 89
0x00007ff81d2e0334:   82 a8 01 00 00 e8 f2 6c 3d 00 90 48 8b 45 50 48
0x00007ff81d2e0344:   85 c0 74 0a 4c 89 75 50 e8 df 6c 3d 00 90 8b 0b
0x00007ff81d2e0354:   0f b6 43 07 0f b6 53 06 48 c1 e2 08 48 0b d0 c1
0x00007ff81d2e0364:   e9 10 0f b7 43 04 48 c1 e0 08 48 33 d0 48 8b c3
0x00007ff81d2e0374:   48 83 e0 f8 48 c1 e2 03 48 33 d0 0f b7 c1 81 e2
0x00007ff81d2e0384:   ff ff 07 00 48 c1 e2 0d 48 0b d0 48 8b 45 10 48
0x00007ff81d2e0394:   8b 48 18 48 8b 00 48 23 ca 4c 8d 04 c8 48 8b 04
0x00007ff81d2e03a4:   c8 d0 e8 a8 01 74 12 48 8b 45 18 48 8b 48 18 48
0x00007ff81d2e03b4:   8b 00 48 23 ca 4c 8d 04 c8 49 8b 00 48 83 e0 fc
0x00007ff81d2e03c4:   74 1f 66 66 0f 1f 84 00 00 00 00 00 48 8b 48 08
0x00007ff81d2e03d4:   48 8b 11 48 39 5a 18 74 08 48 8b 00 48 85 c0 75
0x00007ff81d2e03e4:   eb 48 85 c0 48 8d 48 08 49 0f 44 ce 48 85 c9 74
0x00007ff81d2e03f4:   05 48 8b 01 eb 03 49 8b c6 48 8b 5c 24 30 48 8b
0x00007ff81d2e0404:   6c 24 38 48 89 b7 a8 01 00 00 48 8b 74 24 40 48
0x00007ff81d2e0414:   8b 7c 24 48 48 83 c4 20 41 5e c3 cc 4d 3b c1 0f
0x00007ff81d2e0424:   83 fc 01 00 00 48 8b c4 4c 89 48 20 55 41 55 41
0x00007ff81d2e0434:   57 48 83 ec 60 48 89 58 08 4d 8b e8 48 89 70 e0
0x00007ff81d2e0444:   4c 8b fa 48 89 78 d8 48 8b e9 4c 89 60 d0 4c 89
0x00007ff81d2e0454:   70 c8 66 66 0f 1f 84 00 00 00 00 00 48 8b 45 10
0x00007ff81d2e0464:   48 8b 08 4a 8d 3c e9 33 db 0f 1f 00 48 8b 07 a8
0x00007ff81d2e0474:   01 75 15 48 8b 07 48 83 e0 fc 48 8b c8 48 83 c9
0x00007ff81d2e0484:   01 f0 48 0f b1 0f 74 18 ff c3 81 fb 00 20 00 00
0x00007ff81d2e0494:   75 07 e8 05 26 3e 00 eb ce e8 8e f4 d1 ff eb cc
0x00007ff81d2e04a4:   48 8b 45 10 4c 8b 60 10 48 8b 07 4d 03 e5 48 8b
0x00007ff81d2e04b4:   4d 18 4e 8d 04 e5 00 00 00 00 4c 89 44 24 30 48
0x00007ff81d2e04c4:   8b 11 4a 89 04 ea 48 8b 07 48 8b 4d 18 48 8b 11 


Stack slot to memory mapping:

stack at sp + 0 slots: 0x00000000c8b52252 is an unknown value
stack at sp + 1 slots: 0x00000233d3564c90 is pointing into metadata
stack at sp + 2 slots: 0x0000000000000018 is an unknown value
stack at sp + 3 slots: {method} {0x00000233d3269140} 'checkAccess' '(Ljava/nio/file/Path;[Ljava/nio/file/AccessMode;)V' in 'java/nio/file/spi/FileSystemProvider'
stack at sp + 4 slots: 0x00000234144cce80 is a thread
stack at sp + 5 slots: 0x00007ff81d2e0282 jvm.dll
stack at sp + 6 slots: 0x0 is null
stack at sp + 7 slots: 0x00000233d3564c88 is pointing into metadata


---------------  P R O C E S S  ---------------

Threads class SMR info:
_java_thread_list=0x000002341b49c280, length=49, elements={
0x00000233b53d2540, 0x00000233b6fd6cf0, 0x00000233b6fd8d50, 0x00000233b6fdd160,
0x00000233b6fdde30, 0x00000233b6fde880, 0x00000234144cc100, 0x00000234144cce80,
0x00000234144fee10, 0x00000234146cd100, 0x000002341a03d1e0, 0x000002341a0949e0,
0x000002341a9ca510, 0x000002341a82f400, 0x000002341a9bef10, 0x000002341aecc4c0,
0x000002341a9920c0, 0x000002341acdb4e0, 0x000002341ad52960, 0x000002341bc224b0,
0x000002341bc24580, 0x000002341bc23860, 0x000002341bc22b40, 0x000002341bddd1b0,
0x000002341bdde560, 0x000002341bddf910, 0x000002341bddf280, 0x000002341bddebf0,
0x000002341bddc490, 0x000002341bddded0, 0x000002341bddd840, 0x000002341a2895a0,
0x000002341a286e40, 0x0000023428470010, 0x000002342846ec60, 0x000002342846f2f0,
0x000002341a2874d0, 0x000002341a288880, 0x000002341bdd9bb0, 0x0000023428469da0,
0x000002342846aac0, 0x000002342846c500, 0x000002341a2881f0, 0x000002341a289c30,
0x000002341a2867b0, 0x000002341a285a90, 0x000002341a28a950, 0x000002341a28b670,
0x000002341a28bd00
}

Java Threads: ( => current thread )
  0x00000233b53d2540 JavaThread "main"                              [_thread_blocked, id=11184, stack(0x0000008d25e00000,0x0000008d25f00000) (1024K)]
  0x00000233b6fd6cf0 JavaThread "Reference Handler"          daemon [_thread_blocked, id=3872, stack(0x0000008d26200000,0x0000008d26300000) (1024K)]
  0x00000233b6fd8d50 JavaThread "Finalizer"                  daemon [_thread_blocked, id=13604, stack(0x0000008d26300000,0x0000008d26400000) (1024K)]
  0x00000233b6fdd160 JavaThread "Signal Dispatcher"          daemon [_thread_blocked, id=10956, stack(0x0000008d26400000,0x0000008d26500000) (1024K)]
  0x00000233b6fdde30 JavaThread "Attach Listener"            daemon [_thread_blocked, id=13436, stack(0x0000008d26500000,0x0000008d26600000) (1024K)]
  0x00000233b6fde880 JavaThread "Service Thread"             daemon [_thread_blocked, id=10544, stack(0x0000008d26600000,0x0000008d26700000) (1024K)]
  0x00000234144cc100 JavaThread "Monitor Deflation Thread"   daemon [_thread_blocked, id=13652, stack(0x0000008d26700000,0x0000008d26800000) (1024K)]
=>0x00000234144cce80 JavaThread "C2 CompilerThread0"         daemon [_thread_in_vm, id=13888, stack(0x0000008d26800000,0x0000008d26900000) (1024K)]
  0x00000234144fee10 JavaThread "C1 CompilerThread0"         daemon [_thread_blocked, id=11516, stack(0x0000008d26900000,0x0000008d26a00000) (1024K)]
  0x00000234146cd100 JavaThread "Common-Cleaner"             daemon [_thread_blocked, id=6920, stack(0x0000008d26a00000,0x0000008d26b00000) (1024K)]
  0x000002341a03d1e0 JavaThread "Notification Thread"        daemon [_thread_blocked, id=13732, stack(0x0000008d26b00000,0x0000008d26c00000) (1024K)]
  0x000002341a0949e0 JavaThread "Active Thread: Equinox Container: 2a04caf6-d7c6-4726-87ae-4d658725dd9d"        [_thread_blocked, id=4532, stack(0x0000008d27500000,0x0000008d27600000) (1024K)]
  0x000002341a9ca510 JavaThread "Refresh Thread: Equinox Container: 2a04caf6-d7c6-4726-87ae-4d658725dd9d" daemon [_thread_blocked, id=13172, stack(0x0000008d27600000,0x0000008d27700000) (1024K)]
  0x000002341a82f400 JavaThread "Framework Event Dispatcher: Equinox Container: 2a04caf6-d7c6-4726-87ae-4d658725dd9d" daemon [_thread_blocked, id=10496, stack(0x0000008d27800000,0x0000008d27900000) (1024K)]
  0x000002341a9bef10 JavaThread "Start Level: Equinox Container: 2a04caf6-d7c6-4726-87ae-4d658725dd9d" daemon [_thread_blocked, id=12852, stack(0x0000008d27900000,0x0000008d27a00000) (1024K)]
  0x000002341aecc4c0 JavaThread "Bundle File Closer"         daemon [_thread_blocked, id=4828, stack(0x0000008d27a00000,0x0000008d27b00000) (1024K)]
  0x000002341a9920c0 JavaThread "SCR Component Actor"        daemon [_thread_blocked, id=13616, stack(0x0000008d26d00000,0x0000008d26e00000) (1024K)]
  0x000002341acdb4e0 JavaThread "Worker-JM"                         [_thread_blocked, id=2736, stack(0x0000008d27400000,0x0000008d27500000) (1024K)]
  0x000002341ad52960 JavaThread "JNA Cleaner"                daemon [_thread_blocked, id=13260, stack(0x0000008d27c00000,0x0000008d27d00000) (1024K)]
  0x000002341bc224b0 JavaThread "Java indexing"              daemon [_thread_blocked, id=3776, stack(0x0000008d28000000,0x0000008d28100000) (1024K)]
  0x000002341bc24580 JavaThread "Thread-1"                   daemon [_thread_in_native, id=12844, stack(0x0000008d28300000,0x0000008d28400000) (1024K)]
  0x000002341bc23860 JavaThread "Thread-2"                   daemon [_thread_in_native, id=2348, stack(0x0000008d28400000,0x0000008d28500000) (1024K)]
  0x000002341bc22b40 JavaThread "Thread-3"                   daemon [_thread_in_native, id=13540, stack(0x0000008d28500000,0x0000008d28600000) (1024K)]
  0x000002341bddd1b0 JavaThread "Thread-4"                   daemon [_thread_in_native, id=13264, stack(0x0000008d28600000,0x0000008d28700000) (1024K)]
  0x000002341bdde560 JavaThread "Thread-5"                   daemon [_thread_in_native, id=3768, stack(0x0000008d28700000,0x0000008d28800000) (1024K)]
  0x000002341bddf910 JavaThread "Thread-6"                   daemon [_thread_in_native, id=8460, stack(0x0000008d28800000,0x0000008d28900000) (1024K)]
  0x000002341bddf280 JavaThread "Thread-7"                   daemon [_thread_in_native, id=12476, stack(0x0000008d28900000,0x0000008d28a00000) (1024K)]
  0x000002341bddebf0 JavaThread "Thread-8"                   daemon [_thread_in_native, id=14240, stack(0x0000008d28a00000,0x0000008d28b00000) (1024K)]
  0x000002341bddc490 JavaThread "Thread-9"                   daemon [_thread_in_native, id=8204, stack(0x0000008d28b00000,0x0000008d28c00000) (1024K)]
  0x000002341bddded0 JavaThread "pool-2-thread-1"                   [_thread_blocked, id=2156, stack(0x0000008d28d00000,0x0000008d28e00000) (1024K)]
  0x000002341bddd840 JavaThread "WorkspaceEventsHandler"            [_thread_blocked, id=940, stack(0x0000008d28e00000,0x0000008d28f00000) (1024K)]
  0x000002341a2895a0 JavaThread "pool-1-thread-1"                   [_thread_blocked, id=12400, stack(0x0000008d28f00000,0x0000008d29000000) (1024K)]
  0x000002341a286e40 JavaThread "Cleaner-0"                  daemon [_thread_blocked, id=17032, stack(0x0000008d27b00000,0x0000008d27c00000) (1024K)]
  0x0000023428470010 JavaThread "Java Debug Server"          daemon [_thread_in_native, id=17680, stack(0x0000008d27f00000,0x0000008d28000000) (1024K)]
  0x000002342846ec60 JavaThread "RxSchedulerPurge-1"         daemon [_thread_blocked, id=7172, stack(0x0000008d28200000,0x0000008d28300000) (1024K)]
  0x000002342846f2f0 JavaThread "RxCachedWorkerPoolEvictor-1" daemon [_thread_blocked, id=18864, stack(0x0000008d29000000,0x0000008d29100000) (1024K)]
  0x000002341a2874d0 JavaThread "pool-6-thread-2"                   [_thread_in_native, id=2456, stack(0x0000008d29600000,0x0000008d29700000) (1024K)]
  0x000002341a288880 JavaThread "Worker-41: Building"               [_thread_blocked, id=15976, stack(0x0000008d29700000,0x0000008d29800000) (1024K)]
  0x000002341bdd9bb0 JavaThread "RxNewThreadScheduler-55"    daemon [_thread_blocked, id=15252, stack(0x0000008d25c00000,0x0000008d25d00000) (1024K)]
  0x0000023428469da0 JavaThread "Packet Receive Manager"     daemon [_thread_in_native, id=17888, stack(0x0000008d25d00000,0x0000008d25e00000) (1024K)]
  0x000002342846aac0 JavaThread "Packet Send Manager"        daemon [_thread_blocked, id=12808, stack(0x0000008d27e00000,0x0000008d27f00000) (1024K)]
  0x000002342846c500 JavaThread "Event Hub"                  daemon [_thread_blocked, id=19604, stack(0x0000008d27d00000,0x0000008d27e00000) (1024K)]
  0x000002341a2881f0 JavaThread "Worker-43"                         [_thread_blocked, id=20400, stack(0x0000008d29400000,0x0000008d29500000) (1024K)]
  0x000002341a289c30 JavaThread "ForkJoinPool.commonPool-worker-108" daemon [_thread_blocked, id=3440, stack(0x0000008d26c00000,0x0000008d26d00000) (1024K)]
  0x000002341a2867b0 JavaThread "ForkJoinPool.commonPool-worker-109" daemon [_thread_blocked, id=10008, stack(0x0000008d28100000,0x0000008d28200000) (1024K)]
  0x000002341a285a90 JavaThread "ForkJoinPool.commonPool-worker-110" daemon [_thread_blocked, id=21696, stack(0x0000008d28c00000,0x0000008d28d00000) (1024K)]
  0x000002341a28a950 JavaThread "Worker-45"                         [_thread_blocked, id=17768, stack(0x0000008d29100000,0x0000008d29200000) (1024K)]
  0x000002341a28b670 JavaThread "Compiler Source File Reader" daemon [_thread_blocked, id=11712, stack(0x0000008d29200000,0x0000008d29300000) (1024K)]
  0x000002341a28bd00 JavaThread "Compiler Processing Task"   daemon [_thread_blocked, id=21992, stack(0x0000008d29300000,0x0000008d29400000) (1024K)]
Total: 49

Other Threads:
  0x00000233b6fc0790 VMThread "VM Thread"                           [id=13360, stack(0x0000008d26100000,0x0000008d26200000) (1024K)] _threads_hazard_ptr=0x000002341b49c280
  0x00000233b6f29850 WatcherThread "VM Periodic Task Thread"        [id=4192, stack(0x0000008d26000000,0x0000008d26100000) (1024K)]
  0x00000233b6df42f0 WorkerThread "GC Thread#0"                     [id=11156, stack(0x0000008d25f00000,0x0000008d26000000) (1024K)]
  0x000002341a4a9890 WorkerThread "GC Thread#1"                     [id=11236, stack(0x0000008d26e00000,0x0000008d26f00000) (1024K)]
  0x000002341a4a8670 WorkerThread "GC Thread#2"                     [id=11060, stack(0x0000008d26f00000,0x0000008d27000000) (1024K)]
  0x000002341a4a8a10 WorkerThread "GC Thread#3"                     [id=10288, stack(0x0000008d27000000,0x0000008d27100000) (1024K)]
  0x000002341a4a7f30 WorkerThread "GC Thread#4"                     [id=11376, stack(0x0000008d27100000,0x0000008d27200000) (1024K)]
  0x000002341a4a8db0 WorkerThread "GC Thread#5"                     [id=11272, stack(0x0000008d27200000,0x0000008d27300000) (1024K)]
  0x000002341a4a9150 WorkerThread "GC Thread#6"                     [id=11268, stack(0x0000008d27300000,0x0000008d27400000) (1024K)]
  0x000002341a91f870 WorkerThread "GC Thread#7"                     [id=14112, stack(0x0000008d27700000,0x0000008d27800000) (1024K)]
Total: 10

Threads with active compile tasks:
C2 CompilerThread0  84943038 32980   !   4       java.nio.file.spi.FileSystemProvider::exists (42 bytes)
Total: 1

VM state: synchronizing (normal execution)

VM Mutex/Monitor currently owned by a thread:  ([mutex/lock_event])
[0x00007ff81dcad570] Threads_lock - owner thread: 0x00000233b6fc0790
[0x00007ff81dcad670] Heap_lock - owner thread: 0x000002341bc224b0

Heap address: 0x0000000700000000, size: 4096 MB, Compressed Oops mode: Zero based, Oop shift amount: 3

CDS archive(s) mapped at: [0x00000233d3000000-0x00000233d3ba0000-0x00000233d3ba0000), size 12189696, SharedBaseAddress: 0x00000233d3000000, ArchiveRelocationMode: 1.
Compressed class space mapped at: 0x00000233d4000000-0x0000023414000000, reserved size: 1073741824
Narrow klass base: 0x00000233d3000000, Narrow klass shift: 0, Narrow klass range: 0x100000000

GC Precious Log:
 CardTable entry size: 512
 CPUs: 8 total, 8 available
 Memory: 30597M
 Large Page Support: Disabled
 NUMA Support: Disabled
 Compressed Oops: Enabled (Zero based)
 Alignments: Space 512K, Generation 512K, Heap 2M
 Heap Min Capacity: 100M
 Heap Initial Capacity: 100M
 Heap Max Capacity: 4G
 Pre-touch: Disabled
 Parallel Workers: 8

Heap:
 PSYoungGen      total 1536K, used 1120K [0x00000007aab00000, 0x00000007aaf80000, 0x0000000800000000)
  eden space 512K, 100% used [0x00000007aab00000,0x00000007aab80000,0x00000007aab80000)
  from space 1024K, 59% used [0x00000007aab80000,0x00000007aac18000,0x00000007aac80000)
  to   space 1536K, 0% used [0x00000007aae00000,0x00000007aae00000,0x00000007aaf80000)
 ParOldGen       total 1356288K, used 766221K [0x0000000700000000, 0x0000000752c80000, 0x00000007aab00000)
  object space 1356288K, 56% used [0x0000000700000000,0x000000072ec43730,0x0000000752c80000)
 Metaspace       used 97230K, committed 98880K, reserved 1179648K
  class space    used 9714K, committed 10496K, reserved 1048576K

Card table byte_map: [0x00000233c9820000,0x00000233ca030000] _byte_map_base: 0x00000233c6020000

Marking Bits: (ParMarkBitMap*) 0x00007ff81dcb2460
 Begin Bits: [0x00000233ca590000, 0x00000233ce590000)
 End Bits:   [0x00000233ce590000, 0x00000233d2590000)

Polling page: 0x00000233b5460000

Metaspace:

Usage:
  Non-class:     85.46 MB used.
      Class:      9.49 MB used.
       Both:     94.95 MB used.

Virtual space:
  Non-class space:      128.00 MB reserved,      86.31 MB ( 67%) committed,  2 nodes.
      Class space:        1.00 GB reserved,      10.25 MB (  1%) committed,  1 nodes.
             Both:        1.13 GB reserved,      96.56 MB (  8%) committed. 

Chunk freelists:
   Non-Class:  9.28 MB
       Class:  5.80 MB
        Both:  15.08 MB

MaxMetaspaceSize: unlimited
CompressedClassSpaceSize: 1.00 GB
Initial GC threshold: 21.00 MB
Current GC threshold: 156.88 MB
CDS: on
 - commit_granule_bytes: 65536.
 - commit_granule_words: 8192.
 - virtual_space_node_default_size: 8388608.
 - enlarge_chunks_in_place: 1.
 - use_allocation_guard: 0.


Internal statistics:

num_allocs_failed_limit: 9.
num_arena_births: 2176.
num_arena_deaths: 530.
num_vsnodes_births: 3.
num_vsnodes_deaths: 0.
num_space_committed: 1545.
num_space_uncommitted: 0.
num_chunks_returned_to_freelist: 643.
num_chunks_taken_from_freelist: 7617.
num_chunk_merges: 168.
num_chunk_splits: 4263.
num_chunks_enlarged: 2221.
num_inconsistent_stats: 0.

CodeHeap 'non-profiled nmethods': size=120000Kb used=32365Kb max_used=32365Kb free=87634Kb
 bounds [0x00000233c22f0000, 0x00000233c4290000, 0x00000233c9820000]
CodeHeap 'profiled nmethods': size=120000Kb used=55590Kb max_used=60528Kb free=64409Kb
 bounds [0x00000233ba820000, 0x00000233be390000, 0x00000233c1d50000]
CodeHeap 'non-nmethods': size=5760Kb used=1528Kb max_used=1641Kb free=4232Kb
 bounds [0x00000233c1d50000, 0x00000233c1fc0000, 0x00000233c22f0000]
CodeCache: size=245760Kb, used=89483Kb, max_used=94534Kb, free=156275Kb
 total_blobs=23561, nmethods=22718, adapters=740, full_count=0
Compilation: enabled, stopped_count=0, restarted_count=0

Compilation events (20 events):
Event: 84942.236 Thread 0x00000234144cce80 nmethod 32970 0x00000233c4282b90 code [0x00000233c4282d60, 0x00000233c4283520]
Event: 84942.237 Thread 0x00000234144cce80 32971       4       org.eclipse.core.internal.runtime.Log::log (63 bytes)
Event: 84942.260 Thread 0x00000234144fee10 32972       3       org.eclipse.jdt.ls.core.internal.handlers.BaseDiagnosticsHandler::matchesDiagnosticFilter (6 bytes)
Event: 84942.260 Thread 0x00000234144fee10 nmethod 32972 0x00000233bbc3a910 code [0x00000233bbc3aac0, 0x00000233bbc3abe0]
Event: 84942.260 Thread 0x00000234144fee10 32973   !   3       org.eclipse.jdt.ls.core.internal.JDTUtils::isExcludedFile (122 bytes)
Event: 84942.265 Thread 0x00000234144fee10 nmethod 32973 0x00000233bd568910 code [0x00000233bd568c60, 0x00000233bd56a158]
Event: 84942.290 Thread 0x00000234144fee10 32974       3       org.eclipse.jdt.internal.compiler.ast.CastExpression::isIndirectlyUsed (103 bytes)
Event: 84942.292 Thread 0x00000234144fee10 nmethod 32974 0x00000233bb31cd10 code [0x00000233bb31cf60, 0x00000233bb31db70]
Event: 84942.344 Thread 0x00000234144cce80 nmethod 32971 0x00000233c4283890 code [0x00000233c4283ae0, 0x00000233c42847e0]
Event: 84942.358 Thread 0x00000234144fee10 32975       3       org.eclipse.core.internal.properties.PropertyBucket::load (17 bytes)
Event: 84942.358 Thread 0x00000234144fee10 nmethod 32975 0x00000233bcbd7410 code [0x00000233bcbd75c0, 0x00000233bcbd77f8]
Event: 84942.457 Thread 0x00000234144cce80 32976       4       org.eclipse.jdt.internal.core.builder.NameEnvironment::collectModuleEntries (351 bytes)
Event: 84942.470 Thread 0x00000234144fee10 32977   !   3       org.eclipse.jdt.internal.core.builder.JavaBuilder::hasClasspathChanged (476 bytes)
Event: 84942.476 Thread 0x00000234144fee10 nmethod 32977 0x00000233bce66690 code [0x00000233bce66c00, 0x00000233bce69138]
Event: 84942.477 Thread 0x00000234144fee10 32978       3       com.sun.org.apache.xerces.internal.impl.XMLEntityScanner::<init> (101 bytes)
Event: 84942.478 Thread 0x00000234144fee10 nmethod 32978 0x00000233bb337b90 code [0x00000233bb337d60, 0x00000233bb338240]
Event: 84942.651 Thread 0x00000234144cce80 nmethod 32976 0x00000233c4285290 code [0x00000233c4285660, 0x00000233c42877e0]
Event: 84942.651 Thread 0x00000234144cce80 32979       4       org.eclipse.jdt.internal.core.builder.ClasspathMultiReleaseJar::initializeVersions (96 bytes)
Event: 84942.760 Thread 0x00000234144cce80 nmethod 32979 0x00000233c4289610 code [0x00000233c42898a0, 0x00000233c428ac48]
Event: 84942.761 Thread 0x00000234144cce80 32980   !   4       java.nio.file.spi.FileSystemProvider::exists (42 bytes)

GC Heap History (20 events):
Event: 84942.307 GC heap before
{Heap before GC invocations=5101 (full 7):
 PSYoungGen      total 3072K, used 2720K [0x00000007aab00000, 0x00000007aaf00000, 0x0000000800000000)
  eden space 2048K, 100% used [0x00000007aab00000,0x00000007aad00000,0x00000007aad00000)
  from space 1024K, 65% used [0x00000007aad00000,0x00000007aada8000,0x00000007aae00000)
  to   space 1024K, 0% used [0x00000007aae00000,0x00000007aae00000,0x00000007aaf00000)
 ParOldGen       total 1356288K, used 757322K [0x0000000700000000, 0x0000000752c80000, 0x00000007aab00000)
  object space 1356288K, 55% used [0x0000000700000000,0x000000072e392928,0x0000000752c80000)
 Metaspace       used 97222K, committed 98880K, reserved 1179648K
  class space    used 9714K, committed 10496K, reserved 1048576K
}
Event: 84942.313 GC heap after
{Heap after GC invocations=5101 (full 7):
 PSYoungGen      total 3072K, used 576K [0x00000007aab00000, 0x00000007aaf00000, 0x0000000800000000)
  eden space 2048K, 0% used [0x00000007aab00000,0x00000007aab00000,0x00000007aad00000)
  from space 1024K, 56% used [0x00000007aae00000,0x00000007aae90000,0x00000007aaf00000)
  to   space 1024K, 0% used [0x00000007aad00000,0x00000007aad00000,0x00000007aae00000)
 ParOldGen       total 1356288K, used 757842K [0x0000000700000000, 0x0000000752c80000, 0x00000007aab00000)
  object space 1356288K, 55% used [0x0000000700000000,0x000000072e414948,0x0000000752c80000)
 Metaspace       used 97222K, committed 98880K, reserved 1179648K
  class space    used 9714K, committed 10496K, reserved 1048576K
}
Event: 84942.363 GC heap before
{Heap before GC invocations=5102 (full 7):
 PSYoungGen      total 3072K, used 2623K [0x00000007aab00000, 0x00000007aaf00000, 0x0000000800000000)
  eden space 2048K, 99% used [0x00000007aab00000,0x00000007aacfffe0,0x00000007aad00000)
  from space 1024K, 56% used [0x00000007aae00000,0x00000007aae90000,0x00000007aaf00000)
  to   space 1024K, 0% used [0x00000007aad00000,0x00000007aad00000,0x00000007aae00000)
 ParOldGen       total 1356288K, used 757842K [0x0000000700000000, 0x0000000752c80000, 0x00000007aab00000)
  object space 1356288K, 55% used [0x0000000700000000,0x000000072e414948,0x0000000752c80000)
 Metaspace       used 97225K, committed 98880K, reserved 1179648K
  class space    used 9714K, committed 10496K, reserved 1048576K
}
Event: 84942.396 GC heap after
{Heap after GC invocations=5102 (full 7):
 PSYoungGen      total 3072K, used 256K [0x00000007aab00000, 0x00000007aae80000, 0x0000000800000000)
  eden space 2048K, 0% used [0x00000007aab00000,0x00000007aab00000,0x00000007aad00000)
  from space 1024K, 25% used [0x00000007aad00000,0x00000007aad40000,0x00000007aae00000)
  to   space 512K, 0% used [0x00000007aae00000,0x00000007aae00000,0x00000007aae80000)
 ParOldGen       total 1356288K, used 758286K [0x0000000700000000, 0x0000000752c80000, 0x00000007aab00000)
  object space 1356288K, 55% used [0x0000000700000000,0x000000072e483848,0x0000000752c80000)
 Metaspace       used 97225K, committed 98880K, reserved 1179648K
  class space    used 9714K, committed 10496K, reserved 1048576K
}
Event: 84942.520 GC heap before
{Heap before GC invocations=5103 (full 7):
 PSYoungGen      total 3072K, used 2304K [0x00000007aab00000, 0x00000007aae80000, 0x0000000800000000)
  eden space 2048K, 100% used [0x00000007aab00000,0x00000007aad00000,0x00000007aad00000)
  from space 1024K, 25% used [0x00000007aad00000,0x00000007aad40000,0x00000007aae00000)
  to   space 512K, 0% used [0x00000007aae00000,0x00000007aae00000,0x00000007aae80000)
 ParOldGen       total 1356288K, used 758286K [0x0000000700000000, 0x0000000752c80000, 0x00000007aab00000)
  object space 1356288K, 55% used [0x0000000700000000,0x000000072e483848,0x0000000752c80000)
 Metaspace       used 97230K, committed 98880K, reserved 1179648K
  class space    used 9714K, committed 10496K, reserved 1048576K
}
Event: 84942.528 GC heap after
{Heap after GC invocations=5103 (full 7):
 PSYoungGen      total 2560K, used 496K [0x00000007aab00000, 0x00000007aaf00000, 0x0000000800000000)
  eden space 2048K, 0% used [0x00000007aab00000,0x00000007aab00000,0x00000007aad00000)
  from space 512K, 96% used [0x00000007aae00000,0x00000007aae7c050,0x00000007aae80000)
  to   space 1024K, 0% used [0x00000007aad00000,0x00000007aad00000,0x00000007aae00000)
 ParOldGen       total 1356288K, used 758358K [0x0000000700000000, 0x0000000752c80000, 0x00000007aab00000)
  object space 1356288K, 55% used [0x0000000700000000,0x000000072e495848,0x0000000752c80000)
 Metaspace       used 97230K, committed 98880K, reserved 1179648K
  class space    used 9714K, committed 10496K, reserved 1048576K
}
Event: 84942.548 GC heap before
{Heap before GC invocations=5104 (full 7):
 PSYoungGen      total 2560K, used 2521K [0x00000007aab00000, 0x00000007aaf00000, 0x0000000800000000)
  eden space 2048K, 98% used [0x00000007aab00000,0x00000007aacfa3b0,0x00000007aad00000)
  from space 512K, 96% used [0x00000007aae00000,0x00000007aae7c050,0x00000007aae80000)
  to   space 1024K, 0% used [0x00000007aad00000,0x00000007aad00000,0x00000007aae00000)
 ParOldGen       total 1356288K, used 758358K [0x0000000700000000, 0x0000000752c80000, 0x00000007aab00000)
  object space 1356288K, 55% used [0x0000000700000000,0x000000072e495848,0x0000000752c80000)
 Metaspace       used 97230K, committed 98880K, reserved 1179648K
  class space    used 9714K, committed 10496K, reserved 1048576K
}
Event: 84942.554 GC heap after
{Heap after GC invocations=5104 (full 7):
 PSYoungGen      total 3072K, used 1018K [0x00000007aab00000, 0x00000007ab200000, 0x0000000800000000)
  eden space 2048K, 0% used [0x00000007aab00000,0x00000007aab00000,0x00000007aad00000)
  from space 1024K, 99% used [0x00000007aad00000,0x00000007aadfeb08,0x00000007aae00000)
  to   space 2560K, 0% used [0x00000007aaf80000,0x00000007aaf80000,0x00000007ab200000)
 ParOldGen       total 1356288K, used 759276K [0x0000000700000000, 0x0000000752c80000, 0x00000007aab00000)
  object space 1356288K, 55% used [0x0000000700000000,0x000000072e57b330,0x0000000752c80000)
 Metaspace       used 97230K, committed 98880K, reserved 1179648K
  class space    used 9714K, committed 10496K, reserved 1048576K
}
Event: 84942.593 GC heap before
{Heap before GC invocations=5105 (full 7):
 PSYoungGen      total 3072K, used 3049K [0x00000007aab00000, 0x00000007ab200000, 0x0000000800000000)
  eden space 2048K, 99% used [0x00000007aab00000,0x00000007aacfb9f8,0x00000007aad00000)
  from space 1024K, 99% used [0x00000007aad00000,0x00000007aadfeb08,0x00000007aae00000)
  to   space 2560K, 0% used [0x00000007aaf80000,0x00000007aaf80000,0x00000007ab200000)
 ParOldGen       total 1356288K, used 759276K [0x0000000700000000, 0x0000000752c80000, 0x00000007aab00000)
  object space 1356288K, 55% used [0x0000000700000000,0x000000072e57b330,0x0000000752c80000)
 Metaspace       used 97230K, committed 98880K, reserved 1179648K
  class space    used 9714K, committed 10496K, reserved 1048576K
}
Event: 84942.600 GC heap after
{Heap after GC invocations=5105 (full 7):
 PSYoungGen      total 3584K, used 1444K [0x00000007aab00000, 0x00000007ab100000, 0x0000000800000000)
  eden space 2048K, 0% used [0x00000007aab00000,0x00000007aab00000,0x00000007aad00000)
  from space 1536K, 94% used [0x00000007aaf80000,0x00000007ab0e9238,0x00000007ab100000)
  to   space 2048K, 0% used [0x00000007aad00000,0x00000007aad00000,0x00000007aaf00000)
 ParOldGen       total 1356288K, used 760295K [0x0000000700000000, 0x0000000752c80000, 0x00000007aab00000)
  object space 1356288K, 56% used [0x0000000700000000,0x000000072e679d90,0x0000000752c80000)
 Metaspace       used 97230K, committed 98880K, reserved 1179648K
  class space    used 9714K, committed 10496K, reserved 1048576K
}
Event: 84942.634 GC heap before
{Heap before GC invocations=5106 (full 7):
 PSYoungGen      total 3584K, used 3158K [0x00000007aab00000, 0x00000007ab100000, 0x0000000800000000)
  eden space 2048K, 83% used [0x00000007aab00000,0x00000007aacac6f0,0x00000007aad00000)
  from space 1536K, 94% used [0x00000007aaf80000,0x00000007ab0e9238,0x00000007ab100000)
  to   space 2048K, 0% used [0x00000007aad00000,0x00000007aad00000,0x00000007aaf00000)
 ParOldGen       total 1356288K, used 760295K [0x0000000700000000, 0x0000000752c80000, 0x00000007aab00000)
  object space 1356288K, 56% used [0x0000000700000000,0x000000072e679d90,0x0000000752c80000)
 Metaspace       used 97230K, committed 98880K, reserved 1179648K
  class space    used 9714K, committed 10496K, reserved 1048576K
}
Event: 84942.643 GC heap after
{Heap after GC invocations=5106 (full 7):
 PSYoungGen      total 3072K, used 766K [0x00000007aab00000, 0x00000007ab000000, 0x0000000800000000)
  eden space 2048K, 0% used [0x00000007aab00000,0x00000007aab00000,0x00000007aad00000)
  from space 1024K, 74% used [0x00000007aad00000,0x00000007aadbfa10,0x00000007aae00000)
  to   space 1536K, 0% used [0x00000007aae80000,0x00000007aae80000,0x00000007ab000000)
 ParOldGen       total 1356288K, used 761571K [0x0000000700000000, 0x0000000752c80000, 0x00000007aab00000)
  object space 1356288K, 56% used [0x0000000700000000,0x000000072e7b8e00,0x0000000752c80000)
 Metaspace       used 97230K, committed 98880K, reserved 1179648K
  class space    used 9714K, committed 10496K, reserved 1048576K
}
Event: 84942.673 GC heap before
{Heap before GC invocations=5107 (full 7):
 PSYoungGen      total 3072K, used 2814K [0x00000007aab00000, 0x00000007ab000000, 0x0000000800000000)
  eden space 2048K, 100% used [0x00000007aab00000,0x00000007aad00000,0x00000007aad00000)
  from space 1024K, 74% used [0x00000007aad00000,0x00000007aadbfa10,0x00000007aae00000)
  to   space 1536K, 0% used [0x00000007aae80000,0x00000007aae80000,0x00000007ab000000)
 ParOldGen       total 1356288K, used 761571K [0x0000000700000000, 0x0000000752c80000, 0x00000007aab00000)
  object space 1356288K, 56% used [0x0000000700000000,0x000000072e7b8e00,0x0000000752c80000)
 Metaspace       used 97230K, committed 98880K, reserved 1179648K
  class space    used 9714K, committed 10496K, reserved 1048576K
}
Event: 84942.687 GC heap after
{Heap after GC invocations=5107 (full 7):
 PSYoungGen      total 3584K, used 1214K [0x00000007aab00000, 0x00000007ab080000, 0x0000000800000000)
  eden space 2048K, 0% used [0x00000007aab00000,0x00000007aab00000,0x00000007aad00000)
  from space 1536K, 79% used [0x00000007aae80000,0x00000007aafaf9f0,0x00000007ab000000)
  to   space 1536K, 0% used [0x00000007aad00000,0x00000007aad00000,0x00000007aae80000)
 ParOldGen       total 1356288K, used 762234K [0x0000000700000000, 0x0000000752c80000, 0x00000007aab00000)
  object space 1356288K, 56% used [0x0000000700000000,0x000000072e85e840,0x0000000752c80000)
 Metaspace       used 97230K, committed 98880K, reserved 1179648K
  class space    used 9714K, committed 10496K, reserved 1048576K
}
Event: 84942.709 GC heap before
{Heap before GC invocations=5108 (full 7):
 PSYoungGen      total 3584K, used 3262K [0x00000007aab00000, 0x00000007ab080000, 0x0000000800000000)
  eden space 2048K, 100% used [0x00000007aab00000,0x00000007aad00000,0x00000007aad00000)
  from space 1536K, 79% used [0x00000007aae80000,0x00000007aafaf9f0,0x00000007ab000000)
  to   space 1536K, 0% used [0x00000007aad00000,0x00000007aad00000,0x00000007aae80000)
 ParOldGen       total 1356288K, used 762234K [0x0000000700000000, 0x0000000752c80000, 0x00000007aab00000)
  object space 1356288K, 56% used [0x0000000700000000,0x000000072e85e840,0x0000000752c80000)
 Metaspace       used 97230K, committed 98880K, reserved 1179648K
  class space    used 9714K, committed 10496K, reserved 1048576K
}
Event: 84942.716 GC heap after
{Heap after GC invocations=5108 (full 7):
 PSYoungGen      total 3584K, used 1216K [0x00000007aab00000, 0x00000007ab080000, 0x0000000800000000)
  eden space 2048K, 0% used [0x00000007aab00000,0x00000007aab00000,0x00000007aad00000)
  from space 1536K, 79% used [0x00000007aad00000,0x00000007aae30000,0x00000007aae80000)
  to   space 1536K, 0% used [0x00000007aaf00000,0x00000007aaf00000,0x00000007ab080000)
 ParOldGen       total 1356288K, used 763303K [0x0000000700000000, 0x0000000752c80000, 0x00000007aab00000)
  object space 1356288K, 56% used [0x0000000700000000,0x000000072e969cc8,0x0000000752c80000)
 Metaspace       used 97230K, committed 98880K, reserved 1179648K
  class space    used 9714K, committed 10496K, reserved 1048576K
}
Event: 84942.731 GC heap before
{Heap before GC invocations=5109 (full 7):
 PSYoungGen      total 3584K, used 3264K [0x00000007aab00000, 0x00000007ab080000, 0x0000000800000000)
  eden space 2048K, 100% used [0x00000007aab00000,0x00000007aad00000,0x00000007aad00000)
  from space 1536K, 79% used [0x00000007aad00000,0x00000007aae30000,0x00000007aae80000)
  to   space 1536K, 0% used [0x00000007aaf00000,0x00000007aaf00000,0x00000007ab080000)
 ParOldGen       total 1356288K, used 763303K [0x0000000700000000, 0x0000000752c80000, 0x00000007aab00000)
  object space 1356288K, 56% used [0x0000000700000000,0x000000072e969cc8,0x0000000752c80000)
 Metaspace       used 97230K, committed 98880K, reserved 1179648K
  class space    used 9714K, committed 10496K, reserved 1048576K
}
Event: 84942.742 GC heap after
{Heap after GC invocations=5109 (full 7):
 PSYoungGen      total 2048K, used 1536K [0x00000007aab00000, 0x00000007ab480000, 0x0000000800000000)
  eden space 512K, 0% used [0x00000007aab00000,0x00000007aab00000,0x00000007aab80000)
  from space 1536K, 100% used [0x00000007aaf00000,0x00000007ab080000,0x00000007ab080000)
  to   space 3584K, 0% used [0x00000007aab80000,0x00000007aab80000,0x00000007aaf00000)
 ParOldGen       total 1356288K, used 764633K [0x0000000700000000, 0x0000000752c80000, 0x00000007aab00000)
  object space 1356288K, 56% used [0x0000000700000000,0x000000072eab67a8,0x0000000752c80000)
 Metaspace       used 97230K, committed 98880K, reserved 1179648K
  class space    used 9714K, committed 10496K, reserved 1048576K
}
Event: 84942.747 GC heap before
{Heap before GC invocations=5110 (full 7):
 PSYoungGen      total 2048K, used 2047K [0x00000007aab00000, 0x00000007ab480000, 0x0000000800000000)
  eden space 512K, 99% used [0x00000007aab00000,0x00000007aab7fff8,0x00000007aab80000)
  from space 1536K, 100% used [0x00000007aaf00000,0x00000007ab080000,0x00000007ab080000)
  to   space 3584K, 0% used [0x00000007aab80000,0x00000007aab80000,0x00000007aaf00000)
 ParOldGen       total 1356288K, used 764633K [0x0000000700000000, 0x0000000752c80000, 0x00000007aab00000)
  object space 1356288K, 56% used [0x0000000700000000,0x000000072eab67a8,0x0000000752c80000)
 Metaspace       used 97230K, committed 98880K, reserved 1179648K
  class space    used 9714K, committed 10496K, reserved 1048576K
}
Event: 84942.756 GC heap after
{Heap after GC invocations=5110 (full 7):
 PSYoungGen      total 1536K, used 608K [0x00000007aab00000, 0x00000007aaf80000, 0x0000000800000000)
  eden space 512K, 0% used [0x00000007aab00000,0x00000007aab00000,0x00000007aab80000)
  from space 1024K, 59% used [0x00000007aab80000,0x00000007aac18000,0x00000007aac80000)
  to   space 1536K, 0% used [0x00000007aae00000,0x00000007aae00000,0x00000007aaf80000)
 ParOldGen       total 1356288K, used 766221K [0x0000000700000000, 0x0000000752c80000, 0x00000007aab00000)
  object space 1356288K, 56% used [0x0000000700000000,0x000000072ec43730,0x0000000752c80000)
 Metaspace       used 97230K, committed 98880K, reserved 1179648K
  class space    used 9714K, committed 10496K, reserved 1048576K
}

Dll operation events (11 events):
Event: 0.021 Loaded shared library c:\Users\user\.antigravity\extensions\redhat.java-1.50.0-win32-x64\jre\21.0.9-win32-x86_64\bin\java.dll
Event: 0.061 Loaded shared library c:\Users\user\.antigravity\extensions\redhat.java-1.50.0-win32-x64\jre\21.0.9-win32-x86_64\bin\zip.dll
Event: 0.173 Loaded shared library C:\Users\user\.antigravity\extensions\redhat.java-1.50.0-win32-x64\jre\21.0.9-win32-x86_64\bin\instrument.dll
Event: 0.183 Loaded shared library C:\Users\user\.antigravity\extensions\redhat.java-1.50.0-win32-x64\jre\21.0.9-win32-x86_64\bin\net.dll
Event: 0.189 Loaded shared library C:\Users\user\.antigravity\extensions\redhat.java-1.50.0-win32-x64\jre\21.0.9-win32-x86_64\bin\nio.dll
Event: 0.194 Loaded shared library C:\Users\user\.antigravity\extensions\redhat.java-1.50.0-win32-x64\jre\21.0.9-win32-x86_64\bin\zip.dll
Event: 0.230 Loaded shared library C:\Users\user\.antigravity\extensions\redhat.java-1.50.0-win32-x64\jre\21.0.9-win32-x86_64\bin\jimage.dll
Event: 0.411 Loaded shared library c:\Users\user\.antigravity\extensions\redhat.java-1.50.0-win32-x64\jre\21.0.9-win32-x86_64\bin\verify.dll
Event: 2.223 Loaded shared library C:\Users\user\AppData\Roaming\Antigravity\User\globalStorage\redhat.java\1.50.0\config_win\org.eclipse.equinox.launcher\org.eclipse.equinox.launcher.win32.win32.x86_64_1.2.1400.v20250801-0854\eclipse_11916.dll
Event: 4.771 Loaded shared library C:\Users\user\AppData\Local\Temp\jna-3599307\jna2886010005856224937.dll
Event: 955.814 Loaded shared library C:\Users\user\.antigravity\extensions\redhat.java-1.50.0-win32-x64\jre\21.0.9-win32-x86_64\bin\extnet.dll

Deoptimization events (20 events):
Event: 76856.257 Thread 0x000002341bae77c0 Uncommon trap: trap_request=0xffffff45 fr.pc=0x00000233c2302128 relative=0x0000000000000088
Event: 76856.257 Thread 0x000002341bae77c0 Uncommon trap: reason=unstable_if action=reinterpret pc=0x00000233c2302128 method=org.eclipse.jdt.internal.compiler.lookup.LookupEnvironment.normalizeWildcardBound(Lorg/eclipse/jdt/internal/compiler/lookup/TypeBinding;I)Lorg/eclipse/jdt/internal/compiler/
Event: 76856.257 Thread 0x000002341bae77c0 DEOPT PACKING pc=0x00000233c2302128 sp=0x0000008d28cfe850
Event: 76856.257 Thread 0x000002341bae77c0 DEOPT UNPACKING pc=0x00000233c1da3aa2 sp=0x0000008d28cfe7c8 mode 2
Event: 76856.258 Thread 0x000002341bae77c0 Uncommon trap: trap_request=0xffffffc6 fr.pc=0x00000233c34e558c relative=0x000000000000078c
Event: 76856.258 Thread 0x000002341bae77c0 Uncommon trap: reason=bimorphic_or_optimized_type_check action=maybe_recompile pc=0x00000233c34e558c method=org.eclipse.jdt.internal.compiler.lookup.MethodBinding.canBeSeenBy(Lorg/eclipse/jdt/internal/compiler/lookup/TypeBinding;Lorg/eclipse/jdt/internal/
Event: 76856.258 Thread 0x000002341bae77c0 DEOPT PACKING pc=0x00000233c34e558c sp=0x0000008d28cfe930
Event: 76856.258 Thread 0x000002341bae77c0 DEOPT UNPACKING pc=0x00000233c1da3aa2 sp=0x0000008d28cfe8e8 mode 2
Event: 76856.258 Thread 0x000002341bae77c0 Uncommon trap: trap_request=0xffffff45 fr.pc=0x00000233c34e5750 relative=0x0000000000000950
Event: 76856.258 Thread 0x000002341bae77c0 Uncommon trap: reason=unstable_if action=reinterpret pc=0x00000233c34e5750 method=org.eclipse.jdt.internal.compiler.lookup.MethodBinding.canBeSeenBy(Lorg/eclipse/jdt/internal/compiler/lookup/TypeBinding;Lorg/eclipse/jdt/internal/compiler/lookup/Invocation
Event: 76856.258 Thread 0x000002341bae77c0 DEOPT PACKING pc=0x00000233c34e5750 sp=0x0000008d28cfe930
Event: 76856.258 Thread 0x000002341bae77c0 DEOPT UNPACKING pc=0x00000233c1da3aa2 sp=0x0000008d28cfe8e0 mode 2
Event: 76857.882 Thread 0x000002341bae77c0 Uncommon trap: trap_request=0xffffffe4 fr.pc=0x00000233c425fdfc relative=0x000000000000025c
Event: 76857.882 Thread 0x000002341bae77c0 Uncommon trap: reason=range_check action=make_not_entrant pc=0x00000233c425fdfc method=org.eclipse.jdt.core.dom.ASTConverter.getPrimitiveTypeCode([C)Lorg/eclipse/jdt/core/dom/PrimitiveType$Code; @ 2 c2
Event: 76857.882 Thread 0x000002341bae77c0 DEOPT PACKING pc=0x00000233c425fdfc sp=0x0000008d28cfe2a0
Event: 76857.882 Thread 0x000002341bae77c0 DEOPT UNPACKING pc=0x00000233c1da3aa2 sp=0x0000008d28cfe228 mode 2
Event: 76861.449 Thread 0x000002341bdd9bb0 Uncommon trap: trap_request=0xffffffc6 fr.pc=0x00000233c3c79900 relative=0x0000000000000c20
Event: 76861.449 Thread 0x000002341bdd9bb0 Uncommon trap: reason=bimorphic_or_optimized_type_check action=maybe_recompile pc=0x00000233c3c79900 method=com.google.gson.stream.JsonWriter.value(Ljava/lang/Number;)Lcom/google/gson/stream/JsonWriter; @ 14 c2
Event: 76861.449 Thread 0x000002341bdd9bb0 DEOPT PACKING pc=0x00000233c3c79900 sp=0x0000008d25cfdd90
Event: 76861.449 Thread 0x000002341bdd9bb0 DEOPT UNPACKING pc=0x00000233c1da3aa2 sp=0x0000008d25cfdd40 mode 2

Classes loaded (20 events):
Event: 76822.533 Loading class java/util/stream/ReduceOps$6
Event: 76822.534 Loading class java/util/stream/ReduceOps$6 done
Event: 76822.534 Loading class java/util/stream/ReduceOps$5ReducingSink
Event: 76822.535 Loading class java/util/stream/ReduceOps$5ReducingSink done
Event: 76822.660 Loading class java/util/stream/WhileOps
Event: 76822.662 Loading class java/util/stream/WhileOps done
Event: 76822.662 Loading class java/util/stream/WhileOps$1Op
Event: 76822.663 Loading class java/util/stream/WhileOps$DropWhileOp
Event: 76822.663 Loading class java/util/stream/WhileOps$DropWhileOp done
Event: 76822.663 Loading class java/util/stream/WhileOps$1Op done
Event: 76822.664 Loading class java/util/stream/WhileOps$1Op$1OpSink
Event: 76822.664 Loading class java/util/stream/WhileOps$DropWhileSink
Event: 76822.664 Loading class java/util/stream/WhileOps$DropWhileSink done
Event: 76822.665 Loading class java/util/stream/WhileOps$1Op$1OpSink done
Event: 76838.792 Loading class java/util/EmptyStackException
Event: 76838.801 Loading class java/util/EmptyStackException done
Event: 76850.402 Loading class java/util/Vector$Itr
Event: 76850.411 Loading class java/util/Vector$Itr done
Event: 84942.584 Loading class jdk/internal/module/IllegalAccessLogger
Event: 84942.584 Loading class jdk/internal/module/IllegalAccessLogger done

Classes unloaded (20 events):
Event: 71440.889 Thread 0x00000233b6fc0790 Unloading class 0x00000233d48dc800 'java/lang/invoke/LambdaForm$MH+0x00000233d48dc800'
Event: 71440.889 Thread 0x00000233b6fc0790 Unloading class 0x00000233d48dd400 'java/lang/invoke/LambdaForm$MH+0x00000233d48dd400'
Event: 71440.889 Thread 0x00000233b6fc0790 Unloading class 0x00000233d48f4800 'java/lang/invoke/LambdaForm$MH+0x00000233d48f4800'
Event: 71440.889 Thread 0x00000233b6fc0790 Unloading class 0x00000233d48f5800 'java/lang/invoke/LambdaForm$MH+0x00000233d48f5800'
Event: 71440.889 Thread 0x00000233b6fc0790 Unloading class 0x00000233d4921000 'java/lang/invoke/LambdaForm$MH+0x00000233d4921000'
Event: 71440.889 Thread 0x00000233b6fc0790 Unloading class 0x00000233d4934800 'java/lang/invoke/LambdaForm$MH+0x00000233d4934800'
Event: 71440.889 Thread 0x00000233b6fc0790 Unloading class 0x00000233d4935000 'java/lang/invoke/LambdaForm$MH+0x00000233d4935000'
Event: 71440.889 Thread 0x00000233b6fc0790 Unloading class 0x00000233d4941400 'java/lang/invoke/LambdaForm$MH+0x00000233d4941400'
Event: 71440.889 Thread 0x00000233b6fc0790 Unloading class 0x00000233d4941800 'java/lang/invoke/LambdaForm$MH+0x00000233d4941800'
Event: 71440.889 Thread 0x00000233b6fc0790 Unloading class 0x00000233d49a9800 'java/lang/invoke/LambdaForm$MH+0x00000233d49a9800'
Event: 71440.889 Thread 0x00000233b6fc0790 Unloading class 0x00000233d49a9400 'java/lang/invoke/LambdaForm$MH+0x00000233d49a9400'
Event: 71440.889 Thread 0x00000233b6fc0790 Unloading class 0x00000233d49a9000 'java/lang/invoke/LambdaForm$MH+0x00000233d49a9000'
Event: 71440.889 Thread 0x00000233b6fc0790 Unloading class 0x00000233d49a8800 'java/lang/invoke/LambdaForm$MH+0x00000233d49a8800'
Event: 71440.889 Thread 0x00000233b6fc0790 Unloading class 0x00000233d49a8400 'java/lang/invoke/LambdaForm$MH+0x00000233d49a8400'
Event: 71440.889 Thread 0x00000233b6fc0790 Unloading class 0x00000233d498bc00 'java/lang/invoke/LambdaForm$MH+0x00000233d498bc00'
Event: 71440.889 Thread 0x00000233b6fc0790 Unloading class 0x00000233d4228c00 'java/lang/invoke/LambdaForm$MH+0x00000233d4228c00'
Event: 71440.889 Thread 0x00000233b6fc0790 Unloading class 0x00000233d4221400 'java/lang/invoke/LambdaForm$BMH+0x00000233d4221400'
Event: 71440.889 Thread 0x00000233b6fc0790 Unloading class 0x00000233d4178000 'java/lang/invoke/LambdaForm$MH+0x00000233d4178000'
Event: 71440.889 Thread 0x00000233b6fc0790 Unloading class 0x00000233d4014800 'java/lang/invoke/LambdaForm$MH+0x00000233d4014800'
Event: 71440.889 Thread 0x00000233b6fc0790 Unloading class 0x00000233d4000400 'java/lang/invoke/LambdaForm$MH+0x00000233d4000400'

Classes redefined (0 events):
No events

Internal exceptions (20 events):
Event: 84942.238 Thread 0x000002341a288880 Exception <a 'java/lang/NullPointerException'{0x00000007aacee9a8}> (0x00000007aacee9a8) 
thrown [s\src\hotspot\share\runtime\sharedRuntime.cpp, line 625]
Event: 84942.343 Thread 0x000002341a2895a0 Implicit null exception at 0x00000233bce7281f to 0x00000233bce72de5
Event: 84942.343 Thread 0x000002341a2895a0 Exception <a 'java/lang/NullPointerException'{0x00000007aac17b30}> (0x00000007aac17b30) 
thrown [s\src\hotspot\share\runtime\sharedRuntime.cpp, line 625]
Event: 84942.344 Thread 0x000002341a2895a0 Implicit null exception at 0x00000233bce7281f to 0x00000233bce72de5
Event: 84942.344 Thread 0x000002341a2895a0 Exception <a 'java/lang/NullPointerException'{0x00000007aac21f58}> (0x00000007aac21f58) 
thrown [s\src\hotspot\share\runtime\sharedRuntime.cpp, line 625]
Event: 84942.344 Thread 0x000002341a2895a0 Implicit null exception at 0x00000233bce7281f to 0x00000233bce72de5
Event: 84942.344 Thread 0x000002341a2895a0 Exception <a 'java/lang/NullPointerException'{0x00000007aac23c70}> (0x00000007aac23c70) 
thrown [s\src\hotspot\share\runtime\sharedRuntime.cpp, line 625]
Event: 84942.397 Thread 0x000002341a2895a0 Implicit null exception at 0x00000233bce7281f to 0x00000233bce72de5
Event: 84942.398 Thread 0x000002341a2895a0 Exception <a 'java/lang/NullPointerException'{0x00000007aab0d850}> (0x00000007aab0d850) 
thrown [s\src\hotspot\share\runtime\sharedRuntime.cpp, line 625]
Event: 84942.398 Thread 0x000002341a2895a0 Implicit null exception at 0x00000233bce7281f to 0x00000233bce72de5
Event: 84942.398 Thread 0x000002341a2895a0 Exception <a 'java/lang/NullPointerException'{0x00000007aab0f8a8}> (0x00000007aab0f8a8) 
thrown [s\src\hotspot\share\runtime\sharedRuntime.cpp, line 625]
Event: 84942.398 Thread 0x000002341a2895a0 Implicit null exception at 0x00000233bce7281f to 0x00000233bce72de5
Event: 84942.398 Thread 0x000002341a2895a0 Exception <a 'java/lang/NullPointerException'{0x00000007aab110f8}> (0x00000007aab110f8) 
thrown [s\src\hotspot\share\runtime\sharedRuntime.cpp, line 625]
Event: 84942.588 Thread 0x000002341bc224b0 Exception <a 'sun/nio/fs/WindowsException'{0x00000007aac9b0c0}> (0x00000007aac9b0c0) 
thrown [s\src\hotspot\share\prims\jni.cpp, line 520]
Event: 84942.600 Thread 0x000002341a28bd00 Implicit null exception at 0x00000233bce7281f to 0x00000233bce72de5
Event: 84942.601 Thread 0x000002341a28bd00 Exception <a 'java/lang/NullPointerException'{0x00000007aab11b50}> (0x00000007aab11b50) 
thrown [s\src\hotspot\share\runtime\sharedRuntime.cpp, line 625]
Event: 84942.601 Thread 0x000002341a28bd00 Implicit null exception at 0x00000233bce7281f to 0x00000233bce72de5
Event: 84942.601 Thread 0x000002341a28bd00 Exception <a 'java/lang/NullPointerException'{0x00000007aab138b0}> (0x00000007aab138b0) 
thrown [s\src\hotspot\share\runtime\sharedRuntime.cpp, line 625]
Event: 84942.601 Thread 0x000002341a28bd00 Implicit null exception at 0x00000233bce7281f to 0x00000233bce72de5
Event: 84942.601 Thread 0x000002341a28bd00 Exception <a 'java/lang/NullPointerException'{0x00000007aab150a8}> (0x00000007aab150a8) 
thrown [s\src\hotspot\share\runtime\sharedRuntime.cpp, line 625]

ZGC Phase Switch (0 events):
No events

VM Operations (20 events):
Event: 84942.313 Executing VM operation: ParallelGCFailedAllocation (Allocation Failure) done
Event: 84942.362 Executing VM operation: ParallelGCFailedAllocation (Allocation Failure)
Event: 84942.396 Executing VM operation: ParallelGCFailedAllocation (Allocation Failure) done
Event: 84942.516 Executing VM operation: ParallelGCFailedAllocation (Allocation Failure)
Event: 84942.528 Executing VM operation: ParallelGCFailedAllocation (Allocation Failure) done
Event: 84942.545 Executing VM operation: ParallelGCFailedAllocation (Allocation Failure)
Event: 84942.554 Executing VM operation: ParallelGCFailedAllocation (Allocation Failure) done
Event: 84942.593 Executing VM operation: ParallelGCFailedAllocation (Allocation Failure)
Event: 84942.600 Executing VM operation: ParallelGCFailedAllocation (Allocation Failure) done
Event: 84942.634 Executing VM operation: ParallelGCFailedAllocation (Allocation Failure)
Event: 84942.643 Executing VM operation: ParallelGCFailedAllocation (Allocation Failure) done
Event: 84942.668 Executing VM operation: ParallelGCFailedAllocation (Allocation Failure)
Event: 84942.687 Executing VM operation: ParallelGCFailedAllocation (Allocation Failure) done
Event: 84942.708 Executing VM operation: ParallelGCFailedAllocation (Allocation Failure)
Event: 84942.716 Executing VM operation: ParallelGCFailedAllocation (Allocation Failure) done
Event: 84942.731 Executing VM operation: ParallelGCFailedAllocation (Allocation Failure)
Event: 84942.742 Executing VM operation: ParallelGCFailedAllocation (Allocation Failure) done
Event: 84942.747 Executing VM operation: ParallelGCFailedAllocation (Allocation Failure)
Event: 84942.757 Executing VM operation: ParallelGCFailedAllocation (Allocation Failure) done
Event: 84942.764 Executing VM operation: ParallelGCFailedAllocation (Allocation Failure)

Memory protections (0 events):
No events

Nmethod flushes (20 events):
Event: 71441.094 Thread 0x00000233b6fc0790 flushing  nmethod 0x00000233bdd00590
Event: 71441.094 Thread 0x00000233b6fc0790 flushing  nmethod 0x00000233bdd00c10
Event: 71441.094 Thread 0x00000233b6fc0790 flushing  nmethod 0x00000233bdd1ab90
Event: 71441.094 Thread 0x00000233b6fc0790 flushing  nmethod 0x00000233bdd85d10
Event: 71441.094 Thread 0x00000233b6fc0790 flushing osr nmethod 0x00000233bdd8bf90
Event: 71441.094 Thread 0x00000233b6fc0790 flushing  nmethod 0x00000233bdd98c10
Event: 71441.094 Thread 0x00000233b6fc0790 flushing  nmethod 0x00000233bdd9f710
Event: 71441.094 Thread 0x00000233b6fc0790 flushing  nmethod 0x00000233bdda8910
Event: 71441.094 Thread 0x00000233b6fc0790 flushing  nmethod 0x00000233bddedc90
Event: 71441.094 Thread 0x00000233b6fc0790 flushing  nmethod 0x00000233bde24410
Event: 71441.094 Thread 0x00000233b6fc0790 flushing  nmethod 0x00000233bde32490
Event: 71441.094 Thread 0x00000233b6fc0790 flushing  nmethod 0x00000233bde36b10
Event: 71441.094 Thread 0x00000233b6fc0790 flushing  nmethod 0x00000233bde53d90
Event: 71441.094 Thread 0x00000233b6fc0790 flushing  nmethod 0x00000233bde5cd90
Event: 71441.094 Thread 0x00000233b6fc0790 flushing  nmethod 0x00000233bde77690
Event: 71441.094 Thread 0x00000233b6fc0790 flushing  nmethod 0x00000233bde9b510
Event: 71441.094 Thread 0x00000233b6fc0790 flushing  nmethod 0x00000233bdea7f10
Event: 71441.094 Thread 0x00000233b6fc0790 flushing  nmethod 0x00000233bdec0e10
Event: 71441.094 Thread 0x00000233b6fc0790 flushing  nmethod 0x00000233bdef6a90
Event: 71441.094 Thread 0x00000233b6fc0790 flushing  nmethod 0x00000233bdefc110

Events (20 events):
Event: 76923.669 Thread 0x000002341bae84e0 Thread exited: 0x000002341bae84e0
Event: 76970.784 Thread 0x000002341a2881f0 Thread added: 0x000002341a28bd00
Event: 76970.784 Thread 0x000002341a28bd00 Thread exited: 0x000002341a28bd00
Event: 76970.792 Thread 0x000002341a2881f0 Thread added: 0x000002341a28a950
Event: 76970.792 Thread 0x000002341a28a950 Thread exited: 0x000002341a28a950
Event: 76970.910 Thread 0x000002341a28b670 Thread exited: 0x000002341a28b670
Event: 76980.727 Thread 0x000002341a285a90 Thread exited: 0x000002341a285a90
Event: 76983.681 Thread 0x000002341bae77c0 Thread exited: 0x000002341bae77c0
Event: 76985.072 Thread 0x000002341bdda8d0 Thread exited: 0x000002341bdda8d0
Event: 77043.684 Thread 0x000002341bae8b70 Thread exited: 0x000002341bae8b70
Event: 77103.692 Thread 0x000002341bae5d80 Thread exited: 0x000002341bae5d80
Event: 77163.693 Thread 0x000002341a289c30 Thread exited: 0x000002341a289c30
Event: 77223.693 Thread 0x000002341bdd6dc0 Thread exited: 0x000002341bdd6dc0
Event: 77283.698 Thread 0x000002341a2867b0 Thread exited: 0x000002341a2867b0
Event: 84941.525 Thread 0x000002341a2895a0 Thread added: 0x000002341a289c30
Event: 84941.527 Thread 0x000002341a289c30 Thread added: 0x000002341a2867b0
Event: 84941.724 Thread 0x000002341a2895a0 Thread added: 0x000002341a285a90
Event: 84942.259 Thread 0x000002341a2881f0 Thread added: 0x000002341a28a950
Event: 84942.515 Thread 0x000002341a288880 Thread added: 0x000002341a28b670
Event: 84942.585 Thread 0x000002341a288880 Thread added: 0x000002341a28bd00


Dynamic libraries:
0x00007ff66a550000 - 0x00007ff66a55e000 	c:\Users\user\.antigravity\extensions\redhat.java-1.50.0-win32-x64\jre\21.0.9-win32-x86_64\bin\java.exe
0x00007ff872c50000 - 0x00007ff872e3e000 	C:\Windows\SYSTEM32\ntdll.dll
0x00007ff8708d0000 - 0x00007ff870983000 	C:\Windows\System32\KERNEL32.DLL
0x00007ff86f820000 - 0x00007ff86fabe000 	C:\Windows\System32\KERNELBASE.dll
0x00007ff86fd70000 - 0x00007ff86fe6a000 	C:\Windows\System32\ucrtbase.dll
0x00007ff84e650000 - 0x00007ff84e668000 	c:\Users\user\.antigravity\extensions\redhat.java-1.50.0-win32-x64\jre\21.0.9-win32-x86_64\bin\jli.dll
0x00007ff872750000 - 0x00007ff8728e7000 	C:\Windows\System32\USER32.dll
0x00007ff86ed40000 - 0x00007ff86ed60000 	C:\Windows\System32\win32u.dll
0x00007ff871030000 - 0x00007ff871059000 	C:\Windows\System32\GDI32.dll
0x00007ff86f670000 - 0x00007ff86f81c000 	C:\Windows\System32\gdi32full.dll
0x00007ff86f560000 - 0x00007ff86f600000 	C:\Windows\System32\msvcp_win.dll
0x00007ff847630000 - 0x00007ff84764e000 	c:\Users\user\.antigravity\extensions\redhat.java-1.50.0-win32-x64\jre\21.0.9-win32-x86_64\bin\VCRUNTIME140.dll
0x00007ff859190000 - 0x00007ff859409000 	C:\Windows\WinSxS\amd64_microsoft.windows.common-controls_6595b64144ccf1df_6.0.17763.8027_none_de6f50e0534d0f99\COMCTL32.dll
0x00007ff8729a0000 - 0x00007ff872a3e000 	C:\Windows\System32\msvcrt.dll
0x00007ff870c90000 - 0x00007ff870fbb000 	C:\Windows\System32\combase.dll
0x00007ff872af0000 - 0x00007ff872c0b000 	C:\Windows\System32\RPCRT4.dll
0x00007ff86fce0000 - 0x00007ff86fd62000 	C:\Windows\System32\bcryptPrimitives.dll
0x00007ff871060000 - 0x00007ff87108e000 	C:\Windows\System32\IMM32.DLL
0x00007ff86e8d0000 - 0x00007ff86e9c7000 	C:\Windows\system32\guard64.dll
0x00007ff870360000 - 0x00007ff870409000 	C:\Windows\System32\ADVAPI32.dll
0x00007ff8705e0000 - 0x00007ff870682000 	C:\Windows\System32\sechost.dll
0x00007ff86eca0000 - 0x00007ff86ecc6000 	C:\Windows\System32\bcrypt.dll
0x00007ff86e500000 - 0x00007ff86e50a000 	C:\Windows\system32\version.dll
0x00007ff870480000 - 0x00007ff8705d8000 	C:\Windows\System32\ole32.dll
0x00007ff86e4f0000 - 0x00007ff86e4fa000 	C:\Windows\system32\fltlib.dll
0x00007ff871090000 - 0x00007ff872588000 	C:\Windows\System32\shell32.dll
0x00007ff86f620000 - 0x00007ff86f66a000 	C:\Windows\System32\cfgmgr32.dll
0x00007ff8728f0000 - 0x00007ff872997000 	C:\Windows\System32\shcore.dll
0x00007ff86ee10000 - 0x00007ff86f558000 	C:\Windows\System32\windows.storage.dll
0x00007ff86ec70000 - 0x00007ff86ec93000 	C:\Windows\System32\profapi.dll
0x00007ff86ec10000 - 0x00007ff86ec6d000 	C:\Windows\System32\powrprof.dll
0x00007ff870420000 - 0x00007ff870477000 	C:\Windows\System32\shlwapi.dll
0x00007ff86ebd0000 - 0x00007ff86ebe1000 	C:\Windows\System32\kernel.appcore.dll
0x00007ff86f600000 - 0x00007ff86f61b000 	C:\Windows\System32\cryptsp.dll
0x00007ff86e470000 - 0x00007ff86e4e4000 	C:\Windows\system32\cssguard64.dll
0x00007ff870800000 - 0x00007ff8708c4000 	C:\Windows\System32\OLEAUT32.dll
0x00007ff86fac0000 - 0x00007ff86fcd6000 	C:\Windows\System32\CRYPT32.dll
0x00007ff86ebf0000 - 0x00007ff86ec02000 	C:\Windows\System32\MSASN1.dll
0x00007ff858ce0000 - 0x00007ff858cec000 	c:\Users\user\.antigravity\extensions\redhat.java-1.50.0-win32-x64\jre\21.0.9-win32-x86_64\bin\vcruntime140_1.dll
0x00007ff81de00000 - 0x00007ff81de8d000 	c:\Users\user\.antigravity\extensions\redhat.java-1.50.0-win32-x64\jre\21.0.9-win32-x86_64\bin\msvcp140.dll
0x00007ff81cff0000 - 0x00007ff81dd90000 	c:\Users\user\.antigravity\extensions\redhat.java-1.50.0-win32-x64\jre\21.0.9-win32-x86_64\bin\server\jvm.dll
0x00007ff870fc0000 - 0x00007ff87102d000 	C:\Windows\System32\WS2_32.dll
0x00007ff86af20000 - 0x00007ff86af44000 	C:\Windows\SYSTEM32\WINMM.dll
0x00007ff86aef0000 - 0x00007ff86af1d000 	C:\Windows\SYSTEM32\WINMMBASE.dll
0x00007ff855700000 - 0x00007ff85570a000 	c:\Users\user\.antigravity\extensions\redhat.java-1.50.0-win32-x64\jre\21.0.9-win32-x86_64\bin\jimage.dll
0x00007ff86e540000 - 0x00007ff86e72d000 	C:\Windows\SYSTEM32\DBGHELP.DLL
0x00007ff8564e0000 - 0x00007ff85650a000 	C:\Windows\SYSTEM32\dbgcore.DLL
0x00007ff855480000 - 0x00007ff85548f000 	c:\Users\user\.antigravity\extensions\redhat.java-1.50.0-win32-x64\jre\21.0.9-win32-x86_64\bin\instrument.dll
0x00007ff842000000 - 0x00007ff842020000 	c:\Users\user\.antigravity\extensions\redhat.java-1.50.0-win32-x64\jre\21.0.9-win32-x86_64\bin\java.dll
0x00007ff841fe0000 - 0x00007ff841ff8000 	c:\Users\user\.antigravity\extensions\redhat.java-1.50.0-win32-x64\jre\21.0.9-win32-x86_64\bin\zip.dll
0x00007ff84e520000 - 0x00007ff84e530000 	C:\Users\user\.antigravity\extensions\redhat.java-1.50.0-win32-x64\jre\21.0.9-win32-x86_64\bin\net.dll
0x00007ff860410000 - 0x00007ff86050d000 	C:\Windows\SYSTEM32\WINHTTP.dll
0x00007ff86de90000 - 0x00007ff86def7000 	C:\Windows\system32\mswsock.dll
0x00007ff81dde0000 - 0x00007ff81ddf6000 	C:\Users\user\.antigravity\extensions\redhat.java-1.50.0-win32-x64\jre\21.0.9-win32-x86_64\bin\nio.dll
0x00007ff847620000 - 0x00007ff847630000 	c:\Users\user\.antigravity\extensions\redhat.java-1.50.0-win32-x64\jre\21.0.9-win32-x86_64\bin\verify.dll
0x00007ff81a5c0000 - 0x00007ff81a604000 	C:\Users\user\AppData\Roaming\Antigravity\User\globalStorage\redhat.java\1.50.0\config_win\org.eclipse.equinox.launcher\org.eclipse.equinox.launcher.win32.win32.x86_64_1.2.1400.v20250801-0854\eclipse_11916.dll
0x00007ff86d9f0000 - 0x00007ff86da23000 	C:\Windows\system32\rsaenh.dll
0x00007ff86ead0000 - 0x00007ff86eaf9000 	C:\Windows\SYSTEM32\USERENV.dll
0x00007ff86e060000 - 0x00007ff86e06c000 	C:\Windows\SYSTEM32\CRYPTBASE.dll
0x00007ff86db80000 - 0x00007ff86dbbd000 	C:\Windows\SYSTEM32\IPHLPAPI.DLL
0x00007ff872c10000 - 0x00007ff872c18000 	C:\Windows\System32\NSI.dll
0x00007ff81cfa0000 - 0x00007ff81cfe9000 	C:\Users\user\AppData\Local\Temp\jna-3599307\jna2886010005856224937.dll
0x00007ff870410000 - 0x00007ff870418000 	C:\Windows\System32\PSAPI.DLL
0x00007ff8658e0000 - 0x00007ff8658f6000 	C:\Windows\SYSTEM32\dhcpcsvc6.DLL
0x00007ff8659b0000 - 0x00007ff8659cc000 	C:\Windows\SYSTEM32\dhcpcsvc.DLL
0x00007ff868150000 - 0x00007ff868159000 	C:\Users\user\.antigravity\extensions\redhat.java-1.50.0-win32-x64\jre\21.0.9-win32-x86_64\bin\extnet.dll

JVMTI agents:
c:\Users\user\.antigravity\extensions\redhat.java-1.50.0-win32-x64\lombok\lombok-1.18.39-4050.jar path:c:\Users\user\.antigravity\extensions\redhat.java-1.50.0-win32-x64\jre\21.0.9-win32-x86_64\bin\instrument.dll, loaded, initialized, instrumentlib options:none

dbghelp: loaded successfully - version: 4.0.5 - missing functions: none
symbol engine: initialized successfully - sym options: 0x614 - pdb path: .;c:\Users\user\.antigravity\extensions\redhat.java-1.50.0-win32-x64\jre\21.0.9-win32-x86_64\bin;C:\Windows\SYSTEM32;C:\Windows\WinSxS\amd64_microsoft.windows.common-controls_6595b64144ccf1df_6.0.17763.8027_none_de6f50e0534d0f99;c:\Users\user\.antigravity\extensions\redhat.java-1.50.0-win32-x64\jre\21.0.9-win32-x86_64\bin\server;C:\Users\user\AppData\Roaming\Antigravity\User\globalStorage\redhat.java\1.50.0\config_win\org.eclipse.equinox.launcher\org.eclipse.equinox.launcher.win32.win32.x86_64_1.2.1400.v20250801-0854;C:\Users\user\AppData\Local\Temp\jna-3599307

VM Arguments:
jvm_args: --add-modules=ALL-SYSTEM --add-opens=java.base/java.util=ALL-UNNAMED --add-opens=java.base/java.lang=ALL-UNNAMED --add-opens=java.base/sun.nio.fs=ALL-UNNAMED -Declipse.application=org.eclipse.jdt.ls.core.id1 -Dosgi.bundles.defaultStartLevel=4 -Declipse.product=org.eclipse.jdt.ls.core.product -Djava.import.generatesMetadataFilesAtProjectRoot=true -DDetectVMInstallationsJob.disabled=true -Dfile.encoding=utf8 -XX:+UseParallelGC -XX:GCTimeRatio=4 -XX:AdaptiveSizePolicyWeight=90 -Dsun.zip.disableMemoryMapping=true -Xmx4G -Xms100m -Xlog:disable -javaagent:c:\Users\user\.antigravity\extensions\redhat.java-1.50.0-win32-x64\lombok\lombok-1.18.39-4050.jar -XX:+HeapDumpOnOutOfMemoryError -XX:HeapDumpPath=c:\Users\user\AppData\Roaming\Antigravity\User\workspaceStorage\f601d289a7636e24eb0dfe17bcea24fd\redhat.java -Daether.dependencyCollector.impl=bf 
java_command: c:\Users\user\.antigravity\extensions\redhat.java-1.50.0-win32-x64\server\plugins\org.eclipse.equinox.launcher_1.7.100.v20251111-0406.jar -configuration c:\Users\user\AppData\Roaming\Antigravity\User\globalStorage\redhat.java\1.50.0\config_win -data c:\Users\user\AppData\Roaming\Antigravity\User\workspaceStorage\f601d289a7636e24eb0dfe17bcea24fd\redhat.java\jdt_ws --pipe=\\.\pipe\lsp-53f6bc99ef72d60387b06809f5897865-sock
java_class_path (initial): c:\Users\user\.antigravity\extensions\redhat.java-1.50.0-win32-x64\server\plugins\org.eclipse.equinox.launcher_1.7.100.v20251111-0406.jar
Launcher Type: SUN_STANDARD

[Global flags]
    uintx AdaptiveSizePolicyWeight                 = 90                                        {product} {command line}
     intx CICompilerCount                          = 4                                         {product} {ergonomic}
    uintx GCTimeRatio                              = 4                                         {product} {command line}
     bool HeapDumpOnOutOfMemoryError               = true                                   {manageable} {command line}
    ccstr HeapDumpPath                             = c:\Users\user\AppData\Roaming\Antigravity\User\workspaceStorage\f601d289a7636e24eb0dfe17bcea24fd\redhat.java         {manageable} {command line}
   size_t InitialHeapSize                          = 104857600                                 {product} {command line}
   size_t MaxHeapSize                              = 4294967296                                {product} {command line}
   size_t MaxNewSize                               = 1431306240                                {product} {ergonomic}
   size_t MinHeapDeltaBytes                        = 524288                                    {product} {ergonomic}
   size_t MinHeapSize                              = 104857600                                 {product} {command line}
   size_t NewSize                                  = 34603008                                  {product} {ergonomic}
    uintx NonNMethodCodeHeapSize                   = 5839372                                {pd product} {ergonomic}
    uintx NonProfiledCodeHeapSize                  = 122909434                              {pd product} {ergonomic}
   size_t OldSize                                  = 70254592                                  {product} {ergonomic}
    uintx ProfiledCodeHeapSize                     = 122909434                              {pd product} {ergonomic}
    uintx ReservedCodeCacheSize                    = 251658240                              {pd product} {ergonomic}
     bool SegmentedCodeCache                       = true                                      {product} {ergonomic}
   size_t SoftMaxHeapSize                          = 4294967296                             {manageable} {ergonomic}
     bool UseCompressedOops                        = true                           {product lp64_product} {ergonomic}
     bool UseLargePagesIndividualAllocation        = false                                  {pd product} {ergonomic}
     bool UseParallelGC                            = true                                      {product} {command line}

Logging:
Log output configuration:
 #0: stdout all=off uptime,level,tags foldmultilines=false
 #1: stderr all=off uptime,level,tags foldmultilines=false

Release file:
JAVA_VERSION="21.0.9" 
MODULES="java.base java.compiler java.datatransfer java.xml java.prefs java.desktop java.instrument java.logging java.management java.security.sasl java.naming java.rmi java.management.rmi java.net.http java.scripting java.security.jgss java.transaction.xa java.sql java.sql.rowset java.xml.crypto java.se java.smartcardio jdk.accessibility jdk.internal.jvmstat jdk.attach jdk.charsets jdk.internal.opt jdk.zipfs jdk.compiler jdk.crypto.ec jdk.crypto.cryptoki jdk.crypto.mscapi jdk.dynalink jdk.internal.ed jdk.editpad jdk.hotspot.agent jdk.httpserver jdk.internal.le jdk.internal.vm.ci jdk.internal.vm.compiler jdk.internal.vm.compiler.management jdk.jartool jdk.javadoc jdk.jcmd jdk.management jdk.management.agent jdk.jconsole jdk.jdeps jdk.jdwp.agent jdk.jdi jdk.jfr jdk.jshell jdk.jsobject jdk.jstatd jdk.localedata jdk.management.jfr jdk.naming.dns jdk.naming.rmi jdk.net jdk.nio.mapmode jdk.random jdk.sctp jdk.security.auth jdk.security.jgss jdk.unsupported jdk.unsupported.desktop jdk.xml.dom" 

Environment Variables:
JAVA_HOME=C:\Program Files\Java\jdk-21
PATH=C:\Program Files\Common Files\Oracle\Java\javapath;C:\Program Files\FFmpeg\bin;C:\Users\user\AppData\Local\Programs\Python\Python312\Scripts\;C:\Users\user\AppData\Local\Programs\Python\Python312\;C:\Windows\system32;C:\Windows;C:\Windows\System32\Wbem;C:\Windows\System32\WindowsPowerShell\v1.0\;C:\Windows\System32\OpenSSH\;C:\Program Files\Git\cmd;C:\Users\user\.m2\apache-maven-3.9.6\bin;C:\ProgramData\chocolatey\bin;C:\Program Files\dotnet\;C:\Users\user\.dotnet\tools;C:\Users\user\.dotnet\tools\wix3;C:\Program Files\Eclipse Adoptium\jdk-21.0.2.13-hotspot\bin\server;C:\Users\user\AppData\Local\Programs\Python\Launcher\;C:\Users\user\AppData\Local\Microsoft\WindowsApps;C:\msys64\ucrt64\bin;C:\Users\user\AppData\Local\Programs\Microsoft VS Code\bin;C:\Users\user\AppData\Roaming\npm;C:\Users\user\AppData\Roaming\Programs\Zero Install;C:\Users\user\AppData\Local\GitHubDesktop\bin;C:\Program Files\Java\jdk-21\bin;C:\Program Files (x86)\Gpg4win\..\GnuPG\bin;C:\Program Files (x86)\Launch4j;C:\Program Files (x86)\Inno Setup 6;C:\Program Files\CMake\bin;c:\Users\user\AppData\Local\Programs\cursor\resources\app\bin;c:\Users\user\AppData\Local\Programs\cursor\resources\app\bin;C:\Program Files\cursor\resources\app\bin;C:\Program Files\Gradle\gradle-9.0.0\bin;C:\Program Files\nodejs;C:\Program Files\nodejs\;C:\Program Files (x86)\Windows Kits\10\Windows Performance Toolkit\;C:\Users\user\AppData\Local\Programs\Python\Launcher\;C:\Users\user\AppData\Local\Microsoft\WindowsApps;C:\msys64\ucrt64\bin;C:\Users\user\AppData\Local\Programs\Microsoft VS Code\bin;C:\Users\user\.dotnet\tools;C:\Users\user\AppData\Local\GitHubDesktop\bin;C:\Program Files\VideoLAN\VLC;C:\Users\user\.dotnet\tools;C:\Users\user\cli-tools;C:\Users\user\AppData\Roaming\npm;C:\Users\user\AppData\Local\Programs\Windsurf\bin
USERNAME=user
OS=Windows_NT
PROCESSOR_IDENTIFIER=AMD64 Family 23 Model 24 Stepping 1, AuthenticAMD
TMP=C:\Users\user\AppData\Local\Temp
TEMP=C:\Users\user\AppData\Local\Temp




Periodic native trim disabled

---------------  S Y S T E M  ---------------

OS:
 Windows 10 , 64 bit Build 17763 (10.0.17763.7009)
OS uptime: 0 days 23:38 hours

CPU: total 8 (initial active 8) (8 cores per cpu, 2 threads per core) family 23 model 24 stepping 1 microcode 0x0, cx8, cmov, fxsr, ht, mmx, 3dnowpref, sse, sse2, sse3, ssse3, sse4a, sse4.1, sse4.2, popcnt, lzcnt, tsc, tscinvbit, avx, avx2, aes, clmul, bmi1, bmi2, adx, sha, fma, vzeroupper, clflush, clflushopt, rdtscp, f16c
Processor Information for the first 8 processors :
  Max Mhz: 2100, Current Mhz: 2100, Mhz Limit: 2100

Memory: 4k page, system-wide physical 30597M (14267M free)
TotalPageFile size 35205M (AvailPageFile size 10383M)
current process WorkingSet (physical memory assigned to process): 1138M, peak: 1689M
current process commit charge ("private bytes"): 1822M, peak: 1842M

vm_info: OpenJDK 64-Bit Server VM (21.0.9+10-LTS) for windows-amd64 JRE (21.0.9+10-LTS), built on 2025-10-21T00:00:00Z by "admin" with unknown MS VC++:1942

END.
