#
# A fatal error has been detected by the Java Runtime Environment:
#
#  EXCEPTION_ACCESS_VIOLATION (0xc0000005) at pc=0x00007ffeabfdffa4, pid=16468, tid=17072
#
# JRE version: OpenJDK Runtime Environment Temurin-21.0.8+9 (21.0.8+9) (build 21.0.8+9-LTS)
# Java VM: OpenJDK 64-Bit Server VM Temurin-21.0.8+9 (21.0.8+9-LTS, mixed mode, sharing, tiered, compressed oops, compressed class ptrs, parallel gc, windows-amd64)
# Problematic frame:
# V  [jvm.dll+0x70ffa4]
#
# No core dump will be written. Minidumps are not enabled by default on client versions of Windows
#
# If you would like to submit a bug report, please visit:
#   https://github.com/adoptium/adoptium-support/issues
#

---------------  S U M M A R Y ------------

Command Line: --add-modules=ALL-SYSTEM --add-opens=java.base/java.util=ALL-UNNAMED --add-opens=java.base/java.lang=ALL-UNNAMED --add-opens=java.base/sun.nio.fs=ALL-UNNAMED -Declipse.application=org.eclipse.jdt.ls.core.id1 -Dosgi.bundles.defaultStartLevel=4 -Declipse.product=org.eclipse.jdt.ls.core.product -Djava.import.generatesMetadataFilesAtProjectRoot=true -DDetectVMInstallationsJob.disabled=true -Dfile.encoding=utf8 -XX:+UseParallelGC -XX:GCTimeRatio=4 -XX:AdaptiveSizePolicyWeight=90 -Dsun.zip.disableMemoryMapping=true -Xmx4G -Xms100m -Xlog:disable -javaagent:c:\Users\user\.cursor\extensions\redhat.java-1.47.0-win32-x64\lombok\lombok-1.18.39-4050.jar -XX:+HeapDumpOnOutOfMemoryError -XX:HeapDumpPath=c:\Users\user\AppData\Roaming\Cursor\User\workspaceStorage\f601d289a7636e24eb0dfe17bcea24fd\redhat.java -Daether.dependencyCollector.impl=bf c:\Users\user\.cursor\extensions\redhat.java-1.47.0-win32-x64\server\plugins\org.eclipse.equinox.launcher_1.7.100.v20251014-1222.jar -configuration c:\Users\user\AppData\Roaming\Cursor\User\globalStorage\redhat.java\1.47.0\config_win -data c:\Users\user\AppData\Roaming\Cursor\User\workspaceStorage\f601d289a7636e24eb0dfe17bcea24fd\redhat.java\jdt_ws --pipe=\\.\pipe\lsp-00e20acde577c7178094c163d6071c51-sock

Host: AMD Ryzen 5 3550H with Radeon Vega Mobile Gfx  , 8 cores, 29G,  Windows 10 , 64 bit Build 17763 (10.0.17763.7009)
Time: Sun Nov  9 11:12:56 2025 RTZ 3 (зима) elapsed time: 49391.553562 seconds (0d 13h 43m 11s)

---------------  T H R E A D  ---------------

Current thread (0x000001e273824850):  WorkerThread "GC Thread#7"    [id=17072, stack(0x000000adb7a00000,0x000000adb7b00000) (1024K)]

Stack: [0x000000adb7a00000,0x000000adb7b00000],  sp=0x000000adb7aff5f0,  free space=1021k
Native frames: (J=compiled Java code, j=interpreted, Vv=VM code, C=native code)
V  [jvm.dll+0x70ffa4]
V  [jvm.dll+0x712625]
V  [jvm.dll+0x712acf]
V  [jvm.dll+0x8dc2e7]
V  [jvm.dll+0x857e6b]
V  [jvm.dll+0x6d0b0d]
C  [ucrtbase.dll+0x2268a]
C  [KERNEL32.DLL+0x17ac4]
C  [ntdll.dll+0x5a8c1]


siginfo: EXCEPTION_ACCESS_VIOLATION (0xc0000005), reading address 0x00000007fffffff8


Registers:
RAX=0x0000000000000062, RBX=0x000000070d7e2ac4, RCX=0x0000000000000003, RDX=0x00000007fffffff8
RSP=0x000000adb7aff5f0, RBP=0x000000000000112a, RSI=0x00000000000181b2, RDI=0x000001e272083300
R8 =0x0000000000000000, R9 =0x000000000000000c, R10=0x000001e272082760, R11=0x0000000000000001
R12=0x0000000000000010, R13=0x000000000000000c, R14=0x000000000000115c, R15=0x0000000000000000
RIP=0x00007ffeabfdffa4, EFLAGS=0x0000000000010202

XMM[0]=0x0000001b00001d30 0x0000000000000001
XMM[1]=0x004c002e0073006c 0x002e006d006f0064
XMM[2]=0x0000000000000000 0xf56df3ebf56df3ef
XMM[3]=0x0000000000000000 0x0000000000000000
XMM[4]=0xf56df3d700000000 0x0000000000000000
XMM[5]=0x0072006500530053 0x004c002e0073006c
XMM[6]=0x0000000000000000 0x0000000000000000
XMM[7]=0x0000000000000000 0x0000000000000000
XMM[8]=0x0000000000000000 0x0000000000000000
XMM[9]=0x0000000000000000 0x0000000000000000
XMM[10]=0x0000000000000000 0x0000000000000000
XMM[11]=0x0000000000000000 0x0000000000000000
XMM[12]=0x0000000000000000 0x0000000000000000
XMM[13]=0x0000000000000000 0x0000000000000000
XMM[14]=0x0000000000000000 0x0000000000000000
XMM[15]=0x0000000000000000 0x0000000000000000
  MXCSR=0x00001fa0


Register to memory mapping:

RAX=0x0000000000000062 is an unknown value
RBX=0x000000070d7e2ac4 is pointing into object: [Lorg.eclipse.jdt.internal.compiler.lookup.TypeBinding; 
{0x000000070d7de578} - klass: 'org/eclipse/jdt/internal/compiler/lookup/TypeBinding'[]
 - length: 8194
RCX=0x0000000000000003 is an unknown value
RDX=0x00000007fffffff8 is an unallocated location in the heap
RSP=0x000000adb7aff5f0 points into unknown readable memory: 0x000000070d7e2ae0 | e0 2a 7e 0d 07 00 00 00
RBP=0x000000000000112a is an unknown value
RSI=0x00000000000181b2 is an unknown value
RDI=0x000001e272083300 points into unknown readable memory: 0x00007ffeac362888 | 88 28 36 ac fe 7f 00 00
R8 =0x0 is null
R9 =0x000000000000000c is an unknown value
R10=0x000001e272082760 points into unknown readable memory: 0x0000000000000000 | 00 00 00 00 00 00 00 00
R11=0x0000000000000001 is an unknown value
R12=0x0000000000000010 is an unknown value
R13=0x000000000000000c is an unknown value
R14=0x000000000000115c is an unknown value
R15=0x0 is null

Top of Stack: (sp=0x000000adb7aff5f0)
0x000000adb7aff5f0:   000000070d7e2ae0 00007ffeabc09a92
0x000000adb7aff600:   0000000000000001 0000000000000003
0x000000adb7aff610:   000000adb65ff1f8 0000000000000006
0x000000adb7aff620:   000001e278044c00 0000000000000005
0x000000adb7aff630:   0000000000000006 000000adb65ff250
0x000000adb7aff640:   0000000000000000 00007ffeabfe2625
0x000000adb7aff650:   001ec37c000181ad 0000000000000000
0x000000adb7aff660:   000000adb65ff250 000001e272083300
0x000000adb7aff670:   000000adb65ff0f0 00007ffeabfe2acf
0x000000adb7aff680:   000001e272083300 000000adb7aff719
0x000000adb7aff690:   00000007ab7200c2 000000adb65ff230
0x000000adb7aff6a0:   000001e272083300 0000000000000006
0x000000adb7aff6b0:   0000000000000008 000001e215112f30
0x000000adb7aff6c0:   000001e272083300 00007ffe00000006
0x000000adb7aff6d0:   00007ffeac362b68 000001e272083300
0x000000adb7aff6e0:   000000adb65ff0f0 000001e27226cfd0
0x000000adb7aff6f0:   00000000000003d8 000001e27226cfe0
0x000000adb7aff700:   000001e27226d3b8 00007ffeac362b58
0x000000adb7aff710:   0000000000000006 0000000000000000
0x000000adb7aff720:   0000000000000000 0000000000000000
0x000000adb7aff730:   0000000000000000 0000bea4cf8ae1b6
0x000000adb7aff740:   000001e27362d7b0 0000000000000000
0x000000adb7aff750:   0000000000000030 000001e2739455c0
0x000000adb7aff760:   0000000000000006 000001e212e4d5a8
0x000000adb7aff770:   000001e273824850 00007ffeac1ac2e7
0x000000adb7aff780:   000001e212e4d5a8 000001e273824850
0x000000adb7aff790:   0000000000000070 000001e2739455c0
0x000000adb7aff7a0:   0000000000000000 000001e273824850
0x000000adb7aff7b0:   0000000000000000 0000000000100000
0x000000adb7aff7c0:   0000000000000000 00007ffeac127e6b
0x000000adb7aff7d0:   000000adb7a00000 00000000ffffffff
0x000000adb7aff7e0:   0000000000000000 0000000000000000 

Instructions: (pc=0x00007ffeabfdffa4)
0x00007ffeabfdfea4:   45 c5 4c 63 74 18 fe 49 8b c4 44 3b b7 30 03 00
0x00007ffeabfdfeb4:   00 7e 20 41 8b ee 48 8b cf 2b af 2c 03 00 00 84
0x00007ffeabfdfec4:   d2 48 8b d3 49 0f 45 c5 89 6c 18 fe e8 7b 60 ff
0x00007ffeabfdfed4:   ff eb 17 84 d2 41 8b e8 49 0f 45 c5 8b 0c 30 49
0x00007ffeabfdfee4:   8b c4 49 0f 45 c5 89 4c 18 fe 80 3d 00 cc 58 00
0x00007ffeabfdfef4:   00 b9 18 00 00 00 48 63 c5 74 46 80 3d 69 16 52
0x00007ffeabfdff04:   00 00 49 0f 45 cc 48 03 ce 4a 8d 34 b1 48 8d 1c
0x00007ffeabfdff14:   81 48 3b de 0f 83 c2 fe ff ff 66 90 8b 03 48 3b
0x00007ffeabfdff24:   05 4f a5 5a 00 72 0c 48 8d 53 01 48 8b cf e8 19
0x00007ffeabfdff34:   60 ff ff 48 83 c3 04 48 3b de 72 e0 e9 9b fe ff
0x00007ffeabfdff44:   ff 80 3d 23 16 52 00 00 49 0f 45 cc 48 03 ce 4a
0x00007ffeabfdff54:   8d 34 f1 48 8d 1c c1 48 3b de 0f 83 7c fe ff ff
0x00007ffeabfdff64:   48 8b 05 05 a5 5a 00 48 39 03 72 0b 48 8b d3 48
0x00007ffeabfdff74:   8b cf e8 d5 5f ff ff 48 83 c3 08 48 3b de 72 e0
0x00007ffeabfdff84:   e9 57 fe ff ff f6 c3 01 74 5f 8b 53 ff 48 ff cb
0x00007ffeabfdff94:   8b 0d 8e 00 52 00 48 d3 e2 48 03 15 7c 00 52 00
0x00007ffeabfdffa4:   4c 8b 02 41 0f b6 c0 24 03 3c 03 74 0d 48 8b cf
0x00007ffeabfdffb4:   e8 e7 f1 ff ff 4c 8b c0 eb 05 90 49 83 e0 fc 8b
0x00007ffeabfdffc4:   0d 5f 00 52 00 49 8b c0 48 2b 05 4d 00 52 00 48
0x00007ffeabfdffd4:   d3 e8 89 03 48 8b 05 91 a4 5a 00 48 3b d8 0f 83
0x00007ffeabfdffe4:   f8 fd ff ff 4c 3b c0 eb 3a 48 8b 13 48 8b 0a 0f
0x00007ffeabfdfff4:   b6 c1 24 03 3c 03 74 10 4c 8b c1 48 8b cf e8 99
0x00007ffeabfe0004:   f1 ff ff 48 8b c8 eb 05 90 48 83 e1 fc 48 89 0b
0x00007ffeabfe0014:   48 8b 05 55 a4 5a 00 48 3b d8 0f 83 bc fd ff ff
0x00007ffeabfe0024:   48 3b c8 0f 82 b3 fd ff ff 8b 0d 45 e9 57 00 48
0x00007ffeabfe0034:   8b 05 26 a4 5a 00 48 d3 eb 48 8b 48 30 c6 04 0b
0x00007ffeabfe0044:   02 e9 96 fd ff ff 48 8b 44 24 60 48 89 87 60 01
0x00007ffeabfe0054:   00 00 8b 87 60 01 00 00 48 83 bf 18 03 00 00 00
0x00007ffeabfe0064:   0f 85 76 fb ff ff 48 8b 5c 24 78 48 83 c4 20 41
0x00007ffeabfe0074:   5f 41 5e 41 5d 41 5c 5f 5e 5d c3 cc 8b c1 48 c1
0x00007ffeabfe0084:   e0 0a 48 03 05 a3 a3 5a 00 c3 cc cc 40 53 41 57
0x00007ffeabfe0094:   48 83 ec 28 48 8b 05 79 98 5a 00 44 8b 3d 5e cc 


Stack slot to memory mapping:

stack at sp + 0 slots: 0x000000070d7e2ae0 is pointing into object: [Lorg.eclipse.jdt.internal.compiler.lookup.TypeBinding; 
{0x000000070d7de578} - klass: 'org/eclipse/jdt/internal/compiler/lookup/TypeBinding'[]
 - length: 8194
stack at sp + 1 slots: 0x00007ffeabc09a92 jvm.dll
stack at sp + 2 slots: 0x0000000000000001 is an unknown value
stack at sp + 3 slots: 0x0000000000000003 is an unknown value
stack at sp + 4 slots: 0x000000adb65ff1f8 points into unknown readable memory: 0x000001e2151112e0 | e0 12 11 15 e2 01 00 00
stack at sp + 5 slots: 0x0000000000000006 is an unknown value
stack at sp + 6 slots: 0x000001e278044c00 points into unknown readable memory: 0x0000000000000002 | 02 00 00 00 00 00 00 00
stack at sp + 7 slots: 0x0000000000000005 is an unknown value


---------------  P R O C E S S  ---------------

Threads class SMR info:
_java_thread_list=0x000001e279278b70, length=47, elements={
0x000001e212ea98b0, 0x000001e2152e5f80, 0x000001e2152e78a0, 0x000001e2152edf70,
0x000001e272084f60, 0x000001e272085d70, 0x000001e2720879d0, 0x000001e27208a860,
0x000001e2720ffe00, 0x000001e21523d360, 0x000001e2731e7460, 0x000001e27394b520,
0x000001e2738bd930, 0x000001e273834400, 0x000001e273834a60, 0x000001e273990b30,
0x000001e273991850, 0x000001e27398fe10, 0x000001e2739911c0, 0x000001e273992570,
0x000001e279c12f00, 0x000001e279c12870, 0x000001e279c14940, 0x000001e279c15cf0,
0x000001e279c114c0, 0x000001e279c17dc0, 0x000001e279c18450, 0x000001e279c13590,
0x000001e279c13c20, 0x000001e279c18ae0, 0x000001e279c16380, 0x000001e279c16a10,
0x000001e27b8e1010, 0x000001e27b8de8b0, 0x000001e27a9c1880, 0x000001e27a9c5a20,
0x000001e27a9c60b0, 0x000001e27a9bfe40, 0x000001e27a9c2c30, 0x000001e27a9c0b60,
0x000001e27a9c32c0, 0x000001e27b8def40, 0x000001e27b8e2a50, 0x000001e27b8e23c0,
0x000001e27b8e3e00, 0x000001e27b8ddb90, 0x000001e27b8dce70
}

Java Threads: ( => current thread )
  0x000001e212ea98b0 JavaThread "main"                              [_thread_blocked, id=16816, stack(0x000000adb6200000,0x000000adb6300000) (1024K)]
  0x000001e2152e5f80 JavaThread "Reference Handler"          daemon [_thread_blocked, id=16708, stack(0x000000adb6600000,0x000000adb6700000) (1024K)]
  0x000001e2152e78a0 JavaThread "Finalizer"                  daemon [_thread_blocked, id=17392, stack(0x000000adb6700000,0x000000adb6800000) (1024K)]
  0x000001e2152edf70 JavaThread "Signal Dispatcher"          daemon [_thread_blocked, id=17124, stack(0x000000adb6800000,0x000000adb6900000) (1024K)]
  0x000001e272084f60 JavaThread "Attach Listener"            daemon [_thread_blocked, id=17388, stack(0x000000adb6900000,0x000000adb6a00000) (1024K)]
  0x000001e272085d70 JavaThread "Service Thread"             daemon [_thread_blocked, id=16532, stack(0x000000adb6a00000,0x000000adb6b00000) (1024K)]
  0x000001e2720879d0 JavaThread "Monitor Deflation Thread"   daemon [_thread_blocked, id=16536, stack(0x000000adb6b00000,0x000000adb6c00000) (1024K)]
  0x000001e27208a860 JavaThread "C2 CompilerThread0"         daemon [_thread_blocked, id=16540, stack(0x000000adb6c00000,0x000000adb6d00000) (1024K)]
  0x000001e2720ffe00 JavaThread "C1 CompilerThread0"         daemon [_thread_blocked, id=16552, stack(0x000000adb6d00000,0x000000adb6e00000) (1024K)]
  0x000001e21523d360 JavaThread "Common-Cleaner"             daemon [_thread_blocked, id=14184, stack(0x000000adb6e00000,0x000000adb6f00000) (1024K)]
  0x000001e2731e7460 JavaThread "Notification Thread"        daemon [_thread_blocked, id=15196, stack(0x000000adb6f00000,0x000000adb7000000) (1024K)]
  0x000001e27394b520 JavaThread "Active Thread: Equinox Container: 7796a789-f073-46dd-8c0b-1e9e29a27283"        [_thread_blocked, id=17128, stack(0x000000adb7800000,0x000000adb7900000) (1024K)]
  0x000001e2738bd930 JavaThread "Refresh Thread: Equinox Container: 7796a789-f073-46dd-8c0b-1e9e29a27283" daemon [_thread_blocked, id=16488, stack(0x000000adb7900000,0x000000adb7a00000) (1024K)]
  0x000001e273834400 JavaThread "Framework Event Dispatcher: Equinox Container: 7796a789-f073-46dd-8c0b-1e9e29a27283" daemon [_thread_blocked, id=2984, stack(0x000000adb7b00000,0x000000adb7c00000) (1024K)]
  0x000001e273834a60 JavaThread "Start Level: Equinox Container: 7796a789-f073-46dd-8c0b-1e9e29a27283" daemon [_thread_blocked, id=15740, stack(0x000000adb7c00000,0x000000adb7d00000) (1024K)]
  0x000001e273990b30 JavaThread "Bundle File Closer"         daemon [_thread_blocked, id=10888, stack(0x000000adb7d00000,0x000000adb7e00000) (1024K)]
  0x000001e273991850 JavaThread "SCR Component Actor"        daemon [_thread_blocked, id=14756, stack(0x000000adb7000000,0x000000adb7100000) (1024K)]
  0x000001e27398fe10 JavaThread "Worker-JM"                         [_thread_blocked, id=16152, stack(0x000000adb7e00000,0x000000adb7f00000) (1024K)]
  0x000001e2739911c0 JavaThread "JNA Cleaner"                daemon [_thread_blocked, id=16460, stack(0x000000adb7700000,0x000000adb7800000) (1024K)]
  0x000001e273992570 JavaThread "Java indexing"              daemon [_thread_blocked, id=4644, stack(0x000000adb8400000,0x000000adb8500000) (1024K)]
  0x000001e279c12f00 JavaThread "Thread-1"                   daemon [_thread_in_native, id=15876, stack(0x000000adb8700000,0x000000adb8800000) (1024K)]
  0x000001e279c12870 JavaThread "Thread-2"                   daemon [_thread_in_native, id=1388, stack(0x000000adb8800000,0x000000adb8900000) (1024K)]
  0x000001e279c14940 JavaThread "Thread-3"                   daemon [_thread_in_native, id=15216, stack(0x000000adb8900000,0x000000adb8a00000) (1024K)]
  0x000001e279c15cf0 JavaThread "Thread-4"                   daemon [_thread_in_native, id=6216, stack(0x000000adb8a00000,0x000000adb8b00000) (1024K)]
  0x000001e279c114c0 JavaThread "Thread-5"                   daemon [_thread_in_native, id=13568, stack(0x000000adb8b00000,0x000000adb8c00000) (1024K)]
  0x000001e279c17dc0 JavaThread "Thread-6"                   daemon [_thread_in_native, id=15572, stack(0x000000adb8c00000,0x000000adb8d00000) (1024K)]
  0x000001e279c18450 JavaThread "Thread-7"                   daemon [_thread_in_native, id=9836, stack(0x000000adb8d00000,0x000000adb8e00000) (1024K)]
  0x000001e279c13590 JavaThread "Thread-8"                   daemon [_thread_in_native, id=1748, stack(0x000000adb8e00000,0x000000adb8f00000) (1024K)]
  0x000001e279c13c20 JavaThread "Thread-9"                   daemon [_thread_in_native, id=17376, stack(0x000000adb8f00000,0x000000adb9000000) (1024K)]
  0x000001e279c18ae0 JavaThread "pool-2-thread-1"                   [_thread_blocked, id=10308, stack(0x000000adb9000000,0x000000adb9100000) (1024K)]
  0x000001e279c16380 JavaThread "WorkspaceEventsHandler"            [_thread_blocked, id=16924, stack(0x000000adb9100000,0x000000adb9200000) (1024K)]
  0x000001e279c16a10 JavaThread "pool-1-thread-1"                   [_thread_blocked, id=17384, stack(0x000000adb9200000,0x000000adb9300000) (1024K)]
  0x000001e27b8e1010 JavaThread "Cleaner-0"                  daemon [_thread_blocked, id=8940, stack(0x000000adb9c00000,0x000000adb9d00000) (1024K)]
  0x000001e27b8de8b0 JavaThread "Worker-56"                         [_thread_blocked, id=20104, stack(0x000000adb8200000,0x000000adb8300000) (1024K)]
  0x000001e27a9c1880 JavaThread "Compiler Source File Reader" daemon [_thread_blocked, id=18084, stack(0x000000adb6000000,0x000000adb6100000) (1024K)]
  0x000001e27a9c5a20 JavaThread "Compiler Source File Reader" daemon [_thread_blocked, id=23912, stack(0x000000adb8000000,0x000000adb8100000) (1024K)]
  0x000001e27a9c60b0 JavaThread "Compiler Source File Reader" daemon [_thread_blocked, id=22700, stack(0x000000adb8100000,0x000000adb8200000) (1024K)]
  0x000001e27a9bfe40 JavaThread "Compiler Source File Reader" daemon [_thread_blocked, id=24392, stack(0x000000adb7f00000,0x000000adb8000000) (1024K)]
  0x000001e27a9c2c30 JavaThread "Worker-61"                         [_thread_blocked, id=22152, stack(0x000000adb8300000,0x000000adb8400000) (1024K)]
  0x000001e27a9c0b60 JavaThread "Compiler Source File Reader" daemon [_thread_blocked, id=24188, stack(0x000000adb6100000,0x000000adb6200000) (1024K)]
  0x000001e27a9c32c0 JavaThread "Compiler Processing Task"   daemon [_thread_blocked, id=21628, stack(0x000000adb8500000,0x000000adb8600000) (1024K)]
  0x000001e27b8def40 JavaThread "Compiler Source File Reader" daemon [_thread_blocked, id=23116, stack(0x000000adb8600000,0x000000adb8700000) (1024K)]
  0x000001e27b8e2a50 JavaThread "Worker-63"                         [_thread_blocked, id=7328, stack(0x000000adb9400000,0x000000adb9500000) (1024K)]
  0x000001e27b8e23c0 JavaThread "ForkJoinPool.commonPool-worker-59" daemon [_thread_blocked, id=22896, stack(0x000000adb9300000,0x000000adb9400000) (1024K)]
  0x000001e27b8e3e00 JavaThread "ForkJoinPool.commonPool-worker-60" daemon [_thread_blocked, id=17544, stack(0x000000adb9500000,0x000000adb9600000) (1024K)]
  0x000001e27b8ddb90 JavaThread "Worker-64"                         [_thread_blocked, id=22204, stack(0x000000adb9600000,0x000000adb9700000) (1024K)]
  0x000001e27b8dce70 JavaThread "Worker-65"                         [_thread_blocked, id=21436, stack(0x000000adb9700000,0x000000adb9800000) (1024K)]
Total: 47

Other Threads:
  0x000001e272084820 VMThread "VM Thread"                           [id=16704, stack(0x000000adb6500000,0x000000adb6600000) (1024K)]
  0x000001e21523c060 WatcherThread "VM Periodic Task Thread"        [id=6256, stack(0x000000adb6400000,0x000000adb6500000) (1024K)]
  0x000001e215110460 WorkerThread "GC Thread#0"                     [id=11940, stack(0x000000adb6300000,0x000000adb6400000) (1024K)]
  0x000001e2732d1cd0 WorkerThread "GC Thread#1"                     [id=17024, stack(0x000000adb7100000,0x000000adb7200000) (1024K)]
  0x000001e2732d2070 WorkerThread "GC Thread#2"                     [id=16456, stack(0x000000adb7200000,0x000000adb7300000) (1024K)]
  0x000001e2732d2410 WorkerThread "GC Thread#3"                     [id=17140, stack(0x000000adb7300000,0x000000adb7400000) (1024K)]
  0x000001e27362c270 WorkerThread "GC Thread#4"                     [id=16896, stack(0x000000adb7400000,0x000000adb7500000) (1024K)]
  0x000001e27362c610 WorkerThread "GC Thread#5"                     [id=17328, stack(0x000000adb7500000,0x000000adb7600000) (1024K)]
  0x000001e27362c9b0 WorkerThread "GC Thread#6"                     [id=17028, stack(0x000000adb7600000,0x000000adb7700000) (1024K)]
=>0x000001e273824850 WorkerThread "GC Thread#7"                     [id=17072, stack(0x000000adb7a00000,0x000000adb7b00000) (1024K)]
Total: 10

Threads with active compile tasks:
Total: 0

VM state: at safepoint (normal execution)

VM Mutex/Monitor currently owned by a thread:  ([mutex/lock_event])
[0x00007ffeac585458] Threads_lock - owner thread: 0x000001e272084820
[0x00007ffeac585558] Heap_lock - owner thread: 0x000001e273992570

Heap address: 0x0000000700000000, size: 4096 MB, Compressed Oops mode: Zero based, Oop shift amount: 3

CDS archive(s) mapped at: [0x000001e231000000-0x000001e231ba0000-0x000001e231ba0000), size 12189696, SharedBaseAddress: 0x000001e231000000, ArchiveRelocationMode: 1.
Compressed class space mapped at: 0x000001e232000000-0x000001e272000000, reserved size: 1073741824
Narrow klass base: 0x000001e231000000, Narrow klass shift: 0, Narrow klass range: 0x100000000

GC Precious Log:
 CardTable entry size: 512
 CPUs: 8 total, 8 available
 Memory: 30597M
 Large Page Support: Disabled
 NUMA Support: Disabled
 Compressed Oops: Enabled (Zero based)
 Alignments: Space 512K, Generation 512K, Heap 2M
 Heap Min Capacity: 100M
 Heap Initial Capacity: 100M
 Heap Max Capacity: 4G
 Pre-touch: Disabled
 Parallel Workers: 8

Heap:
 PSYoungGen      total 10752K, used 10720K [0x00000007aab00000, 0x00000007ab880000, 0x0000000800000000)
  eden space 8704K, 100% used [0x00000007aab00000,0x00000007ab380000,0x00000007ab380000)
  from space 2048K, 98% used [0x00000007ab680000,0x00000007ab878000,0x00000007ab880000)
  to   space 2560K, 99% used [0x00000007ab380000,0x00000007ab5fae20,0x00000007ab600000)
 ParOldGen       total 243200K, used 224386K [0x0000000700000000, 0x000000070ed80000, 0x00000007aab00000)
  object space 243200K, 92% used [0x0000000700000000,0x000000070db20990,0x000000070ed80000)
 Metaspace       used 100884K, committed 102720K, reserved 1179648K
  class space    used 9524K, committed 10432K, reserved 1048576K

Card table byte_map: [0x000001e227420000,0x000001e227c30000] _byte_map_base: 0x000001e223c20000

Marking Bits: (ParMarkBitMap*) 0x00007ffeac58a340
 Begin Bits: [0x000001e227c30000, 0x000001e22bc30000)
 End Bits:   [0x000001e22bc30000, 0x000001e22fc30000)

Polling page: 0x000001e2146a0000

Metaspace:

Usage:
  Non-class:     89.22 MB used.
      Class:      9.30 MB used.
       Both:     98.52 MB used.

Virtual space:
  Non-class space:      128.00 MB reserved,      90.13 MB ( 70%) committed,  2 nodes.
      Class space:        1.00 GB reserved,      10.19 MB ( <1%) committed,  1 nodes.
             Both:        1.13 GB reserved,     100.31 MB (  9%) committed. 

Chunk freelists:
   Non-Class:  5.16 MB
       Class:  5.88 MB
        Both:  11.04 MB

MaxMetaspaceSize: unlimited
CompressedClassSpaceSize: 1.00 GB
Initial GC threshold: 21.00 MB
Current GC threshold: 167.19 MB
CDS: on
 - commit_granule_bytes: 65536.
 - commit_granule_words: 8192.
 - virtual_space_node_default_size: 8388608.
 - enlarge_chunks_in_place: 1.
 - use_allocation_guard: 0.


Internal statistics:

num_allocs_failed_limit: 9.
num_arena_births: 2222.
num_arena_deaths: 464.
num_vsnodes_births: 3.
num_vsnodes_deaths: 0.
num_space_committed: 1605.
num_space_uncommitted: 0.
num_chunks_returned_to_freelist: 567.
num_chunks_taken_from_freelist: 7692.
num_chunk_merges: 146.
num_chunk_splits: 4323.
num_chunks_enlarged: 2178.
num_inconsistent_stats: 0.

CodeHeap 'non-profiled nmethods': size=120000Kb used=40361Kb max_used=44450Kb free=79638Kb
 bounds [0x000001e21fef0000, 0x000001e222ad0000, 0x000001e227420000]
CodeHeap 'profiled nmethods': size=120000Kb used=42595Kb max_used=58311Kb free=77404Kb
 bounds [0x000001e218420000, 0x000001e21bd50000, 0x000001e21f950000]
CodeHeap 'non-nmethods': size=5760Kb used=1535Kb max_used=1630Kb free=4224Kb
 bounds [0x000001e21f950000, 0x000001e21fbc0000, 0x000001e21fef0000]
CodeCache: size=245760Kb, used=84491Kb, max_used=104391Kb, free=161266Kb
 total_blobs=21863, nmethods=21017, adapters=746, full_count=0
Compilation: enabled, stopped_count=0, restarted_count=0

Compilation events (20 events):
Event: 49357.608 Thread 0x000001e2720ffe00 41274       3       org.eclipse.jdt.internal.core.builder.ReferenceCollection::internQualifiedNames (85 bytes)
Event: 49357.609 Thread 0x000001e2720ffe00 nmethod 41274 0x000001e219213b10 code [0x000001e219213da0, 0x000001e219214958]
Event: 49358.884 Thread 0x000001e2720ffe00 41275       3       org.eclipse.jdt.internal.compiler.parser.RecoveredElement::getLastStart (18 bytes)
Event: 49358.884 Thread 0x000001e2720ffe00 nmethod 41275 0x000001e2189e0710 code [0x000001e2189e08c0, 0x000001e2189e0b00]
Event: 49358.892 Thread 0x000001e2720ffe00 41276 %     3       org.eclipse.jdt.internal.compiler.parser.JavadocParser::parseTag @ 335 (2258 bytes)
Event: 49358.894 Thread 0x000001e27208a860 41277       4       org.eclipse.jdt.internal.compiler.parser.NullMarkdownHelper::resetLineStart (1 bytes)
Event: 49358.894 Thread 0x000001e27208a860 nmethod 41277 0x000001e22176fa10 code [0x000001e22176fba0, 0x000001e22176fc28]
Event: 49358.922 Thread 0x000001e2720ffe00 nmethod 41276% 0x000001e21bbc7210 code [0x000001e21bbc7a20, 0x000001e21bbcd1d8]
Event: 49358.923 Thread 0x000001e2720ffe00 41278       3       org.eclipse.jdt.internal.compiler.parser.JavadocParser::parseTag (2258 bytes)
Event: 49358.939 Thread 0x000001e2720ffe00 nmethod 41278 0x000001e21a3a0b10 code [0x000001e21a3a1300, 0x000001e21a3a6740]
Event: 49358.957 Thread 0x000001e2720ffe00 41279       1       org.eclipse.jdt.internal.compiler.lookup.BlockScope::resolvingGuardExpression (5 bytes)
Event: 49358.957 Thread 0x000001e2720ffe00 nmethod 41279 0x000001e22176f610 code [0x000001e22176f7a0, 0x000001e22176f870]
Event: 49359.064 Thread 0x000001e2720ffe00 41280 % !   3       org.eclipse.jdt.internal.compiler.lookup.Scope::getBinding @ 1085 (1524 bytes)
Event: 49359.091 Thread 0x000001e2720ffe00 nmethod 41280% 0x000001e21b89b210 code [0x000001e21b89bb20, 0x000001e21b8a4610]
Event: 49359.741 Thread 0x000001e2720ffe00 41281   !   3       org.eclipse.jdt.internal.compiler.lookup.Scope::getBinding (1524 bytes)
Event: 49359.760 Thread 0x000001e2720ffe00 nmethod 41281 0x000001e21b655f90 code [0x000001e21b656840, 0x000001e21b65d5f0]
Event: 49359.767 Thread 0x000001e27208a860 41282       4       org.eclipse.jdt.internal.compiler.parser.Parser::consumeStatementIfWithElse (106 bytes)
Event: 49359.778 Thread 0x000001e27208a860 nmethod 41282 0x000001e221c92790 code [0x000001e221c92960, 0x000001e221c92df8]
Event: 49359.812 Thread 0x000001e27208a860 41283       4       org.eclipse.jdt.internal.compiler.classfmt.FieldInfo::decodeAnnotations (185 bytes)
Event: 49359.829 Thread 0x000001e27208a860 nmethod 41283 0x000001e220658210 code [0x000001e2206583e0, 0x000001e220658920]

GC Heap History (20 events):
Event: 49357.566 GC heap after
{Heap after GC invocations=15398 (full 11):
 PSYoungGen      total 10240K, used 3546K [0x00000007aab00000, 0x00000007aba00000, 0x0000000800000000)
  eden space 5632K, 0% used [0x00000007aab00000,0x00000007aab00000,0x00000007ab080000)
  from space 4608K, 76% used [0x00000007ab080000,0x00000007ab3f6ac8,0x00000007ab500000)
  to   space 4096K, 0% used [0x00000007ab600000,0x00000007ab600000,0x00000007aba00000)
 ParOldGen       total 2789376K, used 2789286K [0x0000000700000000, 0x00000007aa400000, 0x00000007aab00000)
  object space 2789376K, 99% used [0x0000000700000000,0x00000007aa3e9928,0x00000007aa400000)
 Metaspace       used 100916K, committed 102720K, reserved 1179648K
  class space    used 9533K, committed 10432K, reserved 1048576K
}
Event: 49357.617 GC heap before
{Heap before GC invocations=15399 (full 11):
 PSYoungGen      total 10240K, used 9178K [0x00000007aab00000, 0x00000007aba00000, 0x0000000800000000)
  eden space 5632K, 100% used [0x00000007aab00000,0x00000007ab080000,0x00000007ab080000)
  from space 4608K, 76% used [0x00000007ab080000,0x00000007ab3f6ac8,0x00000007ab500000)
  to   space 4096K, 0% used [0x00000007ab600000,0x00000007ab600000,0x00000007aba00000)
 ParOldGen       total 2789376K, used 2789286K [0x0000000700000000, 0x00000007aa400000, 0x00000007aab00000)
  object space 2789376K, 99% used [0x0000000700000000,0x00000007aa3e9928,0x00000007aa400000)
 Metaspace       used 100916K, committed 102720K, reserved 1179648K
  class space    used 9533K, committed 10432K, reserved 1048576K
}
Event: 49357.635 GC heap after
{Heap after GC invocations=15399 (full 11):
 PSYoungGen      total 10240K, used 2853K [0x00000007aab00000, 0x00000007ab900000, 0x0000000800000000)
  eden space 7168K, 0% used [0x00000007aab00000,0x00000007aab00000,0x00000007ab200000)
  from space 3072K, 92% used [0x00000007ab600000,0x00000007ab8c96c0,0x00000007ab900000)
  to   space 3584K, 0% used [0x00000007ab200000,0x00000007ab200000,0x00000007ab580000)
 ParOldGen       total 2792960K, used 2792685K [0x0000000700000000, 0x00000007aa780000, 0x00000007aab00000)
  object space 2792960K, 99% used [0x0000000700000000,0x00000007aa73b518,0x00000007aa780000)
 Metaspace       used 100916K, committed 102720K, reserved 1179648K
  class space    used 9533K, committed 10432K, reserved 1048576K
}
Event: 49357.661 GC heap before
{Heap before GC invocations=15400 (full 11):
 PSYoungGen      total 10240K, used 9907K [0x00000007aab00000, 0x00000007ab900000, 0x0000000800000000)
  eden space 7168K, 98% used [0x00000007aab00000,0x00000007ab1e37b8,0x00000007ab200000)
  from space 3072K, 92% used [0x00000007ab600000,0x00000007ab8c96c0,0x00000007ab900000)
  to   space 3584K, 0% used [0x00000007ab200000,0x00000007ab200000,0x00000007ab580000)
 ParOldGen       total 2792960K, used 2792685K [0x0000000700000000, 0x00000007aa780000, 0x00000007aab00000)
  object space 2792960K, 99% used [0x0000000700000000,0x00000007aa73b518,0x00000007aa780000)
 Metaspace       used 100916K, committed 102720K, reserved 1179648K
  class space    used 9533K, committed 10432K, reserved 1048576K
}
Event: 49357.674 GC heap after
{Heap after GC invocations=15400 (full 11):
 PSYoungGen      total 10752K, used 3560K [0x00000007aab00000, 0x00000007ac380000, 0x0000000800000000)
  eden space 7168K, 0% used [0x00000007aab00000,0x00000007aab00000,0x00000007ab200000)
  from space 3584K, 99% used [0x00000007ab200000,0x00000007ab57a000,0x00000007ab580000)
  to   space 8192K, 0% used [0x00000007abb80000,0x00000007abb80000,0x00000007ac380000)
 ParOldGen       total 2796544K, used 2796266K [0x0000000700000000, 0x00000007aab00000, 0x00000007aab00000)
  object space 2796544K, 99% used [0x0000000700000000,0x00000007aaaba990,0x00000007aab00000)
 Metaspace       used 100916K, committed 102720K, reserved 1179648K
  class space    used 9533K, committed 10432K, reserved 1048576K
}
Event: 49357.741 GC heap before
{Heap before GC invocations=15401 (full 12):
 PSYoungGen      total 10752K, used 10728K [0x00000007aab00000, 0x00000007ac380000, 0x0000000800000000)
  eden space 7168K, 100% used [0x00000007aab00000,0x00000007ab200000,0x00000007ab200000)
  from space 3584K, 99% used [0x00000007ab200000,0x00000007ab57a000,0x00000007ab580000)
  to   space 8192K, 0% used [0x00000007abb80000,0x00000007abb80000,0x00000007ac380000)
 ParOldGen       total 2796544K, used 2796266K [0x0000000700000000, 0x00000007aab00000, 0x00000007aab00000)
  object space 2796544K, 99% used [0x0000000700000000,0x00000007aaaba990,0x00000007aab00000)
 Metaspace       used 100916K, committed 102720K, reserved 1179648K
  class space    used 9533K, committed 10432K, reserved 1048576K
}
Event: 49358.816 GC heap after
{Heap after GC invocations=15401 (full 12):
 PSYoungGen      total 16896K, used 0K [0x00000007aab00000, 0x00000007ac380000, 0x0000000800000000)
  eden space 8704K, 0% used [0x00000007aab00000,0x00000007aab00000,0x00000007ab380000)
  from space 8192K, 0% used [0x00000007abb80000,0x00000007abb80000,0x00000007ac380000)
  to   space 8192K, 0% used [0x00000007ab380000,0x00000007ab380000,0x00000007abb80000)
 ParOldGen       total 243200K, used 212323K [0x0000000700000000, 0x000000070ed80000, 0x00000007aab00000)
  object space 243200K, 87% used [0x0000000700000000,0x000000070cf58e58,0x000000070ed80000)
 Metaspace       used 100884K, committed 102720K, reserved 1179648K
  class space    used 9524K, committed 10432K, reserved 1048576K
}
Event: 49358.914 GC heap before
{Heap before GC invocations=15402 (full 12):
 PSYoungGen      total 16896K, used 8704K [0x00000007aab00000, 0x00000007ac380000, 0x0000000800000000)
  eden space 8704K, 100% used [0x00000007aab00000,0x00000007ab380000,0x00000007ab380000)
  from space 8192K, 0% used [0x00000007abb80000,0x00000007abb80000,0x00000007ac380000)
  to   space 8192K, 0% used [0x00000007ab380000,0x00000007ab380000,0x00000007abb80000)
 ParOldGen       total 243200K, used 212323K [0x0000000700000000, 0x000000070ed80000, 0x00000007aab00000)
  object space 243200K, 87% used [0x0000000700000000,0x000000070cf58e58,0x000000070ed80000)
 Metaspace       used 100884K, committed 102720K, reserved 1179648K
  class space    used 9524K, committed 10432K, reserved 1048576K
}
Event: 49358.919 GC heap after
{Heap after GC invocations=15402 (full 12):
 PSYoungGen      total 10752K, used 1840K [0x00000007aab00000, 0x00000007abd80000, 0x0000000800000000)
  eden space 8704K, 0% used [0x00000007aab00000,0x00000007aab00000,0x00000007ab380000)
  from space 2048K, 89% used [0x00000007ab380000,0x00000007ab54c010,0x00000007ab580000)
  to   space 4096K, 0% used [0x00000007ab980000,0x00000007ab980000,0x00000007abd80000)
 ParOldGen       total 243200K, used 212323K [0x0000000700000000, 0x000000070ed80000, 0x00000007aab00000)
  object space 243200K, 87% used [0x0000000700000000,0x000000070cf58e58,0x000000070ed80000)
 Metaspace       used 100884K, committed 102720K, reserved 1179648K
  class space    used 9524K, committed 10432K, reserved 1048576K
}
Event: 49358.981 GC heap before
{Heap before GC invocations=15403 (full 12):
 PSYoungGen      total 10752K, used 10544K [0x00000007aab00000, 0x00000007abd80000, 0x0000000800000000)
  eden space 8704K, 100% used [0x00000007aab00000,0x00000007ab380000,0x00000007ab380000)
  from space 2048K, 89% used [0x00000007ab380000,0x00000007ab54c010,0x00000007ab580000)
  to   space 4096K, 0% used [0x00000007ab980000,0x00000007ab980000,0x00000007abd80000)
 ParOldGen       total 243200K, used 212323K [0x0000000700000000, 0x000000070ed80000, 0x00000007aab00000)
  object space 243200K, 87% used [0x0000000700000000,0x000000070cf58e58,0x000000070ed80000)
 Metaspace       used 100884K, committed 102720K, reserved 1179648K
  class space    used 9524K, committed 10432K, reserved 1048576K
}
Event: 49358.986 GC heap after
{Heap after GC invocations=15403 (full 12):
 PSYoungGen      total 12288K, used 3090K [0x00000007aab00000, 0x00000007abd00000, 0x0000000800000000)
  eden space 8704K, 0% used [0x00000007aab00000,0x00000007aab00000,0x00000007ab380000)
  from space 3584K, 86% used [0x00000007ab980000,0x00000007abc849f0,0x00000007abd00000)
  to   space 3584K, 0% used [0x00000007ab600000,0x00000007ab600000,0x00000007ab980000)
 ParOldGen       total 243200K, used 213569K [0x0000000700000000, 0x000000070ed80000, 0x00000007aab00000)
  object space 243200K, 87% used [0x0000000700000000,0x000000070d090488,0x000000070ed80000)
 Metaspace       used 100884K, committed 102720K, reserved 1179648K
  class space    used 9524K, committed 10432K, reserved 1048576K
}
Event: 49359.676 GC heap before
{Heap before GC invocations=15404 (full 12):
 PSYoungGen      total 12288K, used 11750K [0x00000007aab00000, 0x00000007abd00000, 0x0000000800000000)
  eden space 8704K, 99% used [0x00000007aab00000,0x00000007ab375118,0x00000007ab380000)
  from space 3584K, 86% used [0x00000007ab980000,0x00000007abc849f0,0x00000007abd00000)
  to   space 3584K, 0% used [0x00000007ab600000,0x00000007ab600000,0x00000007ab980000)
 ParOldGen       total 243200K, used 213569K [0x0000000700000000, 0x000000070ed80000, 0x00000007aab00000)
  object space 243200K, 87% used [0x0000000700000000,0x000000070d090488,0x000000070ed80000)
 Metaspace       used 100884K, committed 102720K, reserved 1179648K
  class space    used 9524K, committed 10432K, reserved 1048576K
}
Event: 49359.679 GC heap after
{Heap after GC invocations=15404 (full 12):
 PSYoungGen      total 10752K, used 1635K [0x00000007aab00000, 0x00000007aba00000, 0x0000000800000000)
  eden space 8704K, 0% used [0x00000007aab00000,0x00000007aab00000,0x00000007ab380000)
  from space 2048K, 79% used [0x00000007ab600000,0x00000007ab798d70,0x00000007ab800000)
  to   space 2048K, 0% used [0x00000007ab800000,0x00000007ab800000,0x00000007aba00000)
 ParOldGen       total 243200K, used 214273K [0x0000000700000000, 0x000000070ed80000, 0x00000007aab00000)
  object space 243200K, 88% used [0x0000000700000000,0x000000070d140498,0x000000070ed80000)
 Metaspace       used 100884K, committed 102720K, reserved 1179648K
  class space    used 9524K, committed 10432K, reserved 1048576K
}
Event: 49359.760 GC heap before
{Heap before GC invocations=15405 (full 12):
 PSYoungGen      total 10752K, used 10339K [0x00000007aab00000, 0x00000007aba00000, 0x0000000800000000)
  eden space 8704K, 99% used [0x00000007aab00000,0x00000007ab37ffe8,0x00000007ab380000)
  from space 2048K, 79% used [0x00000007ab600000,0x00000007ab798d70,0x00000007ab800000)
  to   space 2048K, 0% used [0x00000007ab800000,0x00000007ab800000,0x00000007aba00000)
 ParOldGen       total 243200K, used 214273K [0x0000000700000000, 0x000000070ed80000, 0x00000007aab00000)
  object space 243200K, 88% used [0x0000000700000000,0x000000070d140498,0x000000070ed80000)
 Metaspace       used 100884K, committed 102720K, reserved 1179648K
  class space    used 9524K, committed 10432K, reserved 1048576K
}
Event: 49359.765 GC heap after
{Heap after GC invocations=15405 (full 12):
 PSYoungGen      total 10752K, used 2038K [0x00000007aab00000, 0x00000007abc80000, 0x0000000800000000)
  eden space 8704K, 0% used [0x00000007aab00000,0x00000007aab00000,0x00000007ab380000)
  from space 2048K, 99% used [0x00000007ab800000,0x00000007ab9fd948,0x00000007aba00000)
  to   space 4608K, 0% used [0x00000007ab380000,0x00000007ab380000,0x00000007ab800000)
 ParOldGen       total 243200K, used 216345K [0x0000000700000000, 0x000000070ed80000, 0x00000007aab00000)
  object space 243200K, 88% used [0x0000000700000000,0x000000070d346748,0x000000070ed80000)
 Metaspace       used 100884K, committed 102720K, reserved 1179648K
  class space    used 9524K, committed 10432K, reserved 1048576K
}
Event: 49359.818 GC heap before
{Heap before GC invocations=15406 (full 12):
 PSYoungGen      total 10752K, used 10742K [0x00000007aab00000, 0x00000007abc80000, 0x0000000800000000)
  eden space 8704K, 100% used [0x00000007aab00000,0x00000007ab380000,0x00000007ab380000)
  from space 2048K, 99% used [0x00000007ab800000,0x00000007ab9fd948,0x00000007aba00000)
  to   space 4608K, 0% used [0x00000007ab380000,0x00000007ab380000,0x00000007ab800000)
 ParOldGen       total 243200K, used 216345K [0x0000000700000000, 0x000000070ed80000, 0x00000007aab00000)
  object space 243200K, 88% used [0x0000000700000000,0x000000070d346748,0x000000070ed80000)
 Metaspace       used 100884K, committed 102720K, reserved 1179648K
  class space    used 9524K, committed 10432K, reserved 1048576K
}
Event: 49359.824 GC heap after
{Heap after GC invocations=15406 (full 12):
 PSYoungGen      total 11264K, used 2448K [0x00000007aab00000, 0x00000007ab980000, 0x0000000800000000)
  eden space 8704K, 0% used [0x00000007aab00000,0x00000007aab00000,0x00000007ab380000)
  from space 2560K, 95% used [0x00000007ab380000,0x00000007ab5e4010,0x00000007ab600000)
  to   space 3072K, 0% used [0x00000007ab680000,0x00000007ab680000,0x00000007ab980000)
 ParOldGen       total 243200K, used 218341K [0x0000000700000000, 0x000000070ed80000, 0x00000007aab00000)
  object space 243200K, 89% used [0x0000000700000000,0x000000070d539770,0x000000070ed80000)
 Metaspace       used 100884K, committed 102720K, reserved 1179648K
  class space    used 9524K, committed 10432K, reserved 1048576K
}
Event: 49359.867 GC heap before
{Heap before GC invocations=15407 (full 12):
 PSYoungGen      total 11264K, used 11152K [0x00000007aab00000, 0x00000007ab980000, 0x0000000800000000)
  eden space 8704K, 100% used [0x00000007aab00000,0x00000007ab380000,0x00000007ab380000)
  from space 2560K, 95% used [0x00000007ab380000,0x00000007ab5e4010,0x00000007ab600000)
  to   space 3072K, 0% used [0x00000007ab680000,0x00000007ab680000,0x00000007ab980000)
 ParOldGen       total 243200K, used 218341K [0x0000000700000000, 0x000000070ed80000, 0x00000007aab00000)
  object space 243200K, 89% used [0x0000000700000000,0x000000070d539770,0x000000070ed80000)
 Metaspace       used 100884K, committed 102720K, reserved 1179648K
  class space    used 9524K, committed 10432K, reserved 1048576K
}
Event: 49359.874 GC heap after
{Heap after GC invocations=15407 (full 12):
 PSYoungGen      total 10752K, used 2016K [0x00000007aab00000, 0x00000007ab880000, 0x0000000800000000)
  eden space 8704K, 0% used [0x00000007aab00000,0x00000007aab00000,0x00000007ab380000)
  from space 2048K, 98% used [0x00000007ab680000,0x00000007ab878000,0x00000007ab880000)
  to   space 2560K, 0% used [0x00000007ab380000,0x00000007ab380000,0x00000007ab600000)
 ParOldGen       total 243200K, used 220633K [0x0000000700000000, 0x000000070ed80000, 0x00000007aab00000)
  object space 243200K, 90% used [0x0000000700000000,0x000000070d776578,0x000000070ed80000)
 Metaspace       used 100884K, committed 102720K, reserved 1179648K
  class space    used 9524K, committed 10432K, reserved 1048576K
}
Event: 49391.500 GC heap before
{Heap before GC invocations=15408 (full 12):
 PSYoungGen      total 10752K, used 10720K [0x00000007aab00000, 0x00000007ab880000, 0x0000000800000000)
  eden space 8704K, 100% used [0x00000007aab00000,0x00000007ab380000,0x00000007ab380000)
  from space 2048K, 98% used [0x00000007ab680000,0x00000007ab878000,0x00000007ab880000)
  to   space 2560K, 0% used [0x00000007ab380000,0x00000007ab380000,0x00000007ab600000)
 ParOldGen       total 243200K, used 220633K [0x0000000700000000, 0x000000070ed80000, 0x00000007aab00000)
  object space 243200K, 90% used [0x0000000700000000,0x000000070d776578,0x000000070ed80000)
 Metaspace       used 100884K, committed 102720K, reserved 1179648K
  class space    used 9524K, committed 10432K, reserved 1048576K
}

Dll operation events (12 events):
Event: 0.032 Loaded shared library c:\Users\user\.cursor\extensions\redhat.java-1.47.0-win32-x64\jre\21.0.8-win32-x86_64\bin\java.dll
Event: 0.085 Loaded shared library c:\Users\user\.cursor\extensions\redhat.java-1.47.0-win32-x64\jre\21.0.8-win32-x86_64\bin\zip.dll
Event: 0.414 Loaded shared library C:\Users\user\.cursor\extensions\redhat.java-1.47.0-win32-x64\jre\21.0.8-win32-x86_64\bin\instrument.dll
Event: 0.430 Loaded shared library C:\Users\user\.cursor\extensions\redhat.java-1.47.0-win32-x64\jre\21.0.8-win32-x86_64\bin\net.dll
Event: 0.439 Loaded shared library C:\Users\user\.cursor\extensions\redhat.java-1.47.0-win32-x64\jre\21.0.8-win32-x86_64\bin\nio.dll
Event: 0.448 Loaded shared library C:\Users\user\.cursor\extensions\redhat.java-1.47.0-win32-x64\jre\21.0.8-win32-x86_64\bin\zip.dll
Event: 0.506 Loaded shared library C:\Users\user\.cursor\extensions\redhat.java-1.47.0-win32-x64\jre\21.0.8-win32-x86_64\bin\jimage.dll
Event: 0.782 Loaded shared library c:\Users\user\.cursor\extensions\redhat.java-1.47.0-win32-x64\jre\21.0.8-win32-x86_64\bin\verify.dll
Event: 4.605 Loaded shared library C:\Users\user\AppData\Roaming\Cursor\User\globalStorage\redhat.java\1.47.0\config_win\org.eclipse.equinox.launcher\org.eclipse.equinox.launcher.win32.win32.x86_64_1.2.1400.v20250801-0854\eclipse_11916.dll
Event: 9.062 Loaded shared library C:\Users\user\AppData\Local\Temp\jna-3599307\jna12267049934926356741.dll
Event: 107.041 Loaded shared library C:\Users\user\.cursor\extensions\redhat.java-1.47.0-win32-x64\jre\21.0.8-win32-x86_64\bin\sunmscapi.dll
Event: 577.121 Loaded shared library C:\Users\user\.cursor\extensions\redhat.java-1.47.0-win32-x64\jre\21.0.8-win32-x86_64\bin\extnet.dll

Deoptimization events (20 events):
Event: 49357.729 Thread 0x000001e27b8de8b0 DEOPT PACKING pc=0x000001e2215ee82c sp=0x000000adb82fe010
Event: 49357.729 Thread 0x000001e27b8de8b0 DEOPT UNPACKING pc=0x000001e21f9a3aa2 sp=0x000000adb82fdf90 mode 2
Event: 49357.729 Thread 0x000001e27b8de8b0 Uncommon trap: trap_request=0xffffffc6 fr.pc=0x000001e2215ee82c relative=0x000000000000008c
Event: 49357.729 Thread 0x000001e27b8de8b0 Uncommon trap: reason=bimorphic_or_optimized_type_check action=maybe_recompile pc=0x000001e2215ee82c method=org.eclipse.jdt.internal.compiler.parser.RecoveredElement.getLastStart()I @ 1 c2
Event: 49357.729 Thread 0x000001e27b8de8b0 DEOPT PACKING pc=0x000001e2215ee82c sp=0x000000adb82fe010
Event: 49357.729 Thread 0x000001e27b8de8b0 DEOPT UNPACKING pc=0x000001e21f9a3aa2 sp=0x000000adb82fdf90 mode 2
Event: 49357.739 Thread 0x000001e27b8de8b0 DEOPT PACKING pc=0x000001e21a856861 sp=0x000000adb82fdcc0
Event: 49357.739 Thread 0x000001e27b8de8b0 DEOPT UNPACKING pc=0x000001e21f9a4242 sp=0x000000adb82fd1c0 mode 0
Event: 49358.868 Thread 0x000001e27b8de8b0 Uncommon trap: trap_request=0xffffffc6 fr.pc=0x000001e220ef81b4 relative=0x0000000000001914
Event: 49358.868 Thread 0x000001e27b8de8b0 Uncommon trap: reason=bimorphic_or_optimized_type_check action=maybe_recompile pc=0x000001e220ef81b4 method=org.eclipse.jdt.internal.compiler.lookup.Scope.getBinding([CILorg/eclipse/jdt/internal/compiler/lookup/InvocationSite;Z)Lorg/eclipse/jdt/internal/c
Event: 49358.868 Thread 0x000001e27b8de8b0 DEOPT PACKING pc=0x000001e220ef81b4 sp=0x000000adb82fd9f0
Event: 49358.872 Thread 0x000001e27b8de8b0 DEOPT UNPACKING pc=0x000001e21f9a3aa2 sp=0x000000adb82fd918 mode 2
Event: 49358.953 Thread 0x000001e27b8de8b0 Uncommon trap: trap_request=0xffffffc6 fr.pc=0x000001e220ef81b4 relative=0x0000000000001914
Event: 49358.953 Thread 0x000001e27b8de8b0 Uncommon trap: reason=bimorphic_or_optimized_type_check action=maybe_recompile pc=0x000001e220ef81b4 method=org.eclipse.jdt.internal.compiler.lookup.Scope.getBinding([CILorg/eclipse/jdt/internal/compiler/lookup/InvocationSite;Z)Lorg/eclipse/jdt/internal/c
Event: 49358.953 Thread 0x000001e27b8de8b0 DEOPT PACKING pc=0x000001e220ef81b4 sp=0x000000adb82fd9f0
Event: 49358.953 Thread 0x000001e27b8de8b0 DEOPT UNPACKING pc=0x000001e21f9a3aa2 sp=0x000000adb82fd918 mode 2
Event: 49359.217 Thread 0x000001e27a9c2c30 Uncommon trap: trap_request=0xffffffd6 fr.pc=0x000001e21fff7a6c relative=0x000000000000232c
Event: 49359.217 Thread 0x000001e27a9c2c30 Uncommon trap: reason=array_check action=maybe_recompile pc=0x000001e21fff7a6c method=org.eclipse.core.internal.jobs.JobManager.lambda$1(Lorg/eclipse/core/internal/jobs/InternalJob;[Lorg/eclipse/core/runtime/IProgressMonitor;[ZLorg/eclipse/core/internal/j
Event: 49359.217 Thread 0x000001e27a9c2c30 DEOPT PACKING pc=0x000001e21fff7a6c sp=0x000000adb83fd590
Event: 49359.217 Thread 0x000001e27a9c2c30 DEOPT UNPACKING pc=0x000001e21f9a3aa2 sp=0x000000adb83fd268 mode 2

Classes loaded (20 events):
Event: 48076.477 Loading class jdk/internal/module/IllegalAccessLogger
Event: 48076.477 Loading class jdk/internal/module/IllegalAccessLogger done
Event: 48102.633 Loading class jdk/internal/module/IllegalAccessLogger
Event: 48102.633 Loading class jdk/internal/module/IllegalAccessLogger done
Event: 49046.562 Loading class jdk/internal/module/IllegalAccessLogger
Event: 49046.562 Loading class jdk/internal/module/IllegalAccessLogger done
Event: 49082.026 Loading class jdk/internal/module/IllegalAccessLogger
Event: 49082.026 Loading class jdk/internal/module/IllegalAccessLogger done
Event: 49110.002 Loading class jdk/internal/module/IllegalAccessLogger
Event: 49110.002 Loading class jdk/internal/module/IllegalAccessLogger done
Event: 49160.354 Loading class jdk/internal/module/IllegalAccessLogger
Event: 49160.354 Loading class jdk/internal/module/IllegalAccessLogger done
Event: 49246.534 Loading class jdk/internal/module/IllegalAccessLogger
Event: 49246.534 Loading class jdk/internal/module/IllegalAccessLogger done
Event: 49275.489 Loading class jdk/internal/module/IllegalAccessLogger
Event: 49275.489 Loading class jdk/internal/module/IllegalAccessLogger done
Event: 49325.736 Loading class jdk/internal/module/IllegalAccessLogger
Event: 49325.736 Loading class jdk/internal/module/IllegalAccessLogger done
Event: 49357.531 Loading class jdk/internal/module/IllegalAccessLogger
Event: 49357.531 Loading class jdk/internal/module/IllegalAccessLogger done

Classes unloaded (20 events):
Event: 45027.521 Thread 0x000001e272084820 Unloading class 0x000001e2329cac00 'java/lang/invoke/LambdaForm$MH+0x000001e2329cac00'
Event: 45027.521 Thread 0x000001e272084820 Unloading class 0x000001e2329ca800 'java/lang/invoke/LambdaForm$MH+0x000001e2329ca800'
Event: 49357.855 Thread 0x000001e272084820 Unloading class 0x000001e2328abc00 'java/lang/invoke/LambdaForm$MH+0x000001e2328abc00'
Event: 49357.855 Thread 0x000001e272084820 Unloading class 0x000001e2328ad000 'java/lang/invoke/LambdaForm$MH+0x000001e2328ad000'
Event: 49357.855 Thread 0x000001e272084820 Unloading class 0x000001e23290cc00 'java/lang/invoke/LambdaForm$MH+0x000001e23290cc00'
Event: 49357.855 Thread 0x000001e272084820 Unloading class 0x000001e23298a800 'java/lang/invoke/LambdaForm$MH+0x000001e23298a800'
Event: 49357.855 Thread 0x000001e272084820 Unloading class 0x000001e2329c8800 'java/lang/invoke/LambdaForm$MH+0x000001e2329c8800'
Event: 49357.855 Thread 0x000001e272084820 Unloading class 0x000001e23225c400 'java/lang/invoke/LambdaForm$MH+0x000001e23225c400'
Event: 49357.855 Thread 0x000001e272084820 Unloading class 0x000001e23222d800 'java/lang/invoke/LambdaForm$MH+0x000001e23222d800'
Event: 49357.855 Thread 0x000001e272084820 Unloading class 0x000001e23222d400 'java/lang/invoke/LambdaForm$MH+0x000001e23222d400'
Event: 49357.855 Thread 0x000001e272084820 Unloading class 0x000001e23222d000 'java/lang/invoke/LambdaForm$MH+0x000001e23222d000'
Event: 49357.855 Thread 0x000001e272084820 Unloading class 0x000001e232224000 'java/lang/invoke/LambdaForm$MH+0x000001e232224000'
Event: 49357.855 Thread 0x000001e272084820 Unloading class 0x000001e23221d400 'java/lang/invoke/LambdaForm$BMH+0x000001e23221d400'
Event: 49357.855 Thread 0x000001e272084820 Unloading class 0x000001e232202400 'java/lang/invoke/LambdaForm$MH+0x000001e232202400'
Event: 49357.855 Thread 0x000001e272084820 Unloading class 0x000001e232201400 'java/lang/invoke/LambdaForm$MH+0x000001e232201400'
Event: 49357.855 Thread 0x000001e272084820 Unloading class 0x000001e232201000 'java/lang/invoke/LambdaForm$MH+0x000001e232201000'
Event: 49357.855 Thread 0x000001e272084820 Unloading class 0x000001e232200800 'java/lang/invoke/LambdaForm$MH+0x000001e232200800'
Event: 49357.855 Thread 0x000001e272084820 Unloading class 0x000001e232200000 'java/lang/invoke/LambdaForm$MH+0x000001e232200000'
Event: 49357.855 Thread 0x000001e272084820 Unloading class 0x000001e232014800 'java/lang/invoke/LambdaForm$MH+0x000001e232014800'
Event: 49357.855 Thread 0x000001e272084820 Unloading class 0x000001e232000400 'java/lang/invoke/LambdaForm$MH+0x000001e232000400'

Classes redefined (0 events):
No events

Internal exceptions (20 events):
Event: 49046.320 Thread 0x000001e279c16380 Implicit null exception at 0x000001e2218ece7c to 0x000001e2218ed78c
Event: 49046.365 Thread 0x000001e273992570 Exception <a 'sun/nio/fs/WindowsException'{0x00000007ab1770b0}> (0x00000007ab1770b0) 
thrown [s\src\hotspot\share\prims\jni.cpp, line 520]
Event: 49046.801 Thread 0x000001e273992570 Exception <a 'sun/nio/fs/WindowsException'{0x00000007ab1e3120}> (0x00000007ab1e3120) 
thrown [s\src\hotspot\share\prims\jni.cpp, line 520]
Event: 49081.808 Thread 0x000001e273992570 Exception <a 'sun/nio/fs/WindowsException'{0x00000007ab12d370}> (0x00000007ab12d370) 
thrown [s\src\hotspot\share\prims\jni.cpp, line 520]
Event: 49082.143 Thread 0x000001e273992570 Exception <a 'sun/nio/fs/WindowsException'{0x00000007aabd3970}> (0x00000007aabd3970) 
thrown [s\src\hotspot\share\prims\jni.cpp, line 520]
Event: 49109.759 Thread 0x000001e273992570 Exception <a 'sun/nio/fs/WindowsException'{0x00000007ab322548}> (0x00000007ab322548) 
thrown [s\src\hotspot\share\prims\jni.cpp, line 520]
Event: 49110.518 Thread 0x000001e273992570 Exception <a 'sun/nio/fs/WindowsException'{0x00000007aac70298}> (0x00000007aac70298) 
thrown [s\src\hotspot\share\prims\jni.cpp, line 520]
Event: 49160.049 Thread 0x000001e273992570 Exception <a 'sun/nio/fs/WindowsException'{0x00000007aad5b078}> (0x00000007aad5b078) 
thrown [s\src\hotspot\share\prims\jni.cpp, line 520]
Event: 49160.831 Thread 0x000001e273992570 Exception <a 'sun/nio/fs/WindowsException'{0x00000007aab4bc48}> (0x00000007aab4bc48) 
thrown [s\src\hotspot\share\prims\jni.cpp, line 520]
Event: 49246.312 Thread 0x000001e273992570 Exception <a 'sun/nio/fs/WindowsException'{0x00000007aac574f0}> (0x00000007aac574f0) 
thrown [s\src\hotspot\share\prims\jni.cpp, line 520]
Event: 49246.861 Thread 0x000001e273992570 Exception <a 'sun/nio/fs/WindowsException'{0x00000007aab2f2f0}> (0x00000007aab2f2f0) 
thrown [s\src\hotspot\share\prims\jni.cpp, line 520]
Event: 49275.192 Thread 0x000001e273992570 Exception <a 'sun/nio/fs/WindowsException'{0x00000007aaf81de0}> (0x00000007aaf81de0) 
thrown [s\src\hotspot\share\prims\jni.cpp, line 520]
Event: 49275.763 Thread 0x000001e273992570 Exception <a 'sun/nio/fs/WindowsException'{0x00000007aadca840}> (0x00000007aadca840) 
thrown [s\src\hotspot\share\prims\jni.cpp, line 520]
Event: 49325.524 Thread 0x000001e273992570 Exception <a 'sun/nio/fs/WindowsException'{0x00000007aae02150}> (0x00000007aae02150) 
thrown [s\src\hotspot\share\prims\jni.cpp, line 520]
Event: 49325.996 Thread 0x000001e273992570 Exception <a 'sun/nio/fs/WindowsException'{0x00000007aababef8}> (0x00000007aababef8) 
thrown [s\src\hotspot\share\prims\jni.cpp, line 520]
Event: 49346.346 Thread 0x000001e27b8e2a50 Exception <a 'sun/nio/fs/WindowsException'{0x00000007ab2ab1b8}> (0x00000007ab2ab1b8) 
thrown [s\src\hotspot\share\prims\jni.cpp, line 520]
Event: 49346.346 Thread 0x000001e27b8e2a50 Exception <a 'sun/nio/fs/WindowsException'{0x00000007ab2aba80}> (0x00000007ab2aba80) 
thrown [s\src\hotspot\share\prims\jni.cpp, line 520]
Event: 49357.365 Thread 0x000001e273992570 Exception <a 'sun/nio/fs/WindowsException'{0x00000007aafb6070}> (0x00000007aafb6070) 
thrown [s\src\hotspot\share\prims\jni.cpp, line 520]
Event: 49358.878 Thread 0x000001e273992570 Exception <a 'sun/nio/fs/WindowsException'{0x00000007aadc4fc8}> (0x00000007aadc4fc8) 
thrown [s\src\hotspot\share\prims\jni.cpp, line 520]
Event: 49391.460 Thread 0x000001e273992570 Exception <a 'sun/nio/fs/WindowsException'{0x00000007aaf7dfd0}> (0x00000007aaf7dfd0) 
thrown [s\src\hotspot\share\prims\jni.cpp, line 520]

ZGC Phase Switch (0 events):
No events

VM Operations (20 events):
Event: 49357.674 Executing VM operation: ParallelGCFailedAllocation (Allocation Failure) done
Event: 49357.740 Executing VM operation: ParallelGCFailedAllocation (Allocation Failure)
Event: 49358.816 Executing VM operation: ParallelGCFailedAllocation (Allocation Failure) done
Event: 49358.900 Executing VM operation: ParallelGCFailedAllocation (Allocation Failure)
Event: 49358.919 Executing VM operation: ParallelGCFailedAllocation (Allocation Failure) done
Event: 49358.981 Executing VM operation: ParallelGCFailedAllocation (Allocation Failure)
Event: 49358.986 Executing VM operation: ParallelGCFailedAllocation (Allocation Failure) done
Event: 49359.676 Executing VM operation: ParallelGCFailedAllocation (Allocation Failure)
Event: 49359.680 Executing VM operation: ParallelGCFailedAllocation (Allocation Failure) done
Event: 49359.760 Executing VM operation: ParallelGCFailedAllocation (Allocation Failure)
Event: 49359.765 Executing VM operation: ParallelGCFailedAllocation (Allocation Failure) done
Event: 49359.818 Executing VM operation: ParallelGCFailedAllocation (Allocation Failure)
Event: 49359.824 Executing VM operation: ParallelGCFailedAllocation (Allocation Failure) done
Event: 49359.867 Executing VM operation: ParallelGCFailedAllocation (Allocation Failure)
Event: 49359.874 Executing VM operation: ParallelGCFailedAllocation (Allocation Failure) done
Event: 49383.067 Executing VM operation: HandshakeAllThreads (HandshakeForDeflation)
Event: 49383.067 Executing VM operation: HandshakeAllThreads (HandshakeForDeflation) done
Event: 49383.067 Executing VM operation: RendezvousGCThreads
Event: 49383.067 Executing VM operation: RendezvousGCThreads done
Event: 49391.500 Executing VM operation: ParallelGCFailedAllocation (Allocation Failure)

Memory protections (0 events):
No events

Nmethod flushes (20 events):
Event: 49358.010 Thread 0x000001e272084820 flushing  nmethod 0x000001e21b877190
Event: 49358.010 Thread 0x000001e272084820 flushing  nmethod 0x000001e21b93ed90
Event: 49358.010 Thread 0x000001e272084820 flushing  nmethod 0x000001e21b94c090
Event: 49358.010 Thread 0x000001e272084820 flushing  nmethod 0x000001e21b992690
Event: 49358.010 Thread 0x000001e272084820 flushing  nmethod 0x000001e21b9a7890
Event: 49358.010 Thread 0x000001e272084820 flushing  nmethod 0x000001e21b9b4010
Event: 49358.010 Thread 0x000001e272084820 flushing  nmethod 0x000001e21b9ff290
Event: 49358.010 Thread 0x000001e272084820 flushing  nmethod 0x000001e21ba04590
Event: 49358.010 Thread 0x000001e272084820 flushing  nmethod 0x000001e21ba0ad90
Event: 49358.011 Thread 0x000001e272084820 flushing  nmethod 0x000001e21ba0be10
Event: 49358.011 Thread 0x000001e272084820 flushing  nmethod 0x000001e21ba0f590
Event: 49358.011 Thread 0x000001e272084820 flushing  nmethod 0x000001e21ba9af10
Event: 49358.011 Thread 0x000001e272084820 flushing  nmethod 0x000001e21ba9b790
Event: 49358.011 Thread 0x000001e272084820 flushing  nmethod 0x000001e21babfa10
Event: 49358.011 Thread 0x000001e272084820 flushing  nmethod 0x000001e21bb91d90
Event: 49358.011 Thread 0x000001e272084820 flushing  nmethod 0x000001e21bb97b10
Event: 49358.011 Thread 0x000001e272084820 flushing  nmethod 0x000001e21bb98510
Event: 49358.011 Thread 0x000001e272084820 flushing  nmethod 0x000001e21bbb9590
Event: 49358.011 Thread 0x000001e272084820 flushing  nmethod 0x000001e21bbc7590
Event: 49358.011 Thread 0x000001e272084820 flushing  nmethod 0x000001e21bcda910

Events (20 events):
Event: 49109.900 Thread 0x000001e278432250 Thread added: 0x000001e27a9c60b0
Event: 49160.012 Thread 0x000001e27a9bfe40 Thread exited: 0x000001e27a9bfe40
Event: 49160.278 Thread 0x000001e278432250 Thread added: 0x000001e27a9bfe40
Event: 49160.841 Thread 0x000001e27b8de8b0 Thread added: 0x000001e27a9c2c30
Event: 49220.467 Thread 0x000001e27a9c0b60 Thread exited: 0x000001e27a9c0b60
Event: 49220.935 Thread 0x000001e278432250 Thread exited: 0x000001e278432250
Event: 49246.460 Thread 0x000001e27b8de8b0 Thread added: 0x000001e27a9c0b60
Event: 49246.534 Thread 0x000001e27b8de8b0 Thread added: 0x000001e27a9c32c0
Event: 49246.636 Thread 0x000001e27b8de8b0 Thread added: 0x000001e27b8def40
Event: 49246.872 Thread 0x000001e27a9c2c30 Thread added: 0x000001e27b8e23c0
Event: 49275.956 Thread 0x000001e27b8de8b0 Thread added: 0x000001e27b8e2a50
Event: 49346.336 Thread 0x000001e27b8e23c0 Thread exited: 0x000001e27b8e23c0
Event: 49346.341 Thread 0x000001e27b8e2a50 Thread added: 0x000001e27b8e23c0
Event: 49346.342 Thread 0x000001e27b8e23c0 Thread exited: 0x000001e27b8e23c0
Event: 49346.348 Thread 0x000001e27b8e2a50 Thread added: 0x000001e27b8e23c0
Event: 49346.350 Thread 0x000001e27b8e23c0 Thread exited: 0x000001e27b8e23c0
Event: 49357.082 Thread 0x000001e279c16a10 Thread added: 0x000001e27b8e23c0
Event: 49357.087 Thread 0x000001e279c16a10 Thread added: 0x000001e27b8e3e00
Event: 49358.891 Thread 0x000001e27b8e2a50 Thread added: 0x000001e27b8ddb90
Event: 49358.933 Thread 0x000001e27b8ddb90 Thread added: 0x000001e27b8dce70


Dynamic libraries:
0x00007ff6aa180000 - 0x00007ff6aa18e000 	c:\Users\user\.cursor\extensions\redhat.java-1.47.0-win32-x64\jre\21.0.8-win32-x86_64\bin\java.exe
0x00007fff2eea0000 - 0x00007fff2f08e000 	C:\Windows\SYSTEM32\ntdll.dll
0x00007fff2e670000 - 0x00007fff2e723000 	C:\Windows\System32\KERNEL32.DLL
0x00007fff2bdb0000 - 0x00007fff2c04e000 	C:\Windows\System32\KERNELBASE.dll
0x00007fff2aef0000 - 0x00007fff2afea000 	C:\Windows\System32\ucrtbase.dll
0x00007fff0d8e0000 - 0x00007fff0d8f8000 	c:\Users\user\.cursor\extensions\redhat.java-1.47.0-win32-x64\jre\21.0.8-win32-x86_64\bin\jli.dll
0x00007fff2ea40000 - 0x00007fff2ebd7000 	C:\Windows\System32\USER32.dll
0x00007fff2c050000 - 0x00007fff2c070000 	C:\Windows\System32\win32u.dll
0x00007fff2c2e0000 - 0x00007fff2c309000 	C:\Windows\System32\GDI32.dll
0x00007fff2b910000 - 0x00007fff2babc000 	C:\Windows\System32\gdi32full.dll
0x00007fff2bd10000 - 0x00007fff2bdb0000 	C:\Windows\System32\msvcp_win.dll
0x00007fff0e720000 - 0x00007fff0e73e000 	c:\Users\user\.cursor\extensions\redhat.java-1.47.0-win32-x64\jre\21.0.8-win32-x86_64\bin\VCRUNTIME140.dll
0x00007fff15d00000 - 0x00007fff15f79000 	C:\Windows\WinSxS\amd64_microsoft.windows.common-controls_6595b64144ccf1df_6.0.17763.7919_none_de6e1fdc534e2f36\COMCTL32.dll
0x00007fff2e7e0000 - 0x00007fff2e87e000 	C:\Windows\System32\msvcrt.dll
0x00007fff2db30000 - 0x00007fff2de5b000 	C:\Windows\System32\combase.dll
0x00007fff2c0e0000 - 0x00007fff2c1fb000 	C:\Windows\System32\RPCRT4.dll
0x00007fff2b0a0000 - 0x00007fff2b122000 	C:\Windows\System32\bcryptPrimitives.dll
0x00007fff2ea00000 - 0x00007fff2ea2e000 	C:\Windows\System32\IMM32.DLL
0x00007fff2ab20000 - 0x00007fff2ac17000 	C:\Windows\system32\guard64.dll
0x00007fff2e5b0000 - 0x00007fff2e659000 	C:\Windows\System32\ADVAPI32.dll
0x00007fff2e730000 - 0x00007fff2e7d2000 	C:\Windows\System32\sechost.dll
0x00007fff2bce0000 - 0x00007fff2bd06000 	C:\Windows\System32\bcrypt.dll
0x00007fff2a750000 - 0x00007fff2a75a000 	C:\Windows\system32\version.dll
0x00007fff2de60000 - 0x00007fff2dfb7000 	C:\Windows\System32\ole32.dll
0x00007fff2a740000 - 0x00007fff2a74a000 	C:\Windows\system32\fltlib.dll
0x00007fff2c5d0000 - 0x00007fff2dac8000 	C:\Windows\System32\shell32.dll
0x00007fff2c070000 - 0x00007fff2c0ba000 	C:\Windows\System32\cfgmgr32.dll
0x00007fff2c370000 - 0x00007fff2c417000 	C:\Windows\System32\shcore.dll
0x00007fff2b1c0000 - 0x00007fff2b908000 	C:\Windows\System32\windows.storage.dll
0x00007fff2aec0000 - 0x00007fff2aee3000 	C:\Windows\System32\profapi.dll
0x00007fff2ae40000 - 0x00007fff2ae9d000 	C:\Windows\System32\powrprof.dll
0x00007fff2dad0000 - 0x00007fff2db27000 	C:\Windows\System32\shlwapi.dll
0x00007fff2ae20000 - 0x00007fff2ae31000 	C:\Windows\System32\kernel.appcore.dll
0x00007fff2b1a0000 - 0x00007fff2b1bb000 	C:\Windows\System32\cryptsp.dll
0x00007fff2a660000 - 0x00007fff2a6d4000 	C:\Windows\system32\cssguard64.dll
0x00007fff2e880000 - 0x00007fff2e944000 	C:\Windows\System32\OLEAUT32.dll
0x00007fff2bac0000 - 0x00007fff2bcd6000 	C:\Windows\System32\CRYPT32.dll
0x00007fff2aea0000 - 0x00007fff2aeb2000 	C:\Windows\System32\MSASN1.dll
0x00007fff250b0000 - 0x00007fff250bc000 	c:\Users\user\.cursor\extensions\redhat.java-1.47.0-win32-x64\jre\21.0.8-win32-x86_64\bin\vcruntime140_1.dll
0x00007ffed6c90000 - 0x00007ffed6d1d000 	c:\Users\user\.cursor\extensions\redhat.java-1.47.0-win32-x64\jre\21.0.8-win32-x86_64\bin\msvcp140.dll
0x00007ffeab8d0000 - 0x00007ffeac667000 	c:\Users\user\.cursor\extensions\redhat.java-1.47.0-win32-x64\jre\21.0.8-win32-x86_64\bin\server\jvm.dll
0x00007fff2c550000 - 0x00007fff2c5bd000 	C:\Windows\System32\WS2_32.dll
0x00007fff26cd0000 - 0x00007fff26cf4000 	C:\Windows\SYSTEM32\WINMM.dll
0x00007fff26c80000 - 0x00007fff26cad000 	C:\Windows\SYSTEM32\WINMMBASE.dll
0x00007fff246f0000 - 0x00007fff246fa000 	c:\Users\user\.cursor\extensions\redhat.java-1.47.0-win32-x64\jre\21.0.8-win32-x86_64\bin\jimage.dll
0x00007fff2a810000 - 0x00007fff2a9fd000 	C:\Windows\SYSTEM32\DBGHELP.DLL
0x00007fff2a760000 - 0x00007fff2a78a000 	C:\Windows\SYSTEM32\dbgcore.DLL
0x00007fff246b0000 - 0x00007fff246bf000 	c:\Users\user\.cursor\extensions\redhat.java-1.47.0-win32-x64\jre\21.0.8-win32-x86_64\bin\instrument.dll
0x00007fff0d740000 - 0x00007fff0d75f000 	c:\Users\user\.cursor\extensions\redhat.java-1.47.0-win32-x64\jre\21.0.8-win32-x86_64\bin\java.dll
0x00007fff0d600000 - 0x00007fff0d618000 	c:\Users\user\.cursor\extensions\redhat.java-1.47.0-win32-x64\jre\21.0.8-win32-x86_64\bin\zip.dll
0x00007fff23a00000 - 0x00007fff23a10000 	C:\Users\user\.cursor\extensions\redhat.java-1.47.0-win32-x64\jre\21.0.8-win32-x86_64\bin\net.dll
0x00007fff207b0000 - 0x00007fff208ad000 	C:\Windows\SYSTEM32\WINHTTP.dll
0x00007fff2a080000 - 0x00007fff2a0e7000 	C:\Windows\system32\mswsock.dll
0x00007fff0d280000 - 0x00007fff0d296000 	C:\Users\user\.cursor\extensions\redhat.java-1.47.0-win32-x64\jre\21.0.8-win32-x86_64\bin\nio.dll
0x00007fff14b40000 - 0x00007fff14b50000 	c:\Users\user\.cursor\extensions\redhat.java-1.47.0-win32-x64\jre\21.0.8-win32-x86_64\bin\verify.dll
0x00007fff13f80000 - 0x00007fff13fc4000 	C:\Users\user\AppData\Roaming\Cursor\User\globalStorage\redhat.java\1.47.0\config_win\org.eclipse.equinox.launcher\org.eclipse.equinox.launcher.win32.win32.x86_64_1.2.1400.v20250801-0854\eclipse_11916.dll
0x00007fff29be0000 - 0x00007fff29c13000 	C:\Windows\system32\rsaenh.dll
0x00007fff2ad20000 - 0x00007fff2ad49000 	C:\Windows\SYSTEM32\USERENV.dll
0x00007fff2a250000 - 0x00007fff2a25c000 	C:\Windows\SYSTEM32\CRYPTBASE.dll
0x00007fff29d70000 - 0x00007fff29dad000 	C:\Windows\SYSTEM32\IPHLPAPI.DLL
0x00007fff2e660000 - 0x00007fff2e668000 	C:\Windows\System32\NSI.dll
0x00007fff0d910000 - 0x00007fff0d959000 	C:\Users\user\AppData\Local\Temp\jna-3599307\jna12267049934926356741.dll
0x00007fff2c5c0000 - 0x00007fff2c5c8000 	C:\Windows\System32\PSAPI.DLL
0x00007fff21460000 - 0x00007fff21476000 	C:\Windows\SYSTEM32\dhcpcsvc6.DLL
0x00007fff21530000 - 0x00007fff2154c000 	C:\Windows\SYSTEM32\dhcpcsvc.DLL
0x00007fff2aae0000 - 0x00007fff2ab11000 	C:\Windows\SYSTEM32\ntmarta.dll
0x00007fff26850000 - 0x00007fff2685e000 	C:\Users\user\.cursor\extensions\redhat.java-1.47.0-win32-x64\jre\21.0.8-win32-x86_64\bin\sunmscapi.dll
0x00007fff2a350000 - 0x00007fff2a37c000 	C:\Windows\SYSTEM32\ncrypt.dll
0x00007fff2a310000 - 0x00007fff2a34c000 	C:\Windows\SYSTEM32\NTASN1.dll
0x00007fff29dc0000 - 0x00007fff29e86000 	C:\Windows\SYSTEM32\DNSAPI.dll
0x00007fff1f380000 - 0x00007fff1f38a000 	C:\Windows\System32\rasadhlp.dll
0x00007fff20c10000 - 0x00007fff20c89000 	C:\Windows\System32\fwpuclnt.dll
0x00007fff14b00000 - 0x00007fff14b09000 	C:\Users\user\.cursor\extensions\redhat.java-1.47.0-win32-x64\jre\21.0.8-win32-x86_64\bin\extnet.dll

JVMTI agents:
c:\Users\user\.cursor\extensions\redhat.java-1.47.0-win32-x64\lombok\lombok-1.18.39-4050.jar path:c:\Users\user\.cursor\extensions\redhat.java-1.47.0-win32-x64\jre\21.0.8-win32-x86_64\bin\instrument.dll, loaded, initialized, instrumentlib options:none

dbghelp: loaded successfully - version: 4.0.5 - missing functions: none
symbol engine: initialized successfully - sym options: 0x614 - pdb path: .;c:\Users\user\.cursor\extensions\redhat.java-1.47.0-win32-x64\jre\21.0.8-win32-x86_64\bin;C:\Windows\SYSTEM32;C:\Windows\WinSxS\amd64_microsoft.windows.common-controls_6595b64144ccf1df_6.0.17763.7919_none_de6e1fdc534e2f36;c:\Users\user\.cursor\extensions\redhat.java-1.47.0-win32-x64\jre\21.0.8-win32-x86_64\bin\server;C:\Users\user\AppData\Roaming\Cursor\User\globalStorage\redhat.java\1.47.0\config_win\org.eclipse.equinox.launcher\org.eclipse.equinox.launcher.win32.win32.x86_64_1.2.1400.v20250801-0854;C:\Users\user\AppData\Local\Temp\jna-3599307

VM Arguments:
jvm_args: --add-modules=ALL-SYSTEM --add-opens=java.base/java.util=ALL-UNNAMED --add-opens=java.base/java.lang=ALL-UNNAMED --add-opens=java.base/sun.nio.fs=ALL-UNNAMED -Declipse.application=org.eclipse.jdt.ls.core.id1 -Dosgi.bundles.defaultStartLevel=4 -Declipse.product=org.eclipse.jdt.ls.core.product -Djava.import.generatesMetadataFilesAtProjectRoot=true -DDetectVMInstallationsJob.disabled=true -Dfile.encoding=utf8 -XX:+UseParallelGC -XX:GCTimeRatio=4 -XX:AdaptiveSizePolicyWeight=90 -Dsun.zip.disableMemoryMapping=true -Xmx4G -Xms100m -Xlog:disable -javaagent:c:\Users\user\.cursor\extensions\redhat.java-1.47.0-win32-x64\lombok\lombok-1.18.39-4050.jar -XX:+HeapDumpOnOutOfMemoryError -XX:HeapDumpPath=c:\Users\user\AppData\Roaming\Cursor\User\workspaceStorage\f601d289a7636e24eb0dfe17bcea24fd\redhat.java -Daether.dependencyCollector.impl=bf 
java_command: c:\Users\user\.cursor\extensions\redhat.java-1.47.0-win32-x64\server\plugins\org.eclipse.equinox.launcher_1.7.100.v20251014-1222.jar -configuration c:\Users\user\AppData\Roaming\Cursor\User\globalStorage\redhat.java\1.47.0\config_win -data c:\Users\user\AppData\Roaming\Cursor\User\workspaceStorage\f601d289a7636e24eb0dfe17bcea24fd\redhat.java\jdt_ws --pipe=\\.\pipe\lsp-00e20acde577c7178094c163d6071c51-sock
java_class_path (initial): c:\Users\user\.cursor\extensions\redhat.java-1.47.0-win32-x64\server\plugins\org.eclipse.equinox.launcher_1.7.100.v20251014-1222.jar
Launcher Type: SUN_STANDARD

[Global flags]
    uintx AdaptiveSizePolicyWeight                 = 90                                        {product} {command line}
     intx CICompilerCount                          = 4                                         {product} {ergonomic}
    uintx GCTimeRatio                              = 4                                         {product} {command line}
     bool HeapDumpOnOutOfMemoryError               = true                                   {manageable} {command line}
    ccstr HeapDumpPath                             = c:\Users\user\AppData\Roaming\Cursor\User\workspaceStorage\f601d289a7636e24eb0dfe17bcea24fd\redhat.java         {manageable} {command line}
   size_t InitialHeapSize                          = 104857600                                 {product} {command line}
   size_t MaxHeapSize                              = 4294967296                                {product} {command line}
   size_t MaxNewSize                               = 1431306240                                {product} {ergonomic}
   size_t MinHeapDeltaBytes                        = 524288                                    {product} {ergonomic}
   size_t MinHeapSize                              = 104857600                                 {product} {command line}
   size_t NewSize                                  = 34603008                                  {product} {ergonomic}
    uintx NonNMethodCodeHeapSize                   = 5839372                                {pd product} {ergonomic}
    uintx NonProfiledCodeHeapSize                  = 122909434                              {pd product} {ergonomic}
   size_t OldSize                                  = 70254592                                  {product} {ergonomic}
    uintx ProfiledCodeHeapSize                     = 122909434                              {pd product} {ergonomic}
    uintx ReservedCodeCacheSize                    = 251658240                              {pd product} {ergonomic}
     bool SegmentedCodeCache                       = true                                      {product} {ergonomic}
   size_t SoftMaxHeapSize                          = 4294967296                             {manageable} {ergonomic}
     bool UseCompressedOops                        = true                           {product lp64_product} {ergonomic}
     bool UseLargePagesIndividualAllocation        = false                                  {pd product} {ergonomic}
     bool UseParallelGC                            = true                                      {product} {command line}

Logging:
Log output configuration:
 #0: stdout all=off uptime,level,tags foldmultilines=false
 #1: stderr all=off uptime,level,tags foldmultilines=false

Environment Variables:
JAVA_HOME=C:\Program Files\Java\jdk-21
PATH=C:\Program Files\Common Files\Oracle\Java\javapath;C:\Program Files\FFmpeg\bin;C:\Users\user\AppData\Local\Programs\Python\Python312\Scripts\;C:\Users\user\AppData\Local\Programs\Python\Python312\;C:\Windows\system32;C:\Windows;C:\Windows\System32\Wbem;C:\Windows\System32\WindowsPowerShell\v1.0\;C:\Windows\System32\OpenSSH\;C:\Program Files\Git\cmd;C:\Users\user\.m2\apache-maven-3.9.6\bin;C:\ProgramData\chocolatey\bin;C:\Program Files\dotnet\;C:\Users\user\.dotnet\tools;C:\Users\user\.dotnet\tools\wix3;C:\Program Files\Eclipse Adoptium\jdk-21.0.2.13-hotspot\bin\server;C:\Users\user\AppData\Local\Programs\Python\Launcher\;C:\Users\user\AppData\Local\Microsoft\WindowsApps;C:\msys64\ucrt64\bin;C:\Users\user\AppData\Local\Programs\Microsoft VS Code\bin;C:\Users\user\AppData\Roaming\npm;C:\Users\user\AppData\Roaming\Programs\Zero Install;C:\Users\user\AppData\Local\GitHubDesktop\bin;C:\Program Files\Java\jdk-21\bin;C:\Program Files (x86)\Gpg4win\..\GnuPG\bin;C:\Program Files (x86)\Launch4j;C:\Program Files (x86)\Inno Setup 6;C:\Program Files\CMake\bin;c:\Users\user\AppData\Local\Programs\cursor\resources\app\bin;c:\Users\user\AppData\Local\Programs\cursor\resources\app\bin;C:\Program Files\cursor\resources\app\bin;C:\Program Files\Gradle\gradle-9.0.0\bin;C:\Program Files (x86)\Windows Kits\10\Windows Performance Toolkit\;C:\Program Files\nodejs;C:\Program Files\nodejs\;C:\Users\user\AppData\Local\Programs\Python\Launcher\;C:\Users\user\AppData\Local\Microsoft\WindowsApps;C:\msys64\ucrt64\bin;C:\Users\user\AppData\Local\Programs\Microsoft VS Code\bin;C:\Users\user\.dotnet\tools;C:\Users\user\AppData\Local\GitHubDesktop\bin;C:\Program Files\VideoLAN\VLC;C:\Users\user\.dotnet\tools;C:\Users\user\cli-tools;C:\Users\user\AppData\Roaming\npm
USERNAME=user
OS=Windows_NT
PROCESSOR_IDENTIFIER=AMD64 Family 23 Model 24 Stepping 1, AuthenticAMD
TMP=C:\Users\user\AppData\Local\Temp
TEMP=C:\Users\user\AppData\Local\Temp




Periodic native trim disabled

---------------  S Y S T E M  ---------------

OS:
 Windows 10 , 64 bit Build 17763 (10.0.17763.7009)
OS uptime: 0 days 14:51 hours

CPU: total 8 (initial active 8) (8 cores per cpu, 2 threads per core) family 23 model 24 stepping 1 microcode 0x0, cx8, cmov, fxsr, ht, mmx, 3dnowpref, sse, sse2, sse3, ssse3, sse4a, sse4.1, sse4.2, popcnt, lzcnt, tsc, tscinvbit, avx, avx2, aes, clmul, bmi1, bmi2, adx, sha, fma, vzeroupper, clflush, clflushopt, rdtscp, f16c
Processor Information for the first 8 processors :
  Max Mhz: 2100, Current Mhz: 2100, Mhz Limit: 2100

Memory: 4k page, system-wide physical 30597M (18887M free)
TotalPageFile size 35205M (AvailPageFile size 16206M)
current process WorkingSet (physical memory assigned to process): 568M, peak: 3217M
current process commit charge ("private bytes"): 764M, peak: 3291M

vm_info: OpenJDK 64-Bit Server VM (21.0.8+9-LTS) for windows-amd64 JRE (21.0.8+9-LTS), built on 2025-07-15T00:00:00Z by "admin" with MS VC++ 17.7 (VS2022)

END.
