#
# A fatal error has been detected by the Java Runtime Environment:
#
#  EXCEPTION_ACCESS_VIOLATION (0xc0000005) at pc=0x00007ffa908a2747, pid=11492, tid=9196
#
# JRE version: OpenJDK Runtime Environment Temurin-21.0.7+6 (21.0.7+6) (build 21.0.7+6-LTS)
# Java VM: OpenJDK 64-Bit Server VM Temurin-21.0.7+6 (21.0.7+6-LTS, mixed mode, sharing, tiered, compressed oops, compressed class ptrs, parallel gc, windows-amd64)
# Problematic frame:
# V  [jvm.dll+0x702747]
#
# No core dump will be written. Minidumps are not enabled by default on client versions of Windows
#
# If you would like to submit a bug report, please visit:
#   https://github.com/adoptium/adoptium-support/issues
#

---------------  S U M M A R Y ------------

Command Line: --add-modules=ALL-SYSTEM --add-opens=java.base/java.util=ALL-UNNAMED --add-opens=java.base/java.lang=ALL-UNNAMED --add-opens=java.base/sun.nio.fs=ALL-UNNAMED -Declipse.application=org.eclipse.jdt.ls.core.id1 -Dosgi.bundles.defaultStartLevel=4 -Declipse.product=org.eclipse.jdt.ls.core.product -Djava.import.generatesMetadataFilesAtProjectRoot=true -DDetectVMInstallationsJob.disabled=true -Dfile.encoding=utf8 -XX:+UseParallelGC -XX:GCTimeRatio=4 -XX:AdaptiveSizePolicyWeight=90 -Dsun.zip.disableMemoryMapping=true -Xmx2G -Xms100m -Xlog:disable -javaagent:c:\Users\user\.vscode\extensions\redhat.java-1.43.1-win32-x64\lombok\lombok-1.18.39-4050.jar -XX:+HeapDumpOnOutOfMemoryError -XX:HeapDumpPath=c:\Users\user\AppData\Roaming\Code\User\workspaceStorage\f601d289a7636e24eb0dfe17bcea24fd\redhat.java -Daether.dependencyCollector.impl=bf c:\Users\user\.vscode\extensions\redhat.java-1.43.1-win32-x64\server\plugins\org.eclipse.equinox.launcher_1.7.0.v20250519-0528.jar -configuration c:\Users\user\AppData\Roaming\Code\User\globalStorage\redhat.java\1.43.1\config_win -data c:\Users\user\AppData\Roaming\Code\User\workspaceStorage\f601d289a7636e24eb0dfe17bcea24fd\redhat.java\jdt_ws --pipe=\\.\pipe\lsp-d8c2b0e81285de7490144af139abbf2a-sock

Host: AMD Ryzen 5 3550H with Radeon Vega Mobile Gfx  , 8 cores, 29G,  Windows 10 , 64 bit Build 17763 (10.0.17763.7009)
Time: Sat Jul  5 21:22:16 2025 RTZ 3 (зима) elapsed time: 3369.171014 seconds (0d 0h 56m 9s)

---------------  T H R E A D  ---------------

Current thread (0x000002c89a7d91e0):  WorkerThread "GC Thread#5"    [id=9196, stack(0x000000e936300000,0x000000e936400000) (1024K)]

Stack: [0x000000e936300000,0x000000e936400000],  sp=0x000000e9363ffaf0,  free space=1022k
Native frames: (J=compiled Java code, j=interpreted, Vv=VM code, C=native code)
V  [jvm.dll+0x702747]
V  [jvm.dll+0x702a5c]
V  [jvm.dll+0x706dbd]
V  [jvm.dll+0x85c23f]
V  [jvm.dll+0x70a733]
V  [jvm.dll+0x8d6377]
V  [jvm.dll+0x851f6b]
V  [jvm.dll+0x6cc7dd]
C  [ucrtbase.dll+0x2268a]
C  [KERNEL32.DLL+0x17ac4]
C  [ntdll.dll+0x5a8c1]


siginfo: EXCEPTION_ACCESS_VIOLATION (0xc0000005), reading address 0xffffffffffffffff


Registers:
RAX=0x1ffffffff0002000, RBX=0x0000000000010000, RCX=0x0000000000000000, RDX=0x000002c84ea80000
RSP=0x000000e9363ffaf0, RBP=0x000000008977a4f0, RSI=0x000002c83bf7efe0, RDI=0x0000000089778ab0
R8 =0x007fffffffc00080, R9 =0x00000000000056a9, R10=0x0000000089a04ab0, R11=0x0000000000000134
R12=0x00000000000003d8, R13=0x000000e9363ffc78, R14=0x000002c894c6b5b8, R15=0x000002c89a89e3d0
RIP=0x00007ffa908a2747, EFLAGS=0x0000000000010212

XMM[0]=0x000002c800001800 0x00000000897744e0
XMM[1]=0x0000000000000000 0x000000e9369ff470
XMM[2]=0x0000000000000000 0x0000000000000000
XMM[3]=0x0000000000000000 0x0000000000000000
XMM[4]=0x0000000000000000 0x0000000000000000
XMM[5]=0x0000000000000000 0x0000000000000000
XMM[6]=0x0000000000000000 0x0000000000000000
XMM[7]=0x0000000000000000 0x0000000000000000
XMM[8]=0x0000000000000000 0x0000000000000000
XMM[9]=0x0000000000000000 0x0000000000000000
XMM[10]=0x0000000000000000 0x0000000000000000
XMM[11]=0x0000000000000000 0x0000000000000000
XMM[12]=0x0000000000000000 0x0000000000000000
XMM[13]=0x0000000000000000 0x0000000000000000
XMM[14]=0x0000000000000000 0x0000000000000000
XMM[15]=0x0000000000000000 0x0000000000000000
  MXCSR=0x00001fa0


Register to memory mapping:

RAX=0x1ffffffff0002000 is an unknown value
RBX=0x0000000000010000 is an unknown value
RCX=0x0 is null
RDX=0x000002c84ea80000 points into unknown readable memory: 0x0052494920010009 | 09 00 01 20 49 49 52 00
RSP=0x000000e9363ffaf0 points into unknown readable memory: 0x000002c89a89e3d0 | d0 e3 89 9a c8 02 00 00
RBP=0x000000008977a4f0 is pointing into object: [[C 
{0x00000000897744e0} - klass: {type array char}[]
 - length: 8192
RSI=0x000002c83bf7efe0 points into unknown readable memory: 0x000002c83a1a0150 | 50 01 1a 3a c8 02 00 00
RDI=0x0000000089778ab0 is pointing into object: [[C 
{0x00000000897744e0} - klass: {type array char}[]
 - length: 8192
R8 =0x007fffffffc00080 is an unknown value
R9 =0x00000000000056a9 is an unknown value
R10=0x0000000089a04ab0 is an oop: [C 
{0x0000000089a04ab0} - klass: {type array char}
 - length: 6
R11=0x0000000000000134 is an unknown value
R12=0x00000000000003d8 is an unknown value
R13=0x000000e9363ffc78 points into unknown readable memory: 0x00007ffa90c2beb0 | b0 be c2 90 fa 7f 00 00
R14=0x000002c894c6b5b8 points into unknown readable memory: 0x80000a7698a0aefd | fd ae a0 98 76 0a 00 80
R15=0x000002c89a89e3d0 is a thread

Top of Stack: (sp=0x000000e9363ffaf0)
0x000000e9363ffaf0:   000002c89a89e3d0 000002c894c6b5b8
0x000000e9363ffb00:   00000000000003d8 0000000000000000
0x000000e9363ffb10:   000000000000048b 00007ffa908a2a5c
0x000000e9363ffb20:   000002c83bf7efe0 000002c894c6b1d0
0x000000e9363ffb30:   0000000000000000 000002c83bf7efe0
0x000000e9363ffb40:   00000000897744e0 000002c800001000
0x000000e9363ffb50:   0000000000000000 0000000000000000
0x000000e9363ffb60:   000002c894c6b1e0 00007ffa908a6dbd
0x000000e9363ffb70:   000002c83bf7efe0 000003000000048b
0x000000e9363ffb80:   000002c89a517400 000002c83bf7efe0
0x000000e9363ffb90:   00007ffa90c2bcd0 000002c83bf7efe0
0x000000e9363ffba0:   00007ffa90bc8c68 000000e9363ffb90
0x000000e9363ffbb0:   0000000000000000 00007ffa908ae301
0x000000e9363ffbc0:   0000000000000001 000002c89a89e3d0
0x000000e9363ffbd0:   000000e9353fee30 000002c83bf7efe0
0x000000e9363ffbe0:   000002c89acb7040 00007ffa909fc23f
0x000000e9363ffbf0:   000002c89acb6f00 0000000000005900
0x000000e9363ffc00:   000000e9363ffc78 000002c83bf7efe0
0x000000e9363ffc10:   0000000000000000 0000000000000000
0x000000e9363ffc20:   0000000000000070 0000000000000004
0x000000e9363ffc30:   000002c89a7d91e0 00007ffa908aa733
0x000000e9363ffc40:   000002c894b25d80 000002c89a2c45f0
0x000000e9363ffc50:   0000000000000004 0000000000000004
0x000000e9363ffc60:   000000e900000004 00007ffa90c2bcd0
0x000000e9363ffc70:   000002c83bf7efe0 00007ffa90c2beb0
0x000000e9363ffc80:   0000000000000004 00007ffa90bc8b08
0x000000e9363ffc90:   000000e9363ffc68 0000000000000004
0x000000e9363ffca0:   0000c3ad571675bd 0000000000000000
0x000000e9363ffcb0:   0000000000000070 000002c89a2c45f0
0x000000e9363ffcc0:   0000000000000000 0000000000000030
0x000000e9363ffcd0:   000002c894b25d80 0000000000000004
0x000000e9363ffce0:   000002c89a7d91e0 00007ffa90a76377 

Instructions: (pc=0x00007ffa908a2747)
0x00007ffa908a2647:   56 0a 00 48 8d 5b 08 48 83 ef 01 75 df 48 8b 7c
0x00007ffa908a2657:   24 20 48 8b 5c 24 30 48 83 c4 28 c3 cc cc cc cc
0x00007ffa908a2667:   cc cc cc cc cc cc cc cc cc 48 89 5c 24 08 48 89
0x00007ffa908a2677:   6c 24 10 48 89 74 24 18 57 48 83 ec 20 80 3d 1a
0x00007ffa908a2687:   33 59 00 00 bb 10 00 00 00 48 8b f1 4d 63 d0 4c
0x00007ffa908a2697:   8b da 8b c3 8d 4b fc 0f 84 2a 01 00 00 44 0f b6
0x00007ffa908a26a7:   0d 76 7f 52 00 45 84 c9 0f 45 c1 4c 63 04 10 49
0x00007ffa908a26b7:   8b d2 49 8b c0 49 2b c2 41 ba 00 08 00 00 49 3b
0x00007ffa908a26c7:   c2 4c 0f 42 d0 b8 18 00 00 00 4c 03 d2 45 84 c9
0x00007ffa908a26d7:   0f 45 c3 49 03 c3 48 8d 3c 90 4a 8d 2c 90 4d 3b
0x00007ffa908a26e7:   d0 73 0e 4d 8b c2 49 8b d3 48 8b ce e8 98 0b 00
0x00007ffa908a26f7:   00 48 3b fd 0f 83 e2 01 00 00 8b 07 85 c0 0f 84
0x00007ffa908a2707:   b1 00 00 00 8b 0d 97 68 52 00 8b d8 48 8b 15 06
0x00007ffa908a2717:   09 5b 00 48 d3 e3 48 03 1d 7c 68 52 00 8b 0d 02
0x00007ffa908a2727:   7a 52 00 48 8b c3 48 2b 02 48 8b 52 10 48 c1 e8
0x00007ffa908a2737:   03 48 d3 e8 4c 8b c0 24 3f 49 c1 e8 06 0f b6 c8
0x00007ffa908a2747:   4a 8b 04 c2 48 0f a3 c8 72 6b 48 8b cb e8 57 7f
0x00007ffa908a2757:   fd ff 84 c0 74 5f 48 8b d3 48 8b ce e8 68 81 fd
0x00007ffa908a2767:   ff 80 3d 22 19 5b 00 00 74 4b 48 85 db 74 46 80
0x00007ffa908a2777:   3d a5 7e 52 00 00 74 15 8b 43 08 8b 0d 30 68 52
0x00007ffa908a2787:   00 48 d3 e0 48 03 05 1e 68 52 00 eb 04 48 8b 43
0x00007ffa908a2797:   08 48 3b 05 99 03 5d 00 75 1b 48 8b cb e8 47 7a
0x00007ffa908a27a7:   fd ff 84 c0 74 0f 48 8d 8e 80 08 00 00 48 8b d3
0x00007ffa908a27b7:   e8 64 54 0a 00 48 83 c7 04 48 3b fd 0f 82 38 ff
0x00007ffa908a27c7:   ff ff e9 15 01 00 00 0f b6 15 4d 7e 52 00 84 d2
0x00007ffa908a27d7:   48 0f 45 c1 49 8b ca 4e 63 0c 18 49 8b c1 49 2b
0x00007ffa908a27e7:   c2 41 ba 00 08 00 00 49 3b c2 4c 0f 42 d0 b8 18
0x00007ffa908a27f7:   00 00 00 4c 03 d1 84 d2 48 0f 45 c3 49 03 c3 48
0x00007ffa908a2807:   8d 3c c8 4a 8d 2c d0 4d 3b d1 73 0e 4d 8b c2 49
0x00007ffa908a2817:   8b d3 48 8b ce e8 6f 0a 00 00 48 3b fd 0f 83 b9
0x00007ffa908a2827:   00 00 00 66 0f 1f 44 00 00 48 8b 1f 48 85 db 0f
0x00007ffa908a2837:   84 9a 00 00 00 48 8b 15 dd 07 5b 00 48 8b c3 8b 


Stack slot to memory mapping:

stack at sp + 0 slots: 0x000002c89a89e3d0 is a thread
stack at sp + 1 slots: 0x000002c894c6b5b8 points into unknown readable memory: 0x80000a7698a0aefd | fd ae a0 98 76 0a 00 80
stack at sp + 2 slots: 0x00000000000003d8 is an unknown value
stack at sp + 3 slots: 0x0 is null
stack at sp + 4 slots: 0x000000000000048b is an unknown value
stack at sp + 5 slots: 0x00007ffa908a2a5c jvm.dll
stack at sp + 6 slots: 0x000002c83bf7efe0 points into unknown readable memory: 0x000002c83a1a0150 | 50 01 1a 3a c8 02 00 00
stack at sp + 7 slots: 0x000002c894c6b1d0 points into unknown readable memory: 0x0000000000000000 | 00 00 00 00 00 00 00 00


---------------  P R O C E S S  ---------------

Threads class SMR info:
_java_thread_list=0x000002c8aadb86e0, length=54, elements={
0x000002c83a24d040, 0x000002c83bf96310, 0x000002c83bf97e90, 0x000002c83bf9db20,
0x000002c894909fa0, 0x000002c89490a9c0, 0x000002c89490d850, 0x000002c894911350,
0x000002c8949122f0, 0x000002c83beead70, 0x000002c894c5ea20, 0x000002c89a2131f0,
0x000002c89aa40fd0, 0x000002c89a8a18d0, 0x000002c89a89e3d0, 0x000002c89a7f97d0,
0x000002c89b068fd0, 0x000002c89a78be50, 0x000002c89a78f2d0, 0x000002c89a78cb70,
0x000002c89b7347f0, 0x000002c89b737c70, 0x000002c89b738300, 0x000002c89b7375e0,
0x000002c89b735510, 0x000002c89b735ba0, 0x000002c89b7396b0, 0x000002c89b738990,
0x000002c89b739020, 0x000002c89b736230, 0x000002c89b739d40, 0x000002c89b7368c0,
0x000002c89ebacdb0, 0x000002c89bb3edd0, 0x000002c89abcf2b0, 0x000002c89d0952c0,
0x000002c89d08fd70, 0x000002c89d0917b0, 0x000002c89d0924d0, 0x000002c89bb40ea0,
0x000002c89bb40810, 0x000002c89bb41bc0, 0x000002c89bb42f70, 0x000002c89eba92a0,
0x000002c89ebaee80, 0x000002c89ebab370, 0x000002c89eba8580, 0x000002c89ebaf510,
0x000002c89d091120, 0x000002c89d0931f0, 0x000002c89d08e9c0, 0x000002c89a4df2f0,
0x000002c89a4e06a0, 0x000002c89a4e0010
}

Java Threads: ( => current thread )
  0x000002c83a24d040 JavaThread "main"                              [_thread_blocked, id=12732, stack(0x000000e935000000,0x000000e935100000) (1024K)]
  0x000002c83bf96310 JavaThread "Reference Handler"          daemon [_thread_blocked, id=10844, stack(0x000000e935400000,0x000000e935500000) (1024K)]
  0x000002c83bf97e90 JavaThread "Finalizer"                  daemon [_thread_blocked, id=3116, stack(0x000000e935500000,0x000000e935600000) (1024K)]
  0x000002c83bf9db20 JavaThread "Signal Dispatcher"          daemon [_thread_blocked, id=6852, stack(0x000000e935600000,0x000000e935700000) (1024K)]
  0x000002c894909fa0 JavaThread "Attach Listener"            daemon [_thread_blocked, id=8612, stack(0x000000e935700000,0x000000e935800000) (1024K)]
  0x000002c89490a9c0 JavaThread "Service Thread"             daemon [_thread_blocked, id=9412, stack(0x000000e935800000,0x000000e935900000) (1024K)]
  0x000002c89490d850 JavaThread "Monitor Deflation Thread"   daemon [_thread_blocked, id=9296, stack(0x000000e935900000,0x000000e935a00000) (1024K)]
  0x000002c894911350 JavaThread "C2 CompilerThread0"         daemon [_thread_blocked, id=5044, stack(0x000000e935a00000,0x000000e935b00000) (1024K)]
  0x000002c8949122f0 JavaThread "C1 CompilerThread0"         daemon [_thread_blocked, id=10376, stack(0x000000e935b00000,0x000000e935c00000) (1024K)]
  0x000002c83beead70 JavaThread "Common-Cleaner"             daemon [_thread_blocked, id=12476, stack(0x000000e935c00000,0x000000e935d00000) (1024K)]
  0x000002c894c5ea20 JavaThread "Notification Thread"        daemon [_thread_blocked, id=14068, stack(0x000000e935d00000,0x000000e935e00000) (1024K)]
  0x000002c89a2131f0 JavaThread "Active Thread: Equinox Container: 623a8e9b-28ab-4443-a807-b723648f1e00"        [_thread_blocked, id=6592, stack(0x000000e936500000,0x000000e936600000) (1024K)]
  0x000002c89aa40fd0 JavaThread "Refresh Thread: Equinox Container: 623a8e9b-28ab-4443-a807-b723648f1e00" daemon [_thread_blocked, id=13500, stack(0x000000e936700000,0x000000e936800000) (1024K)]
  0x000002c89a8a18d0 JavaThread "Framework Event Dispatcher: Equinox Container: 623a8e9b-28ab-4443-a807-b723648f1e00" daemon [_thread_blocked, id=14672, stack(0x000000e936800000,0x000000e936900000) (1024K)]
  0x000002c89a89e3d0 JavaThread "Start Level: Equinox Container: 623a8e9b-28ab-4443-a807-b723648f1e00" daemon [_thread_blocked, id=11760, stack(0x000000e936900000,0x000000e936a00000) (1024K)]
  0x000002c89a7f97d0 JavaThread "Bundle File Closer"         daemon [_thread_blocked, id=3704, stack(0x000000e936b00000,0x000000e936c00000) (1024K)]
  0x000002c89b068fd0 JavaThread "SCR Component Actor"        daemon [_thread_blocked, id=9532, stack(0x000000e936c00000,0x000000e936d00000) (1024K)]
  0x000002c89a78be50 JavaThread "Worker-JM"                         [_thread_blocked, id=8132, stack(0x000000e936d00000,0x000000e936e00000) (1024K)]
  0x000002c89a78f2d0 JavaThread "Java indexing"              daemon [_thread_blocked, id=15212, stack(0x000000e937200000,0x000000e937300000) (1024K)]
  0x000002c89a78cb70 JavaThread "JNA Cleaner"                daemon [_thread_blocked, id=13356, stack(0x000000e937400000,0x000000e937500000) (1024K)]
  0x000002c89b7347f0 JavaThread "Thread-2"                   daemon [_thread_in_native, id=3012, stack(0x000000e937700000,0x000000e937800000) (1024K)]
  0x000002c89b737c70 JavaThread "Thread-3"                   daemon [_thread_in_native, id=11516, stack(0x000000e937800000,0x000000e937900000) (1024K)]
  0x000002c89b738300 JavaThread "Thread-4"                   daemon [_thread_in_native, id=14132, stack(0x000000e937900000,0x000000e937a00000) (1024K)]
  0x000002c89b7375e0 JavaThread "Thread-5"                   daemon [_thread_in_native, id=6692, stack(0x000000e937a00000,0x000000e937b00000) (1024K)]
  0x000002c89b735510 JavaThread "Thread-6"                   daemon [_thread_in_native, id=6220, stack(0x000000e937b00000,0x000000e937c00000) (1024K)]
  0x000002c89b735ba0 JavaThread "Thread-7"                   daemon [_thread_in_native, id=10708, stack(0x000000e937c00000,0x000000e937d00000) (1024K)]
  0x000002c89b7396b0 JavaThread "Thread-8"                   daemon [_thread_in_native, id=11124, stack(0x000000e937d00000,0x000000e937e00000) (1024K)]
  0x000002c89b738990 JavaThread "Thread-9"                   daemon [_thread_in_native, id=10196, stack(0x000000e937e00000,0x000000e937f00000) (1024K)]
  0x000002c89b739020 JavaThread "Thread-10"                  daemon [_thread_in_native, id=12008, stack(0x000000e937f00000,0x000000e938000000) (1024K)]
  0x000002c89b736230 JavaThread "pool-2-thread-1"                   [_thread_blocked, id=7420, stack(0x000000e938000000,0x000000e938100000) (1024K)]
  0x000002c89b739d40 JavaThread "WorkspaceEventsHandler"            [_thread_blocked, id=13708, stack(0x000000e938200000,0x000000e938300000) (1024K)]
  0x000002c89b7368c0 JavaThread "pool-1-thread-1"                   [_thread_blocked, id=9228, stack(0x000000e938300000,0x000000e938400000) (1024K)]
  0x000002c89ebacdb0 JavaThread "ForkJoinPool.commonPool-worker-7" daemon [_thread_blocked, id=1920, stack(0x000000e939d00000,0x000000e939e00000) (1024K)]
  0x000002c89bb3edd0 JavaThread "Cleaner-0"                  daemon [_thread_blocked, id=15284, stack(0x000000e939e00000,0x000000e939f00000) (1024K)]
  0x000002c89abcf2b0 JavaThread "ForkJoinPool.commonPool-worker-10" daemon [_thread_blocked, id=11200, stack(0x000000e936a00000,0x000000e936b00000) (1024K)]
  0x000002c89d0952c0 JavaThread "ForkJoinPool.commonPool-worker-11" daemon [_thread_blocked, id=11064, stack(0x000000e934d00000,0x000000e934e00000) (1024K)]
  0x000002c89d08fd70 JavaThread "Java Debug Server"          daemon [_thread_in_native, id=1736, stack(0x000000e936f00000,0x000000e937000000) (1024K)]
  0x000002c89d0917b0 JavaThread "RxSchedulerPurge-1"         daemon [_thread_blocked, id=2032, stack(0x000000e938100000,0x000000e938200000) (1024K)]
  0x000002c89d0924d0 JavaThread "RxCachedWorkerPoolEvictor-1" daemon [_thread_blocked, id=10916, stack(0x000000e938400000,0x000000e938500000) (1024K)]
  0x000002c89bb40ea0 JavaThread "Worker-15: Publish Diagnostics"        [_thread_blocked, id=13760, stack(0x000000e934f00000,0x000000e935000000) (1024K)]
  0x000002c89bb40810 JavaThread "Compiler Source File Reader" daemon [_thread_blocked, id=14352, stack(0x000000e936e00000,0x000000e936f00000) (1024K)]
  0x000002c89bb41bc0 JavaThread "ForkJoinPool.commonPool-worker-13" daemon [_thread_blocked, id=10316, stack(0x000000e935e00000,0x000000e935f00000) (1024K)]
  0x000002c89bb42f70 JavaThread "ForkJoinPool.commonPool-worker-15" daemon [_thread_blocked, id=9560, stack(0x000000e937500000,0x000000e937600000) (1024K)]
  0x000002c89eba92a0 JavaThread "Compiler Source File Reader" daemon [_thread_blocked, id=10380, stack(0x000000e937600000,0x000000e937700000) (1024K)]
  0x000002c89ebaee80 JavaThread "Compiler Source File Reader" daemon [_thread_blocked, id=12924, stack(0x000000e938800000,0x000000e938900000) (1024K)]
  0x000002c89ebab370 JavaThread "Compiler Source File Reader" daemon [_thread_blocked, id=14928, stack(0x000000e938900000,0x000000e938a00000) (1024K)]
  0x000002c89eba8580 JavaThread "Compiler Source File Reader" daemon [_thread_blocked, id=14992, stack(0x000000e938500000,0x000000e938600000) (1024K)]
  0x000002c89ebaf510 JavaThread "Compiler Source File Reader" daemon [_thread_blocked, id=9056, stack(0x000000e938b00000,0x000000e938c00000) (1024K)]
  0x000002c89d091120 JavaThread "Worker-19"                         [_thread_blocked, id=9024, stack(0x000000e934e00000,0x000000e934f00000) (1024K)]
  0x000002c89d0931f0 JavaThread "ForkJoinPool.commonPool-worker-16" daemon [_thread_blocked, id=13348, stack(0x000000e937300000,0x000000e937400000) (1024K)]
  0x000002c89d08e9c0 JavaThread "ForkJoinPool.commonPool-worker-17" daemon [_thread_blocked, id=11652, stack(0x000000e938600000,0x000000e938700000) (1024K)]
  0x000002c89a4df2f0 JavaThread "pool-1-thread-8"                   [_thread_blocked, id=1884, stack(0x000000e937000000,0x000000e937100000) (1024K)]
  0x000002c89a4e06a0 JavaThread "Worker-22"                         [_thread_blocked, id=6212, stack(0x000000e937100000,0x000000e937200000) (1024K)]
  0x000002c89a4e0010 JavaThread "Compiler Processing Task"   daemon [_thread_blocked, id=13956, stack(0x000000e938700000,0x000000e938800000) (1024K)]
Total: 54

Other Threads:
  0x000002c83a1a9bc0 VMThread "VM Thread"                           [id=9640, stack(0x000000e935300000,0x000000e935400000) (1024K)]
  0x000002c83bee9b50 WatcherThread "VM Periodic Task Thread"        [id=3432, stack(0x000000e935200000,0x000000e935300000) (1024K)]
  0x000002c83a1ab180 WorkerThread "GC Thread#0"                     [id=8880, stack(0x000000e935100000,0x000000e935200000) (1024K)]
  0x000002c83a1aa6a0 WorkerThread "GC Thread#1"                     [id=13464, stack(0x000000e935f00000,0x000000e936000000) (1024K)]
  0x000002c89a7da060 WorkerThread "GC Thread#2"                     [id=11148, stack(0x000000e936000000,0x000000e936100000) (1024K)]
  0x000002c89a7d8700 WorkerThread "GC Thread#3"                     [id=1988, stack(0x000000e936100000,0x000000e936200000) (1024K)]
  0x000002c89a7da7a0 WorkerThread "GC Thread#4"                     [id=12920, stack(0x000000e936200000,0x000000e936300000) (1024K)]
=>0x000002c89a7d91e0 WorkerThread "GC Thread#5"                     [id=9196, stack(0x000000e936300000,0x000000e936400000) (1024K)]
  0x000002c89a7db9c0 WorkerThread "GC Thread#6"                     [id=8040, stack(0x000000e936400000,0x000000e936500000) (1024K)]
  0x000002c89a7dab40 WorkerThread "GC Thread#7"                     [id=13564, stack(0x000000e936600000,0x000000e936700000) (1024K)]
Total: 10

Threads with active compile tasks:
Total: 0

VM state: at safepoint (normal execution)

VM Mutex/Monitor currently owned by a thread:  ([mutex/lock_event])
[0x00007ffa90e4e308] Threads_lock - owner thread: 0x000002c83a1a9bc0
[0x00007ffa90e4e408] Heap_lock - owner thread: 0x000002c89bb40ea0

Heap address: 0x0000000080000000, size: 2048 MB, Compressed Oops mode: 32-bit

CDS archive(s) mapped at: [0x000002c853000000-0x000002c853ba0000-0x000002c853ba0000), size 12189696, SharedBaseAddress: 0x000002c853000000, ArchiveRelocationMode: 1.
Compressed class space mapped at: 0x000002c854000000-0x000002c894000000, reserved size: 1073741824
Narrow klass base: 0x000002c853000000, Narrow klass shift: 0, Narrow klass range: 0x100000000

GC Precious Log:
 CardTable entry size: 512
 CPUs: 8 total, 8 available
 Memory: 30597M
 Large Page Support: Disabled
 NUMA Support: Disabled
 Compressed Oops: Enabled (32-bit)
 Alignments: Space 512K, Generation 512K, Heap 2M
 Heap Min Capacity: 100M
 Heap Initial Capacity: 100M
 Heap Max Capacity: 2G
 Pre-touch: Disabled
 Parallel Workers: 8

Heap:
 PSYoungGen      total 11264K, used 11235K [0x00000000d5580000, 0x00000000d6880000, 0x0000000100000000)
  eden space 9216K, 100% used [0x00000000d5580000,0x00000000d5e80000,0x00000000d5e80000)
  from space 2048K, 98% used [0x00000000d5f00000,0x00000000d60f8ee8,0x00000000d6100000)
  to   space 5120K, 0% used [0x00000000d6380000,0x00000000d6380000,0x00000000d6880000)
 ParOldGen       total 1398272K, used 1397842K [0x0000000080000000, 0x00000000d5580000, 0x00000000d5580000)
  object space 1398272K, 99% used [0x0000000080000000,0x00000000d55148d0,0x00000000d5580000)
 Metaspace       used 104779K, committed 106752K, reserved 1179648K
  class space    used 9996K, committed 11008K, reserved 1048576K

Card table byte_map: [0x000002c83c180000,0x000002c83c590000] _byte_map_base: 0x000002c83bd80000

Marking Bits: (ParMarkBitMap*) 0x00007ffa90e531f0
 Begin Bits: [0x000002c84ea80000, 0x000002c850a80000)
 End Bits:   [0x000002c850a80000, 0x000002c852a80000)

Polling page: 0x000002c83a3b0000

Metaspace:

Usage:
  Non-class:     92.56 MB used.
      Class:      9.76 MB used.
       Both:    102.32 MB used.

Virtual space:
  Non-class space:      128.00 MB reserved,      93.50 MB ( 73%) committed,  2 nodes.
      Class space:        1.00 GB reserved,      10.75 MB (  1%) committed,  1 nodes.
             Both:        1.13 GB reserved,     104.25 MB (  9%) committed. 

Chunk freelists:
   Non-Class:  1.72 MB
       Class:  5.37 MB
        Both:  7.09 MB

MaxMetaspaceSize: unlimited
CompressedClassSpaceSize: 1.00 GB
Initial GC threshold: 21.00 MB
Current GC threshold: 173.44 MB
CDS: on
 - commit_granule_bytes: 65536.
 - commit_granule_words: 8192.
 - virtual_space_node_default_size: 8388608.
 - enlarge_chunks_in_place: 1.
 - use_allocation_guard: 0.


Internal statistics:

num_allocs_failed_limit: 11.
num_arena_births: 2306.
num_arena_deaths: 402.
num_vsnodes_births: 3.
num_vsnodes_deaths: 0.
num_space_committed: 1668.
num_space_uncommitted: 0.
num_chunks_returned_to_freelist: 468.
num_chunks_taken_from_freelist: 7904.
num_chunk_merges: 124.
num_chunk_splits: 4512.
num_chunks_enlarged: 2312.
num_inconsistent_stats: 0.

CodeHeap 'non-profiled nmethods': size=120000Kb used=36676Kb max_used=38708Kb free=83323Kb
 bounds [0x000002c8472a0000, 0x000002c849870000, 0x000002c84e7d0000]
CodeHeap 'profiled nmethods': size=120000Kb used=25490Kb max_used=56951Kb free=94509Kb
 bounds [0x000002c83f7d0000, 0x000002c842f70000, 0x000002c846d00000]
CodeHeap 'non-nmethods': size=5760Kb used=1566Kb max_used=1647Kb free=4193Kb
 bounds [0x000002c846d00000, 0x000002c846f70000, 0x000002c8472a0000]
 total_blobs=15784 nmethods=14901 adapters=781
 compilation: enabled
              stopped_count=0, restarted_count=0
 full_count=0

Compilation events (20 events):
Event: 3367.977 Thread 0x000002c8949122f0 47456       3       java.util.concurrent.ConcurrentHashMap$CollectionView::toArray (204 bytes)
Event: 3367.981 Thread 0x000002c8949122f0 nmethod 47456 0x000002c84141a890 code [0x000002c84141ab60, 0x000002c84141bb78]
Event: 3368.065 Thread 0x000002c894911350 47457       4       org.eclipse.jdt.ls.core.internal.handlers.ProgressReporterManager$ProgressReporter::subTask (40 bytes)
Event: 3368.074 Thread 0x000002c894911350 nmethod 47457 0x000002c848082610 code [0x000002c8480827c0, 0x000002c848082bd8]
Event: 3368.091 Thread 0x000002c894911350 47458       4       org.eclipse.jdt.internal.compiler.apt.dispatch.AnnotationDiscoveryVisitor::visit (55 bytes)
Event: 3368.092 Thread 0x000002c894911350 nmethod 47458 0x000002c8489f9990 code [0x000002c8489f9b40, 0x000002c8489f9cd0]
Event: 3368.240 Thread 0x000002c8949122f0 47459   !   3       org.eclipse.core.internal.resources.Resource::delete (412 bytes)
Event: 3368.244 Thread 0x000002c8949122f0 nmethod 47459 0x000002c840239190 code [0x000002c840239840, 0x000002c84023d160]
Event: 3368.310 Thread 0x000002c894911350 47460       4       org.eclipse.core.internal.resources.MarkerAttributeMap::putAll (111 bytes)
Event: 3368.347 Thread 0x000002c894911350 nmethod 47460 0x000002c8486a9110 code [0x000002c8486a93c0, 0x000002c8486aa320]
Event: 3368.391 Thread 0x000002c8949122f0 47461       3       org.eclipse.core.internal.resources.Resource$$Lambda/0x000002c854207cc0::visitElement (27 bytes)
Event: 3368.391 Thread 0x000002c894911350 47463       4       org.eclipse.core.internal.resources.ResourceProxy::reset (11 bytes)
Event: 3368.391 Thread 0x000002c8949122f0 nmethod 47461 0x000002c841451290 code [0x000002c841451440, 0x000002c8414515b0]
Event: 3368.391 Thread 0x000002c8949122f0 47462   !   3       org.eclipse.core.internal.resources.Resource::lambda$0 (159 bytes)
Event: 3368.391 Thread 0x000002c894911350 nmethod 47463 0x000002c84782d610 code [0x000002c84782d7a0, 0x000002c84782d830]
Event: 3368.392 Thread 0x000002c8949122f0 nmethod 47462 0x000002c842509310 code [0x000002c842509580, 0x000002c84250a188]
Event: 3368.397 Thread 0x000002c8949122f0 47464       3       org.eclipse.core.internal.resources.Workspace::broadcastEvent (38 bytes)
Event: 3368.397 Thread 0x000002c8949122f0 nmethod 47464 0x000002c842df4190 code [0x000002c842df43a0, 0x000002c842df4a70]
Event: 3368.482 Thread 0x000002c894911350 47465       4       java.util.TreeMap$ValueSpliterator::tryAdvance (85 bytes)
Event: 3368.486 Thread 0x000002c894911350 nmethod 47465 0x000002c848569d10 code [0x000002c848569ec0, 0x000002c84856a190]

GC Heap History (20 events):
Event: 3368.039 GC heap after
{Heap after GC invocations=22744 (full 29):
 PSYoungGen      total 8704K, used 3546K [0x00000000d5580000, 0x00000000d6300000, 0x0000000100000000)
  eden space 5120K, 0% used [0x00000000d5580000,0x00000000d5580000,0x00000000d5a80000)
  from space 3584K, 98% used [0x00000000d5f80000,0x00000000d62f6a30,0x00000000d6300000)
  to   space 4096K, 0% used [0x00000000d5b00000,0x00000000d5b00000,0x00000000d5f00000)
 ParOldGen       total 1374208K, used 1374066K [0x0000000080000000, 0x00000000d3e00000, 0x00000000d5580000)
  object space 1374208K, 99% used [0x0000000080000000,0x00000000d3ddc9d0,0x00000000d3e00000)
 Metaspace       used 104774K, committed 106752K, reserved 1179648K
  class space    used 9996K, committed 11008K, reserved 1048576K
}
Event: 3368.065 GC heap before
{Heap before GC invocations=22745 (full 29):
 PSYoungGen      total 8704K, used 8601K [0x00000000d5580000, 0x00000000d6300000, 0x0000000100000000)
  eden space 5120K, 98% used [0x00000000d5580000,0x00000000d5a6fbe0,0x00000000d5a80000)
  from space 3584K, 98% used [0x00000000d5f80000,0x00000000d62f6a30,0x00000000d6300000)
  to   space 4096K, 0% used [0x00000000d5b00000,0x00000000d5b00000,0x00000000d5f00000)
 ParOldGen       total 1374208K, used 1374066K [0x0000000080000000, 0x00000000d3e00000, 0x00000000d5580000)
  object space 1374208K, 99% used [0x0000000080000000,0x00000000d3ddc9d0,0x00000000d3e00000)
 Metaspace       used 104774K, committed 106752K, reserved 1179648K
  class space    used 9996K, committed 11008K, reserved 1048576K
}
Event: 3368.070 GC heap after
{Heap after GC invocations=22745 (full 29):
 PSYoungGen      total 9728K, used 4087K [0x00000000d5580000, 0x00000000d6c80000, 0x0000000100000000)
  eden space 5632K, 0% used [0x00000000d5580000,0x00000000d5580000,0x00000000d5b00000)
  from space 4096K, 99% used [0x00000000d5b00000,0x00000000d5efde10,0x00000000d5f00000)
  to   space 8704K, 0% used [0x00000000d6400000,0x00000000d6400000,0x00000000d6c80000)
 ParOldGen       total 1377792K, used 1377717K [0x0000000080000000, 0x00000000d4180000, 0x00000000d5580000)
  object space 1377792K, 99% used [0x0000000080000000,0x00000000d416d400,0x00000000d4180000)
 Metaspace       used 104774K, committed 106752K, reserved 1179648K
  class space    used 9996K, committed 11008K, reserved 1048576K
}
Event: 3368.083 GC heap before
{Heap before GC invocations=22746 (full 29):
 PSYoungGen      total 9728K, used 9719K [0x00000000d5580000, 0x00000000d6c80000, 0x0000000100000000)
  eden space 5632K, 100% used [0x00000000d5580000,0x00000000d5b00000,0x00000000d5b00000)
  from space 4096K, 99% used [0x00000000d5b00000,0x00000000d5efde10,0x00000000d5f00000)
  to   space 8704K, 0% used [0x00000000d6400000,0x00000000d6400000,0x00000000d6c80000)
 ParOldGen       total 1377792K, used 1377717K [0x0000000080000000, 0x00000000d4180000, 0x00000000d5580000)
  object space 1377792K, 99% used [0x0000000080000000,0x00000000d416d400,0x00000000d4180000)
 Metaspace       used 104774K, committed 106752K, reserved 1179648K
  class space    used 9996K, committed 11008K, reserved 1048576K
}
Event: 3368.087 GC heap after
{Heap after GC invocations=22746 (full 29):
 PSYoungGen      total 9728K, used 2543K [0x00000000d5580000, 0x00000000d6680000, 0x0000000100000000)
  eden space 7168K, 0% used [0x00000000d5580000,0x00000000d5580000,0x00000000d5c80000)
  from space 2560K, 99% used [0x00000000d6400000,0x00000000d667bfc8,0x00000000d6680000)
  to   space 4608K, 0% used [0x00000000d5d80000,0x00000000d5d80000,0x00000000d6200000)
 ParOldGen       total 1381888K, used 1381821K [0x0000000080000000, 0x00000000d4580000, 0x00000000d5580000)
  object space 1381888K, 99% used [0x0000000080000000,0x00000000d456f400,0x00000000d4580000)
 Metaspace       used 104774K, committed 106752K, reserved 1179648K
  class space    used 9996K, committed 11008K, reserved 1048576K
}
Event: 3368.098 GC heap before
{Heap before GC invocations=22747 (full 29):
 PSYoungGen      total 9728K, used 9711K [0x00000000d5580000, 0x00000000d6680000, 0x0000000100000000)
  eden space 7168K, 100% used [0x00000000d5580000,0x00000000d5c80000,0x00000000d5c80000)
  from space 2560K, 99% used [0x00000000d6400000,0x00000000d667bfc8,0x00000000d6680000)
  to   space 4608K, 0% used [0x00000000d5d80000,0x00000000d5d80000,0x00000000d6200000)
 ParOldGen       total 1381888K, used 1381821K [0x0000000080000000, 0x00000000d4580000, 0x00000000d5580000)
  object space 1381888K, 99% used [0x0000000080000000,0x00000000d456f400,0x00000000d4580000)
 Metaspace       used 104774K, committed 106752K, reserved 1179648K
  class space    used 9996K, committed 11008K, reserved 1048576K
}
Event: 3368.102 GC heap after
{Heap after GC invocations=22747 (full 29):
 PSYoungGen      total 11264K, used 2915K [0x00000000d5580000, 0x00000000d6500000, 0x0000000100000000)
  eden space 8192K, 0% used [0x00000000d5580000,0x00000000d5580000,0x00000000d5d80000)
  from space 3072K, 94% used [0x00000000d5d80000,0x00000000d6058d30,0x00000000d6080000)
  to   space 3584K, 0% used [0x00000000d6180000,0x00000000d6180000,0x00000000d6500000)
 ParOldGen       total 1384960K, used 1384481K [0x0000000080000000, 0x00000000d4880000, 0x00000000d5580000)
  object space 1384960K, 99% used [0x0000000080000000,0x00000000d4808430,0x00000000d4880000)
 Metaspace       used 104774K, committed 106752K, reserved 1179648K
  class space    used 9996K, committed 11008K, reserved 1048576K
}
Event: 3368.110 GC heap before
{Heap before GC invocations=22748 (full 29):
 PSYoungGen      total 11264K, used 11107K [0x00000000d5580000, 0x00000000d6500000, 0x0000000100000000)
  eden space 8192K, 100% used [0x00000000d5580000,0x00000000d5d80000,0x00000000d5d80000)
  from space 3072K, 94% used [0x00000000d5d80000,0x00000000d6058d30,0x00000000d6080000)
  to   space 3584K, 0% used [0x00000000d6180000,0x00000000d6180000,0x00000000d6500000)
 ParOldGen       total 1384960K, used 1384481K [0x0000000080000000, 0x00000000d4880000, 0x00000000d5580000)
  object space 1384960K, 99% used [0x0000000080000000,0x00000000d4808430,0x00000000d4880000)
 Metaspace       used 104774K, committed 106752K, reserved 1179648K
  class space    used 9996K, committed 11008K, reserved 1048576K
}
Event: 3368.114 GC heap after
{Heap after GC invocations=22748 (full 29):
 PSYoungGen      total 12800K, used 2048K [0x00000000d5580000, 0x00000000d6480000, 0x0000000100000000)
  eden space 9728K, 0% used [0x00000000d5580000,0x00000000d5580000,0x00000000d5f00000)
  from space 3072K, 66% used [0x00000000d6180000,0x00000000d6380000,0x00000000d6480000)
  to   space 2560K, 0% used [0x00000000d5f00000,0x00000000d5f00000,0x00000000d6180000)
 ParOldGen       total 1387520K, used 1387097K [0x0000000080000000, 0x00000000d4b00000, 0x00000000d5580000)
  object space 1387520K, 99% used [0x0000000080000000,0x00000000d4a96670,0x00000000d4b00000)
 Metaspace       used 104774K, committed 106752K, reserved 1179648K
  class space    used 9996K, committed 11008K, reserved 1048576K
}
Event: 3368.215 GC heap before
{Heap before GC invocations=22749 (full 29):
 PSYoungGen      total 12800K, used 11776K [0x00000000d5580000, 0x00000000d6480000, 0x0000000100000000)
  eden space 9728K, 100% used [0x00000000d5580000,0x00000000d5f00000,0x00000000d5f00000)
  from space 3072K, 66% used [0x00000000d6180000,0x00000000d6380000,0x00000000d6480000)
  to   space 2560K, 0% used [0x00000000d5f00000,0x00000000d5f00000,0x00000000d6180000)
 ParOldGen       total 1387520K, used 1387097K [0x0000000080000000, 0x00000000d4b00000, 0x00000000d5580000)
  object space 1387520K, 99% used [0x0000000080000000,0x00000000d4a96670,0x00000000d4b00000)
 Metaspace       used 104774K, committed 106752K, reserved 1179648K
  class space    used 9996K, committed 11008K, reserved 1048576K
}
Event: 3368.219 GC heap after
{Heap after GC invocations=22749 (full 29):
 PSYoungGen      total 12288K, used 2080K [0x00000000d5580000, 0x00000000d6600000, 0x0000000100000000)
  eden space 9728K, 0% used [0x00000000d5580000,0x00000000d5580000,0x00000000d5f00000)
  from space 2560K, 81% used [0x00000000d5f00000,0x00000000d6108000,0x00000000d6180000)
  to   space 2560K, 0% used [0x00000000d6380000,0x00000000d6380000,0x00000000d6600000)
 ParOldGen       total 1389056K, used 1388963K [0x0000000080000000, 0x00000000d4c80000, 0x00000000d5580000)
  object space 1389056K, 99% used [0x0000000080000000,0x00000000d4c68e88,0x00000000d4c80000)
 Metaspace       used 104774K, committed 106752K, reserved 1179648K
  class space    used 9996K, committed 11008K, reserved 1048576K
}
Event: 3368.278 GC heap before
{Heap before GC invocations=22750 (full 29):
 PSYoungGen      total 12288K, used 11808K [0x00000000d5580000, 0x00000000d6600000, 0x0000000100000000)
  eden space 9728K, 100% used [0x00000000d5580000,0x00000000d5f00000,0x00000000d5f00000)
  from space 2560K, 81% used [0x00000000d5f00000,0x00000000d6108000,0x00000000d6180000)
  to   space 2560K, 0% used [0x00000000d6380000,0x00000000d6380000,0x00000000d6600000)
 ParOldGen       total 1389056K, used 1388963K [0x0000000080000000, 0x00000000d4c80000, 0x00000000d5580000)
  object space 1389056K, 99% used [0x0000000080000000,0x00000000d4c68e88,0x00000000d4c80000)
 Metaspace       used 104779K, committed 106752K, reserved 1179648K
  class space    used 9996K, committed 11008K, reserved 1048576K
}
Event: 3368.283 GC heap after
{Heap after GC invocations=22750 (full 29):
 PSYoungGen      total 11776K, used 2557K [0x00000000d5580000, 0x00000000d6900000, 0x0000000100000000)
  eden space 9216K, 0% used [0x00000000d5580000,0x00000000d5580000,0x00000000d5e80000)
  from space 2560K, 99% used [0x00000000d6380000,0x00000000d65ff608,0x00000000d6600000)
  to   space 5120K, 0% used [0x00000000d5e80000,0x00000000d5e80000,0x00000000d6380000)
 ParOldGen       total 1391104K, used 1390904K [0x0000000080000000, 0x00000000d4e80000, 0x00000000d5580000)
  object space 1391104K, 99% used [0x0000000080000000,0x00000000d4e4e340,0x00000000d4e80000)
 Metaspace       used 104779K, committed 106752K, reserved 1179648K
  class space    used 9996K, committed 11008K, reserved 1048576K
}
Event: 3368.316 GC heap before
{Heap before GC invocations=22751 (full 29):
 PSYoungGen      total 11776K, used 11773K [0x00000000d5580000, 0x00000000d6900000, 0x0000000100000000)
  eden space 9216K, 100% used [0x00000000d5580000,0x00000000d5e80000,0x00000000d5e80000)
  from space 2560K, 99% used [0x00000000d6380000,0x00000000d65ff608,0x00000000d6600000)
  to   space 5120K, 0% used [0x00000000d5e80000,0x00000000d5e80000,0x00000000d6380000)
 ParOldGen       total 1391104K, used 1390904K [0x0000000080000000, 0x00000000d4e80000, 0x00000000d5580000)
  object space 1391104K, 99% used [0x0000000080000000,0x00000000d4e4e340,0x00000000d4e80000)
 Metaspace       used 104779K, committed 106752K, reserved 1179648K
  class space    used 9996K, committed 11008K, reserved 1048576K
}
Event: 3368.321 GC heap after
{Heap after GC invocations=22751 (full 29):
 PSYoungGen      total 11776K, used 2176K [0x00000000d5580000, 0x00000000d6480000, 0x0000000100000000)
  eden space 9216K, 0% used [0x00000000d5580000,0x00000000d5580000,0x00000000d5e80000)
  from space 2560K, 85% used [0x00000000d5e80000,0x00000000d60a0020,0x00000000d6100000)
  to   space 3072K, 0% used [0x00000000d6180000,0x00000000d6180000,0x00000000d6480000)
 ParOldGen       total 1393664K, used 1393419K [0x0000000080000000, 0x00000000d5100000, 0x00000000d5580000)
  object space 1393664K, 99% used [0x0000000080000000,0x00000000d50c2f58,0x00000000d5100000)
 Metaspace       used 104779K, committed 106752K, reserved 1179648K
  class space    used 9996K, committed 11008K, reserved 1048576K
}
Event: 3368.650 GC heap before
{Heap before GC invocations=22752 (full 29):
 PSYoungGen      total 11776K, used 11392K [0x00000000d5580000, 0x00000000d6480000, 0x0000000100000000)
  eden space 9216K, 100% used [0x00000000d5580000,0x00000000d5e80000,0x00000000d5e80000)
  from space 2560K, 85% used [0x00000000d5e80000,0x00000000d60a0020,0x00000000d6100000)
  to   space 3072K, 0% used [0x00000000d6180000,0x00000000d6180000,0x00000000d6480000)
 ParOldGen       total 1393664K, used 1393419K [0x0000000080000000, 0x00000000d5100000, 0x00000000d5580000)
  object space 1393664K, 99% used [0x0000000080000000,0x00000000d50c2f58,0x00000000d5100000)
 Metaspace       used 104779K, committed 106752K, reserved 1179648K
  class space    used 9996K, committed 11008K, reserved 1048576K
}
Event: 3368.659 GC heap after
{Heap after GC invocations=22752 (full 29):
 PSYoungGen      total 10752K, used 1341K [0x00000000d5580000, 0x00000000d6300000, 0x0000000100000000)
  eden space 9216K, 0% used [0x00000000d5580000,0x00000000d5580000,0x00000000d5e80000)
  from space 1536K, 87% used [0x00000000d6180000,0x00000000d62cf5e8,0x00000000d6300000)
  to   space 2048K, 0% used [0x00000000d5f00000,0x00000000d5f00000,0x00000000d6100000)
 ParOldGen       total 1395712K, used 1395371K [0x0000000080000000, 0x00000000d5300000, 0x00000000d5580000)
  object space 1395712K, 99% used [0x0000000080000000,0x00000000d52aaf88,0x00000000d5300000)
 Metaspace       used 104779K, committed 106752K, reserved 1179648K
  class space    used 9996K, committed 11008K, reserved 1048576K
}
Event: 3368.686 GC heap before
{Heap before GC invocations=22753 (full 29):
 PSYoungGen      total 10752K, used 10557K [0x00000000d5580000, 0x00000000d6300000, 0x0000000100000000)
  eden space 9216K, 100% used [0x00000000d5580000,0x00000000d5e80000,0x00000000d5e80000)
  from space 1536K, 87% used [0x00000000d6180000,0x00000000d62cf5e8,0x00000000d6300000)
  to   space 2048K, 0% used [0x00000000d5f00000,0x00000000d5f00000,0x00000000d6100000)
 ParOldGen       total 1395712K, used 1395371K [0x0000000080000000, 0x00000000d5300000, 0x00000000d5580000)
  object space 1395712K, 99% used [0x0000000080000000,0x00000000d52aaf88,0x00000000d5300000)
 Metaspace       used 104779K, committed 106752K, reserved 1179648K
  class space    used 9996K, committed 11008K, reserved 1048576K
}
Event: 3368.691 GC heap after
{Heap after GC invocations=22753 (full 29):
 PSYoungGen      total 11264K, used 2019K [0x00000000d5580000, 0x00000000d6880000, 0x0000000100000000)
  eden space 9216K, 0% used [0x00000000d5580000,0x00000000d5580000,0x00000000d5e80000)
  from space 2048K, 98% used [0x00000000d5f00000,0x00000000d60f8ee8,0x00000000d6100000)
  to   space 5120K, 0% used [0x00000000d6380000,0x00000000d6380000,0x00000000d6880000)
 ParOldGen       total 1398272K, used 1397842K [0x0000000080000000, 0x00000000d5580000, 0x00000000d5580000)
  object space 1398272K, 99% used [0x0000000080000000,0x00000000d55148d0,0x00000000d5580000)
 Metaspace       used 104779K, committed 106752K, reserved 1179648K
  class space    used 9996K, committed 11008K, reserved 1048576K
}
Event: 3369.066 GC heap before
{Heap before GC invocations=22754 (full 30):
 PSYoungGen      total 11264K, used 11235K [0x00000000d5580000, 0x00000000d6880000, 0x0000000100000000)
  eden space 9216K, 100% used [0x00000000d5580000,0x00000000d5e80000,0x00000000d5e80000)
  from space 2048K, 98% used [0x00000000d5f00000,0x00000000d60f8ee8,0x00000000d6100000)
  to   space 5120K, 0% used [0x00000000d6380000,0x00000000d6380000,0x00000000d6880000)
 ParOldGen       total 1398272K, used 1397842K [0x0000000080000000, 0x00000000d5580000, 0x00000000d5580000)
  object space 1398272K, 99% used [0x0000000080000000,0x00000000d55148d0,0x00000000d5580000)
 Metaspace       used 104779K, committed 106752K, reserved 1179648K
  class space    used 9996K, committed 11008K, reserved 1048576K
}

Dll operation events (14 events):
Event: 0.030 Loaded shared library c:\Users\user\.vscode\extensions\redhat.java-1.43.1-win32-x64\jre\21.0.7-win32-x86_64\bin\java.dll
Event: 0.082 Loaded shared library c:\Users\user\.vscode\extensions\redhat.java-1.43.1-win32-x64\jre\21.0.7-win32-x86_64\bin\zip.dll
Event: 0.249 Loaded shared library C:\Users\user\.vscode\extensions\redhat.java-1.43.1-win32-x64\jre\21.0.7-win32-x86_64\bin\instrument.dll
Event: 0.266 Loaded shared library C:\Users\user\.vscode\extensions\redhat.java-1.43.1-win32-x64\jre\21.0.7-win32-x86_64\bin\net.dll
Event: 0.277 Loaded shared library C:\Users\user\.vscode\extensions\redhat.java-1.43.1-win32-x64\jre\21.0.7-win32-x86_64\bin\nio.dll
Event: 0.284 Loaded shared library C:\Users\user\.vscode\extensions\redhat.java-1.43.1-win32-x64\jre\21.0.7-win32-x86_64\bin\zip.dll
Event: 0.335 Loaded shared library C:\Users\user\.vscode\extensions\redhat.java-1.43.1-win32-x64\jre\21.0.7-win32-x86_64\bin\jimage.dll
Event: 0.572 Loaded shared library c:\Users\user\.vscode\extensions\redhat.java-1.43.1-win32-x64\jre\21.0.7-win32-x86_64\bin\verify.dll
Event: 3.926 Loaded shared library C:\Users\user\AppData\Roaming\Code\User\globalStorage\redhat.java\1.43.1\config_win\org.eclipse.equinox.launcher\org.eclipse.equinox.launcher.win32.win32.x86_64_1.2.1300.v20250331-1702\eclipse_11911.dll
Event: 7.009 Loaded shared library C:\Users\user\.vscode\extensions\redhat.java-1.43.1-win32-x64\jre\21.0.7-win32-x86_64\bin\management.dll
Event: 7.020 Loaded shared library C:\Users\user\.vscode\extensions\redhat.java-1.43.1-win32-x64\jre\21.0.7-win32-x86_64\bin\management_ext.dll
Event: 11.127 Loaded shared library C:\Users\user\AppData\Local\Temp\jna-3599307\jna6293111947585319245.dll
Event: 11.875 Loaded shared library C:\Users\user\.vscode\extensions\redhat.java-1.43.1-win32-x64\jre\21.0.7-win32-x86_64\bin\sunmscapi.dll
Event: 13.136 Loaded shared library C:\Users\user\.vscode\extensions\redhat.java-1.43.1-win32-x64\jre\21.0.7-win32-x86_64\bin\extnet.dll

Deoptimization events (20 events):
Event: 3224.536 Thread 0x000002c89ebacdb0 DEOPT PACKING pc=0x000002c84801c378 sp=0x000000e939dfe340
Event: 3224.536 Thread 0x000002c89ebacdb0 DEOPT UNPACKING pc=0x000002c846d53aa2 sp=0x000000e939dfe1f8 mode 2
Event: 3356.510 Thread 0x000002c89b7368c0 DEOPT PACKING pc=0x000002c83f9d2394 sp=0x000000e9383fe7f0
Event: 3356.511 Thread 0x000002c89b7368c0 DEOPT UNPACKING pc=0x000002c846d54242 sp=0x000000e9383fdcc0 mode 0
Event: 3359.545 Thread 0x000002c89b7368c0 Uncommon trap: trap_request=0xffffffde fr.pc=0x000002c847dc2754 relative=0x0000000000003534
Event: 3359.545 Thread 0x000002c89b7368c0 Uncommon trap: reason=class_check action=maybe_recompile pc=0x000002c847dc2754 method=org.eclipse.jdt.core.dom.TypeBinding.getQualifiedName()Ljava/lang/String; @ 605 c2
Event: 3359.545 Thread 0x000002c89b7368c0 DEOPT PACKING pc=0x000002c847dc2754 sp=0x000000e9383fe530
Event: 3359.545 Thread 0x000002c89b7368c0 DEOPT UNPACKING pc=0x000002c846d53aa2 sp=0x000000e9383fe4e0 mode 2
Event: 3359.545 Thread 0x000002c89b7368c0 Uncommon trap: trap_request=0xffffffde fr.pc=0x000002c847dc2754 relative=0x0000000000003534
Event: 3359.545 Thread 0x000002c89b7368c0 Uncommon trap: reason=class_check action=maybe_recompile pc=0x000002c847dc2754 method=org.eclipse.jdt.core.dom.TypeBinding.getQualifiedName()Ljava/lang/String; @ 605 c2
Event: 3359.545 Thread 0x000002c89b7368c0 DEOPT PACKING pc=0x000002c847dc2754 sp=0x000000e9383fe530
Event: 3359.545 Thread 0x000002c89b7368c0 DEOPT UNPACKING pc=0x000002c846d53aa2 sp=0x000000e9383fe4e0 mode 2
Event: 3359.545 Thread 0x000002c89b7368c0 Uncommon trap: trap_request=0xffffffde fr.pc=0x000002c847dc2754 relative=0x0000000000003534
Event: 3359.545 Thread 0x000002c89b7368c0 Uncommon trap: reason=class_check action=maybe_recompile pc=0x000002c847dc2754 method=org.eclipse.jdt.core.dom.TypeBinding.getQualifiedName()Ljava/lang/String; @ 605 c2
Event: 3359.545 Thread 0x000002c89b7368c0 DEOPT PACKING pc=0x000002c847dc2754 sp=0x000000e9383fe530
Event: 3359.545 Thread 0x000002c89b7368c0 DEOPT UNPACKING pc=0x000002c846d53aa2 sp=0x000000e9383fe4e0 mode 2
Event: 3359.545 Thread 0x000002c89b7368c0 Uncommon trap: trap_request=0xffffffde fr.pc=0x000002c847dc2754 relative=0x0000000000003534
Event: 3359.545 Thread 0x000002c89b7368c0 Uncommon trap: reason=class_check action=maybe_recompile pc=0x000002c847dc2754 method=org.eclipse.jdt.core.dom.TypeBinding.getQualifiedName()Ljava/lang/String; @ 605 c2
Event: 3359.545 Thread 0x000002c89b7368c0 DEOPT PACKING pc=0x000002c847dc2754 sp=0x000000e9383fe530
Event: 3359.545 Thread 0x000002c89b7368c0 DEOPT UNPACKING pc=0x000002c846d53aa2 sp=0x000000e9383fe4e0 mode 2

Classes loaded (20 events):
Event: 3213.418 Loading class jdk/internal/module/IllegalAccessLogger
Event: 3213.418 Loading class jdk/internal/module/IllegalAccessLogger done
Event: 3224.606 Loading class jdk/internal/module/IllegalAccessLogger
Event: 3224.606 Loading class jdk/internal/module/IllegalAccessLogger done
Event: 3229.416 Loading class jdk/internal/module/IllegalAccessLogger
Event: 3229.416 Loading class jdk/internal/module/IllegalAccessLogger done
Event: 3231.780 Loading class jdk/internal/module/IllegalAccessLogger
Event: 3231.780 Loading class jdk/internal/module/IllegalAccessLogger done
Event: 3233.865 Loading class jdk/internal/module/IllegalAccessLogger
Event: 3233.865 Loading class jdk/internal/module/IllegalAccessLogger done
Event: 3236.384 Loading class jdk/internal/module/IllegalAccessLogger
Event: 3236.384 Loading class jdk/internal/module/IllegalAccessLogger done
Event: 3238.345 Loading class jdk/internal/module/IllegalAccessLogger
Event: 3238.346 Loading class jdk/internal/module/IllegalAccessLogger done
Event: 3361.975 Loading class jdk/internal/module/IllegalAccessLogger
Event: 3361.975 Loading class jdk/internal/module/IllegalAccessLogger done
Event: 3363.554 Loading class jdk/internal/module/IllegalAccessLogger
Event: 3363.554 Loading class jdk/internal/module/IllegalAccessLogger done
Event: 3368.092 Loading class jdk/internal/module/IllegalAccessLogger
Event: 3368.092 Loading class jdk/internal/module/IllegalAccessLogger done

Classes unloaded (20 events):
Event: 2192.753 Thread 0x000002c83a1a9bc0 Unloading class 0x000002c854002400 'java/lang/invoke/LambdaForm$MH+0x000002c854002400'
Event: 2192.753 Thread 0x000002c83a1a9bc0 Unloading class 0x000002c854002000 'java/lang/invoke/LambdaForm$MH+0x000002c854002000'
Event: 2192.753 Thread 0x000002c83a1a9bc0 Unloading class 0x000002c854001800 'java/lang/invoke/LambdaForm$MH+0x000002c854001800'
Event: 2446.498 Thread 0x000002c83a1a9bc0 Unloading class 0x000002c854431000 'java/lang/invoke/LambdaForm$MH+0x000002c854431000'
Event: 2446.498 Thread 0x000002c83a1a9bc0 Unloading class 0x000002c854430c00 'java/lang/invoke/LambdaForm$MH+0x000002c854430c00'
Event: 2446.498 Thread 0x000002c83a1a9bc0 Unloading class 0x000002c854430800 'java/lang/invoke/LambdaForm$MH+0x000002c854430800'
Event: 2929.995 Thread 0x000002c83a1a9bc0 Unloading class 0x000002c8549f5400 'java/lang/invoke/LambdaForm$MH+0x000002c8549f5400'
Event: 2929.995 Thread 0x000002c83a1a9bc0 Unloading class 0x000002c8549f4c00 'java/lang/invoke/LambdaForm$MH+0x000002c8549f4c00'
Event: 2929.995 Thread 0x000002c83a1a9bc0 Unloading class 0x000002c8549f4800 'java/lang/invoke/LambdaForm$MH+0x000002c8549f4800'
Event: 2929.995 Thread 0x000002c83a1a9bc0 Unloading class 0x000002c8549f4400 'java/lang/invoke/LambdaForm$MH+0x000002c8549f4400'
Event: 2929.995 Thread 0x000002c83a1a9bc0 Unloading class 0x000002c8549f3800 'java/lang/invoke/LambdaForm$MH+0x000002c8549f3800'
Event: 2929.995 Thread 0x000002c83a1a9bc0 Unloading class 0x000002c8549f3400 'java/lang/invoke/LambdaForm$MH+0x000002c8549f3400'
Event: 2929.995 Thread 0x000002c83a1a9bc0 Unloading class 0x000002c8549f3000 'java/lang/invoke/LambdaForm$MH+0x000002c8549f3000'
Event: 2929.996 Thread 0x000002c83a1a9bc0 Unloading class 0x000002c85420d400 'java/lang/invoke/LambdaForm$MH+0x000002c85420d400'
Event: 2929.996 Thread 0x000002c83a1a9bc0 Unloading class 0x000002c85420d000 'java/lang/invoke/LambdaForm$MH+0x000002c85420d000'
Event: 2929.996 Thread 0x000002c83a1a9bc0 Unloading class 0x000002c85420c800 'java/lang/invoke/LambdaForm$MH+0x000002c85420c800'
Event: 2929.996 Thread 0x000002c83a1a9bc0 Unloading class 0x000002c85420c000 'java/lang/invoke/LambdaForm$MH+0x000002c85420c000'
Event: 2929.996 Thread 0x000002c83a1a9bc0 Unloading class 0x000002c85420b400 'java/lang/invoke/LambdaForm$MH+0x000002c85420b400'
Event: 2929.996 Thread 0x000002c83a1a9bc0 Unloading class 0x000002c85420a400 'java/lang/invoke/LambdaForm$MH+0x000002c85420a400'
Event: 2929.996 Thread 0x000002c83a1a9bc0 Unloading class 0x000002c85420a000 'java/lang/invoke/LambdaForm$MH+0x000002c85420a000'

Classes redefined (0 events):
No events

Internal exceptions (20 events):
Event: 3360.006 Thread 0x000002c89a4df2f0 Exception <a 'java/lang/ClassNotFoundException'{0x00000000d57c2f88}: sun/net/www/protocol/jdt/Handler> (0x00000000d57c2f88) 
thrown [s\src\hotspot\share\classfile\systemDictionary.cpp, line 312]
Event: 3360.006 Thread 0x000002c89a4df2f0 Exception <a 'java/lang/ClassNotFoundException'{0x00000000d57c4f90}: sun/net/www/protocol/jdt/Handler> (0x00000000d57c4f90) 
thrown [s\src\hotspot\share\classfile\systemDictionary.cpp, line 312]
Event: 3360.122 Thread 0x000002c89a4df2f0 Exception <a 'java/lang/ClassNotFoundException'{0x00000000d5c4df10}: sun/net/www/protocol/jdt/Handler> (0x00000000d5c4df10) 
thrown [s\src\hotspot\share\classfile\systemDictionary.cpp, line 312]
Event: 3360.122 Thread 0x000002c89a4df2f0 Exception <a 'java/lang/ClassNotFoundException'{0x00000000d5c4fd60}: sun/net/www/protocol/jdt/Handler> (0x00000000d5c4fd60) 
thrown [s\src\hotspot\share\classfile\systemDictionary.cpp, line 312]
Event: 3360.122 Thread 0x000002c89a4df2f0 Exception <a 'java/lang/ClassNotFoundException'{0x00000000d5c53820}: sun/net/www/protocol/jdt/Handler> (0x00000000d5c53820) 
thrown [s\src\hotspot\share\classfile\systemDictionary.cpp, line 312]
Event: 3360.122 Thread 0x000002c89a4df2f0 Exception <a 'java/lang/ClassNotFoundException'{0x00000000d5c556f0}: sun/net/www/protocol/jdt/Handler> (0x00000000d5c556f0) 
thrown [s\src\hotspot\share\classfile\systemDictionary.cpp, line 312]
Event: 3360.122 Thread 0x000002c89a4df2f0 Exception <a 'java/lang/ClassNotFoundException'{0x00000000d5c576f8}: sun/net/www/protocol/jdt/Handler> (0x00000000d5c576f8) 
thrown [s\src\hotspot\share\classfile\systemDictionary.cpp, line 312]
Event: 3361.870 Thread 0x000002c89a78f2d0 Exception <a 'sun/nio/fs/WindowsException'{0x00000000d58e4980}> (0x00000000d58e4980) 
thrown [s\src\hotspot\share\prims\jni.cpp, line 520]
Event: 3361.942 Thread 0x000002c89a78f2d0 Exception <a 'sun/nio/fs/WindowsException'{0x00000000d5a499c8}> (0x00000000d5a499c8) 
thrown [s\src\hotspot\share\prims\jni.cpp, line 520]
Event: 3363.442 Thread 0x000002c89a78f2d0 Exception <a 'sun/nio/fs/WindowsException'{0x00000000d56dba00}> (0x00000000d56dba00) 
thrown [s\src\hotspot\share\prims\jni.cpp, line 520]
Event: 3363.527 Thread 0x000002c89a78f2d0 Exception <a 'sun/nio/fs/WindowsException'{0x00000000d5b5bcf8}> (0x00000000d5b5bcf8) 
thrown [s\src\hotspot\share\prims\jni.cpp, line 520]
Event: 3364.157 Thread 0x000002c89a4df2f0 Exception <a 'java/lang/ClassNotFoundException'{0x00000000d592ad28}: sun/net/www/protocol/jdt/Handler> (0x00000000d592ad28) 
thrown [s\src\hotspot\share\classfile\systemDictionary.cpp, line 312]
Event: 3364.157 Thread 0x000002c89a4df2f0 Exception <a 'java/lang/ClassNotFoundException'{0x00000000d592d418}: sun/net/www/protocol/jdt/Handler> (0x00000000d592d418) 
thrown [s\src\hotspot\share\classfile\systemDictionary.cpp, line 312]
Event: 3364.157 Thread 0x000002c89a4df2f0 Exception <a 'java/lang/ClassNotFoundException'{0x00000000d592f4c0}: sun/net/www/protocol/jdt/Handler> (0x00000000d592f4c0) 
thrown [s\src\hotspot\share\classfile\systemDictionary.cpp, line 312]
Event: 3364.157 Thread 0x000002c89a4df2f0 Exception <a 'java/lang/ClassNotFoundException'{0x00000000d5931e90}: sun/net/www/protocol/jdt/Handler> (0x00000000d5931e90) 
thrown [s\src\hotspot\share\classfile\systemDictionary.cpp, line 312]
Event: 3364.157 Thread 0x000002c89a4df2f0 Exception <a 'java/lang/ClassNotFoundException'{0x00000000d5934038}: sun/net/www/protocol/jdt/Handler> (0x00000000d5934038) 
thrown [s\src\hotspot\share\classfile\systemDictionary.cpp, line 312]
Event: 3364.157 Thread 0x000002c89a4df2f0 Exception <a 'java/lang/ClassNotFoundException'{0x00000000d59361e0}: sun/net/www/protocol/jdt/Handler> (0x00000000d59361e0) 
thrown [s\src\hotspot\share\classfile\systemDictionary.cpp, line 312]
Event: 3364.157 Thread 0x000002c89a4df2f0 Exception <a 'java/lang/ClassNotFoundException'{0x00000000d59383b0}: sun/net/www/protocol/jdt/Handler> (0x00000000d59383b0) 
thrown [s\src\hotspot\share\classfile\systemDictionary.cpp, line 312]
Event: 3367.982 Thread 0x000002c89a78f2d0 Exception <a 'sun/nio/fs/WindowsException'{0x00000000d55c12f8}> (0x00000000d55c12f8) 
thrown [s\src\hotspot\share\prims\jni.cpp, line 520]
Event: 3368.063 Thread 0x000002c89a78f2d0 Exception <a 'sun/nio/fs/WindowsException'{0x00000000d5a47ae8}> (0x00000000d5a47ae8) 
thrown [s\src\hotspot\share\prims\jni.cpp, line 520]

ZGC Phase Switch (0 events):
No events

VM Operations (20 events):
Event: 3368.039 Executing VM operation: ParallelGCFailedAllocation (Allocation Failure) done
Event: 3368.065 Executing VM operation: ParallelGCFailedAllocation (Allocation Failure)
Event: 3368.070 Executing VM operation: ParallelGCFailedAllocation (Allocation Failure) done
Event: 3368.083 Executing VM operation: ParallelGCFailedAllocation (Allocation Failure)
Event: 3368.087 Executing VM operation: ParallelGCFailedAllocation (Allocation Failure) done
Event: 3368.097 Executing VM operation: ParallelGCFailedAllocation (Allocation Failure)
Event: 3368.102 Executing VM operation: ParallelGCFailedAllocation (Allocation Failure) done
Event: 3368.110 Executing VM operation: ParallelGCFailedAllocation (Allocation Failure)
Event: 3368.114 Executing VM operation: ParallelGCFailedAllocation (Allocation Failure) done
Event: 3368.215 Executing VM operation: ParallelGCFailedAllocation (Allocation Failure)
Event: 3368.219 Executing VM operation: ParallelGCFailedAllocation (Allocation Failure) done
Event: 3368.278 Executing VM operation: ParallelGCFailedAllocation (Allocation Failure)
Event: 3368.283 Executing VM operation: ParallelGCFailedAllocation (Allocation Failure) done
Event: 3368.316 Executing VM operation: ParallelGCFailedAllocation (Allocation Failure)
Event: 3368.321 Executing VM operation: ParallelGCFailedAllocation (Allocation Failure) done
Event: 3368.650 Executing VM operation: ParallelGCFailedAllocation (Allocation Failure)
Event: 3368.659 Executing VM operation: ParallelGCFailedAllocation (Allocation Failure) done
Event: 3368.686 Executing VM operation: ParallelGCFailedAllocation (Allocation Failure)
Event: 3368.691 Executing VM operation: ParallelGCFailedAllocation (Allocation Failure) done
Event: 3369.066 Executing VM operation: ParallelGCFailedAllocation (Allocation Failure)

Memory protections (0 events):
No events

Nmethod flushes (20 events):
Event: 3231.121 Thread 0x000002c83a1a9bc0 flushing  nmethod 0x000002c840e41690
Event: 3231.121 Thread 0x000002c83a1a9bc0 flushing  nmethod 0x000002c8410f3f10
Event: 3231.121 Thread 0x000002c83a1a9bc0 flushing  nmethod 0x000002c841120e10
Event: 3231.121 Thread 0x000002c83a1a9bc0 flushing  nmethod 0x000002c8411c4e90
Event: 3231.121 Thread 0x000002c83a1a9bc0 flushing  nmethod 0x000002c841498890
Event: 3231.121 Thread 0x000002c83a1a9bc0 flushing  nmethod 0x000002c84199f510
Event: 3231.121 Thread 0x000002c83a1a9bc0 flushing  nmethod 0x000002c841a82310
Event: 3231.121 Thread 0x000002c83a1a9bc0 flushing  nmethod 0x000002c842185f10
Event: 3231.121 Thread 0x000002c83a1a9bc0 flushing  nmethod 0x000002c84227db10
Event: 3231.121 Thread 0x000002c83a1a9bc0 flushing  nmethod 0x000002c84262e510
Event: 3231.121 Thread 0x000002c83a1a9bc0 flushing  nmethod 0x000002c842826810
Event: 3231.121 Thread 0x000002c83a1a9bc0 flushing  nmethod 0x000002c84296ba90
Event: 3231.121 Thread 0x000002c83a1a9bc0 flushing  nmethod 0x000002c842a1b490
Event: 3231.121 Thread 0x000002c83a1a9bc0 flushing  nmethod 0x000002c842b2a190
Event: 3231.121 Thread 0x000002c83a1a9bc0 flushing  nmethod 0x000002c842b5ac10
Event: 3231.121 Thread 0x000002c83a1a9bc0 flushing  nmethod 0x000002c842be8d90
Event: 3231.121 Thread 0x000002c83a1a9bc0 flushing  nmethod 0x000002c842c12390
Event: 3231.121 Thread 0x000002c83a1a9bc0 flushing  nmethod 0x000002c842dc0b10
Event: 3231.121 Thread 0x000002c83a1a9bc0 flushing  nmethod 0x000002c842e5de90
Event: 3231.121 Thread 0x000002c83a1a9bc0 flushing  nmethod 0x000002c842e66910

Events (20 events):
Event: 2926.016 Thread 0x000002c89bb42f70 Thread added: 0x000002c89d0931f0
Event: 2926.837 Thread 0x000002c89ebacdb0 Thread added: 0x000002c89d08e9c0
Event: 2968.801 Thread 0x000002c89d091e40 Thread exited: 0x000002c89d091e40
Event: 2974.317 Thread 0x000002c89d091120 Thread added: 0x000002c89a4e0010
Event: 2982.416 Thread 0x000002c89bb40ea0 Thread added: 0x000002c89a4db7e0
Event: 2990.857 Thread 0x000002c8949122f0 Thread added: 0x000002c8aa828c20
Event: 2991.069 Thread 0x000002c8aa828c20 Thread exited: 0x000002c8aa828c20
Event: 3190.702 Thread 0x000002c89a4db7e0 Thread added: 0x000002c89a4de5d0
Event: 3190.713 Thread 0x000002c89a4de5d0 Thread exited: 0x000002c89a4de5d0
Event: 3190.720 Thread 0x000002c8949122f0 Thread added: 0x000002c8aa8299c0
Event: 3190.741 Thread 0x000002c89a4db7e0 Thread added: 0x000002c89a4de5d0
Event: 3190.811 Thread 0x000002c89a4de5d0 Thread exited: 0x000002c89a4de5d0
Event: 3191.580 Thread 0x000002c8aa8299c0 Thread exited: 0x000002c8aa8299c0
Event: 3298.502 Thread 0x000002c89a4e0010 Thread exited: 0x000002c89a4e0010
Event: 3299.396 Thread 0x000002c89d08f6e0 Thread exited: 0x000002c89d08f6e0
Event: 3299.813 Thread 0x000002c89abd3ae0 Thread exited: 0x000002c89abd3ae0
Event: 3299.869 Thread 0x000002c89a4db7e0 Thread exited: 0x000002c89a4db7e0
Event: 3359.570 Thread 0x000002c89b7368c0 Thread added: 0x000002c89a4df2f0
Event: 3361.955 Thread 0x000002c89d091120 Thread added: 0x000002c89a4e06a0
Event: 3361.975 Thread 0x000002c89d091120 Thread added: 0x000002c89a4e0010


Dynamic libraries:
0x00007ff764c90000 - 0x00007ff764c9e000 	c:\Users\user\.vscode\extensions\redhat.java-1.43.1-win32-x64\jre\21.0.7-win32-x86_64\bin\java.exe
0x00007ffad7870000 - 0x00007ffad7a5e000 	C:\Windows\SYSTEM32\ntdll.dll
0x00007ffad5020000 - 0x00007ffad50d3000 	C:\Windows\System32\KERNEL32.DLL
0x00007ffad4030000 - 0x00007ffad42ce000 	C:\Windows\System32\KERNELBASE.dll
0x00007ffad4570000 - 0x00007ffad466a000 	C:\Windows\System32\ucrtbase.dll
0x00007ffac92f0000 - 0x00007ffac9308000 	c:\Users\user\.vscode\extensions\redhat.java-1.43.1-win32-x64\jre\21.0.7-win32-x86_64\bin\jli.dll
0x00007ffac8d70000 - 0x00007ffac8d8e000 	c:\Users\user\.vscode\extensions\redhat.java-1.43.1-win32-x64\jre\21.0.7-win32-x86_64\bin\VCRUNTIME140.dll
0x00007ffad4dd0000 - 0x00007ffad4f67000 	C:\Windows\System32\USER32.dll
0x00007ffad4920000 - 0x00007ffad4940000 	C:\Windows\System32\win32u.dll
0x00007ffad4f70000 - 0x00007ffad4f99000 	C:\Windows\System32\GDI32.dll
0x00007ffad4700000 - 0x00007ffad48ac000 	C:\Windows\System32\gdi32full.dll
0x00007ffabd950000 - 0x00007ffabdbc9000 	C:\Windows\WinSxS\amd64_microsoft.windows.common-controls_6595b64144ccf1df_6.0.17763.7434_none_de70930c534be02a\COMCTL32.dll
0x00007ffad4940000 - 0x00007ffad49e0000 	C:\Windows\System32\msvcp_win.dll
0x00007ffad4d30000 - 0x00007ffad4dce000 	C:\Windows\System32\msvcrt.dll
0x00007ffad5210000 - 0x00007ffad553a000 	C:\Windows\System32\combase.dll
0x00007ffad5930000 - 0x00007ffad5a48000 	C:\Windows\System32\RPCRT4.dll
0x00007ffad4670000 - 0x00007ffad46f2000 	C:\Windows\System32\bcryptPrimitives.dll
0x00007ffad5900000 - 0x00007ffad592e000 	C:\Windows\System32\IMM32.DLL
0x00007ffad34f0000 - 0x00007ffad35e7000 	C:\Windows\system32\guard64.dll
0x00007ffad4c00000 - 0x00007ffad4ca9000 	C:\Windows\System32\ADVAPI32.dll
0x00007ffad7660000 - 0x00007ffad7702000 	C:\Windows\System32\sechost.dll
0x00007ffad4320000 - 0x00007ffad4346000 	C:\Windows\System32\bcrypt.dll
0x00007ffad34e0000 - 0x00007ffad34ea000 	C:\Windows\system32\version.dll
0x00007ffad4a90000 - 0x00007ffad4be7000 	C:\Windows\System32\ole32.dll
0x00007ffad34d0000 - 0x00007ffad34da000 	C:\Windows\system32\fltlib.dll
0x00007ffad5bd0000 - 0x00007ffad70c8000 	C:\Windows\System32\shell32.dll
0x00007ffad42d0000 - 0x00007ffad431a000 	C:\Windows\System32\cfgmgr32.dll
0x00007ffad75b0000 - 0x00007ffad7657000 	C:\Windows\System32\shcore.dll
0x00007ffad38e0000 - 0x00007ffad4028000 	C:\Windows\System32\windows.storage.dll
0x00007ffad3890000 - 0x00007ffad38b3000 	C:\Windows\System32\profapi.dll
0x00007ffad3810000 - 0x00007ffad386d000 	C:\Windows\System32\powrprof.dll
0x00007ffad7710000 - 0x00007ffad7766000 	C:\Windows\System32\shlwapi.dll
0x00007ffad37f0000 - 0x00007ffad3801000 	C:\Windows\System32\kernel.appcore.dll
0x00007ffad38c0000 - 0x00007ffad38db000 	C:\Windows\System32\cryptsp.dll
0x00007ffad33f0000 - 0x00007ffad3464000 	C:\Windows\system32\cssguard64.dll
0x00007ffad7770000 - 0x00007ffad7834000 	C:\Windows\System32\OLEAUT32.dll
0x00007ffad4350000 - 0x00007ffad4566000 	C:\Windows\System32\CRYPT32.dll
0x00007ffad3870000 - 0x00007ffad3882000 	C:\Windows\System32\MSASN1.dll
0x00007ffacf620000 - 0x00007ffacf62c000 	c:\Users\user\.vscode\extensions\redhat.java-1.43.1-win32-x64\jre\21.0.7-win32-x86_64\bin\vcruntime140_1.dll
0x00007ffa990e0000 - 0x00007ffa9916d000 	c:\Users\user\.vscode\extensions\redhat.java-1.43.1-win32-x64\jre\21.0.7-win32-x86_64\bin\msvcp140.dll
0x00007ffa901a0000 - 0x00007ffa90f30000 	c:\Users\user\.vscode\extensions\redhat.java-1.43.1-win32-x64\jre\21.0.7-win32-x86_64\bin\server\jvm.dll
0x00007ffad5670000 - 0x00007ffad56dd000 	C:\Windows\System32\WS2_32.dll
0x00007ffacfe00000 - 0x00007ffacfe24000 	C:\Windows\SYSTEM32\WINMM.dll
0x00007ffacfbf0000 - 0x00007ffacfc1d000 	C:\Windows\SYSTEM32\WINMMBASE.dll
0x00007ffacf500000 - 0x00007ffacf50a000 	c:\Users\user\.vscode\extensions\redhat.java-1.43.1-win32-x64\jre\21.0.7-win32-x86_64\bin\jimage.dll
0x00007ffac7550000 - 0x00007ffac773d000 	C:\Windows\SYSTEM32\DBGHELP.DLL
0x00007ffab9160000 - 0x00007ffab918a000 	C:\Windows\SYSTEM32\dbgcore.DLL
0x00007ffacddf0000 - 0x00007ffacddff000 	c:\Users\user\.vscode\extensions\redhat.java-1.43.1-win32-x64\jre\21.0.7-win32-x86_64\bin\instrument.dll
0x00007ffabf9e0000 - 0x00007ffabf9ff000 	c:\Users\user\.vscode\extensions\redhat.java-1.43.1-win32-x64\jre\21.0.7-win32-x86_64\bin\java.dll
0x00007ffabdce0000 - 0x00007ffabdcf8000 	c:\Users\user\.vscode\extensions\redhat.java-1.43.1-win32-x64\jre\21.0.7-win32-x86_64\bin\zip.dll
0x00007ffacdd30000 - 0x00007ffacdd40000 	C:\Users\user\.vscode\extensions\redhat.java-1.43.1-win32-x64\jre\21.0.7-win32-x86_64\bin\net.dll
0x00007ffaca3e0000 - 0x00007ffaca4dd000 	C:\Windows\SYSTEM32\WINHTTP.dll
0x00007ffad2e30000 - 0x00007ffad2e97000 	C:\Windows\system32\mswsock.dll
0x00007ffabd810000 - 0x00007ffabd826000 	C:\Users\user\.vscode\extensions\redhat.java-1.43.1-win32-x64\jre\21.0.7-win32-x86_64\bin\nio.dll
0x00007ffacdcd0000 - 0x00007ffacdce0000 	c:\Users\user\.vscode\extensions\redhat.java-1.43.1-win32-x64\jre\21.0.7-win32-x86_64\bin\verify.dll
0x00007ffaa22e0000 - 0x00007ffaa2325000 	C:\Users\user\AppData\Roaming\Code\User\globalStorage\redhat.java\1.43.1\config_win\org.eclipse.equinox.launcher\org.eclipse.equinox.launcher.win32.win32.x86_64_1.2.1300.v20250331-1702\eclipse_11911.dll
0x00007ffacd1b0000 - 0x00007ffacd1ba000 	C:\Users\user\.vscode\extensions\redhat.java-1.43.1-win32-x64\jre\21.0.7-win32-x86_64\bin\management.dll
0x00007ffacd080000 - 0x00007ffacd08b000 	C:\Users\user\.vscode\extensions\redhat.java-1.43.1-win32-x64\jre\21.0.7-win32-x86_64\bin\management_ext.dll
0x00007ffad4bf0000 - 0x00007ffad4bf8000 	C:\Windows\System32\PSAPI.DLL
0x00007ffad2950000 - 0x00007ffad2983000 	C:\Windows\system32\rsaenh.dll
0x00007ffad36f0000 - 0x00007ffad3719000 	C:\Windows\SYSTEM32\USERENV.dll
0x00007ffad3000000 - 0x00007ffad300c000 	C:\Windows\SYSTEM32\CRYPTBASE.dll
0x00007ffad2b20000 - 0x00007ffad2b5d000 	C:\Windows\SYSTEM32\IPHLPAPI.DLL
0x00007ffad5bc0000 - 0x00007ffad5bc8000 	C:\Windows\System32\NSI.dll
0x00007ffa9d8f0000 - 0x00007ffa9d939000 	C:\Users\user\AppData\Local\Temp\jna-3599307\jna6293111947585319245.dll
0x00007ffacd050000 - 0x00007ffacd066000 	C:\Windows\SYSTEM32\dhcpcsvc6.DLL
0x00007ffaccfc0000 - 0x00007ffaccfdc000 	C:\Windows\SYSTEM32\dhcpcsvc.DLL
0x00007ffacd010000 - 0x00007ffacd01e000 	C:\Users\user\.vscode\extensions\redhat.java-1.43.1-win32-x64\jre\21.0.7-win32-x86_64\bin\sunmscapi.dll
0x00007ffad3100000 - 0x00007ffad312c000 	C:\Windows\SYSTEM32\ncrypt.dll
0x00007ffad30c0000 - 0x00007ffad30fc000 	C:\Windows\SYSTEM32\NTASN1.dll
0x00007ffad2b70000 - 0x00007ffad2c36000 	C:\Windows\SYSTEM32\DNSAPI.dll
0x00007ffaca560000 - 0x00007ffaca56a000 	C:\Windows\System32\rasadhlp.dll
0x00007ffac6fb0000 - 0x00007ffac7029000 	C:\Windows\System32\fwpuclnt.dll
0x00007ffacd000000 - 0x00007ffacd009000 	C:\Users\user\.vscode\extensions\redhat.java-1.43.1-win32-x64\jre\21.0.7-win32-x86_64\bin\extnet.dll
0x00007ffad29e0000 - 0x00007ffad2a11000 	C:\Windows\SYSTEM32\ntmarta.dll

dbghelp: loaded successfully - version: 4.0.5 - missing functions: none
symbol engine: initialized successfully - sym options: 0x614 - pdb path: .;c:\Users\user\.vscode\extensions\redhat.java-1.43.1-win32-x64\jre\21.0.7-win32-x86_64\bin;C:\Windows\SYSTEM32;C:\Windows\WinSxS\amd64_microsoft.windows.common-controls_6595b64144ccf1df_6.0.17763.7434_none_de70930c534be02a;c:\Users\user\.vscode\extensions\redhat.java-1.43.1-win32-x64\jre\21.0.7-win32-x86_64\bin\server;C:\Users\user\AppData\Roaming\Code\User\globalStorage\redhat.java\1.43.1\config_win\org.eclipse.equinox.launcher\org.eclipse.equinox.launcher.win32.win32.x86_64_1.2.1300.v20250331-1702;C:\Users\user\AppData\Local\Temp\jna-3599307

VM Arguments:
jvm_args: --add-modules=ALL-SYSTEM --add-opens=java.base/java.util=ALL-UNNAMED --add-opens=java.base/java.lang=ALL-UNNAMED --add-opens=java.base/sun.nio.fs=ALL-UNNAMED -Declipse.application=org.eclipse.jdt.ls.core.id1 -Dosgi.bundles.defaultStartLevel=4 -Declipse.product=org.eclipse.jdt.ls.core.product -Djava.import.generatesMetadataFilesAtProjectRoot=true -DDetectVMInstallationsJob.disabled=true -Dfile.encoding=utf8 -XX:+UseParallelGC -XX:GCTimeRatio=4 -XX:AdaptiveSizePolicyWeight=90 -Dsun.zip.disableMemoryMapping=true -Xmx2G -Xms100m -Xlog:disable -javaagent:c:\Users\user\.vscode\extensions\redhat.java-1.43.1-win32-x64\lombok\lombok-1.18.39-4050.jar -XX:+HeapDumpOnOutOfMemoryError -XX:HeapDumpPath=c:\Users\user\AppData\Roaming\Code\User\workspaceStorage\f601d289a7636e24eb0dfe17bcea24fd\redhat.java -Daether.dependencyCollector.impl=bf 
java_command: c:\Users\user\.vscode\extensions\redhat.java-1.43.1-win32-x64\server\plugins\org.eclipse.equinox.launcher_1.7.0.v20250519-0528.jar -configuration c:\Users\user\AppData\Roaming\Code\User\globalStorage\redhat.java\1.43.1\config_win -data c:\Users\user\AppData\Roaming\Code\User\workspaceStorage\f601d289a7636e24eb0dfe17bcea24fd\redhat.java\jdt_ws --pipe=\\.\pipe\lsp-d8c2b0e81285de7490144af139abbf2a-sock
java_class_path (initial): c:\Users\user\.vscode\extensions\redhat.java-1.43.1-win32-x64\server\plugins\org.eclipse.equinox.launcher_1.7.0.v20250519-0528.jar
Launcher Type: SUN_STANDARD

[Global flags]
    uintx AdaptiveSizePolicyWeight                 = 90                                        {product} {command line}
     intx CICompilerCount                          = 4                                         {product} {ergonomic}
    uintx GCTimeRatio                              = 4                                         {product} {command line}
     bool HeapDumpOnOutOfMemoryError               = true                                   {manageable} {command line}
    ccstr HeapDumpPath                             = c:\Users\user\AppData\Roaming\Code\User\workspaceStorage\f601d289a7636e24eb0dfe17bcea24fd\redhat.java         {manageable} {command line}
   size_t InitialHeapSize                          = 104857600                                 {product} {command line}
   size_t MaxHeapSize                              = 2147483648                                {product} {command line}
   size_t MaxNewSize                               = 715653120                                 {product} {ergonomic}
   size_t MinHeapDeltaBytes                        = 524288                                    {product} {ergonomic}
   size_t MinHeapSize                              = 104857600                                 {product} {command line}
   size_t NewSize                                  = 34603008                                  {product} {ergonomic}
    uintx NonNMethodCodeHeapSize                   = 5839372                                {pd product} {ergonomic}
    uintx NonProfiledCodeHeapSize                  = 122909434                              {pd product} {ergonomic}
   size_t OldSize                                  = 70254592                                  {product} {ergonomic}
    uintx ProfiledCodeHeapSize                     = 122909434                              {pd product} {ergonomic}
    uintx ReservedCodeCacheSize                    = 251658240                              {pd product} {ergonomic}
     bool SegmentedCodeCache                       = true                                      {product} {ergonomic}
   size_t SoftMaxHeapSize                          = 2147483648                             {manageable} {ergonomic}
     bool UseCompressedOops                        = true                           {product lp64_product} {ergonomic}
     bool UseLargePagesIndividualAllocation        = false                                  {pd product} {ergonomic}
     bool UseParallelGC                            = true                                      {product} {command line}

Logging:
Log output configuration:
 #0: stdout all=off uptime,level,tags foldmultilines=false
 #1: stderr all=off uptime,level,tags foldmultilines=false

Environment Variables:
JAVA_HOME=C:\Program Files\Java\jdk-21
PATH=C:\Program Files\Common Files\Oracle\Java\javapath;C:\Program Files\FFmpeg\bin;C:\Users\user\AppData\Local\Programs\Python\Python312\Scripts\;C:\Users\user\AppData\Local\Programs\Python\Python312\;C:\Windows\system32;C:\Windows;C:\Windows\System32\Wbem;C:\Windows\System32\WindowsPowerShell\v1.0\;C:\Windows\System32\OpenSSH\;C:\Program Files\Git\cmd;C:\Users\user\.m2\apache-maven-3.9.6\bin;C:\Program Files\nodejs\;C:\ProgramData\chocolatey\bin;C:\Program Files\dotnet\;C:\Users\user\.dotnet\tools;C:\Users\user\.dotnet\tools\wix3;C:\Program Files\Eclipse Adoptium\jdk-21.0.2.13-hotspot\bin\server;C:\Users\user\AppData\Local\Programs\Python\Launcher\;C:\Users\user\AppData\Local\Microsoft\WindowsApps;C:\msys64\ucrt64\bin;C:\Users\user\AppData\Local\Programs\Microsoft VS Code\bin;C:\Users\user\AppData\Roaming\npm;C:\Users\user\AppData\Roaming\Programs\Zero Install;C:\Users\user\AppData\Local\GitHubDesktop\bin;C:\Program Files\Java\jdk-21\bin;C:\Program Files (x86)\Gpg4win\..\GnuPG\bin;C:\Program Files (x86)\Launch4j;C:\Program Files (x86)\Inno Setup 6;C:\Program Files\CMake\bin;C:\Program Files\VideoLAN\VLC;C:\Users\user\AppData\Local\Programs\Microsoft VS Code Insiders\bin
USERNAME=user
OS=Windows_NT
PROCESSOR_IDENTIFIER=AMD64 Family 23 Model 24 Stepping 1, AuthenticAMD
TMP=C:\Users\user\AppData\Local\Temp
TEMP=C:\Users\user\AppData\Local\Temp




Periodic native trim disabled

---------------  S Y S T E M  ---------------

OS:
 Windows 10 , 64 bit Build 17763 (10.0.17763.7009)
OS uptime: 0 days 5:53 hours

CPU: total 8 (initial active 8) (8 cores per cpu, 2 threads per core) family 23 model 24 stepping 1 microcode 0x0, cx8, cmov, fxsr, ht, mmx, 3dnowpref, sse, sse2, sse3, ssse3, sse4a, sse4.1, sse4.2, popcnt, lzcnt, tsc, tscinvbit, avx, avx2, aes, clmul, bmi1, bmi2, adx, sha, fma, vzeroupper, clflush, clflushopt, rdtscp, f16c
Processor Information for the first 8 processors :
  Max Mhz: 2100, Current Mhz: 2100, Mhz Limit: 2100

Memory: 4k page, system-wide physical 30597M (22601M free)
TotalPageFile size 45445M (AvailPageFile size 35192M)
current process WorkingSet (physical memory assigned to process): 1923M, peak: 1945M
current process commit charge ("private bytes"): 1836M, peak: 1854M

vm_info: OpenJDK 64-Bit Server VM (21.0.7+6-LTS) for windows-amd64 JRE (21.0.7+6-LTS), built on 2025-04-15T00:00:00Z by "admin" with MS VC++ 17.7 (VS2022)

END.
